{
  "stats": {
    "suites": 15,
    "tests": 34,
    "passes": 30,
    "pending": 0,
    "failures": 4,
    "testsRegistered": 34,
    "passPercent": 88.23529411764706,
    "pendingPercent": 0,
    "other": 0,
    "hasOther": false,
    "skipped": 0,
    "hasSkipped": false,
    "start": "2023-04-10T06:49:40.732Z",
    "end": "2023-04-10T06:54:13.678Z",
    "duration": 272946
  },
  "results": [
    {
      "uuid": "310350b5-e04b-4637-b9b1-8eaefefc0696",
      "title": "",
      "fullFile": "cypress/e2e/Registration.cy.js",
      "file": "cypress/e2e/Registration.cy.js",
      "beforeHooks": [],
      "afterHooks": [],
      "tests": [],
      "suites": [
        {
          "uuid": "7b144955-26a6-483f-89e4-b41c43752cae",
          "title": "Verify the registration form by testing it with valid, invalid, and empty inputs",
          "fullFile": "",
          "file": "",
          "beforeHooks": [],
          "afterHooks": [],
          "tests": [
            {
              "title": "Registration form with valid input",
              "fullTitle": "Verify the registration form by testing it with valid, invalid, and empty inputs Registration form with valid input",
              "timedOut": null,
              "duration": 10147,
              "state": "passed",
              "speed": "slow",
              "pass": true,
              "fail": false,
              "pending": false,
              "context": null,
              "code": "const registration = new _RegistrationFields.RegistrationFields();\nregistration.enterFirstname(this.data.firstName);\nregistration.enterLastname(this.data.lastName);\nregistration.enterEmailID(this.data.emailID);\nregistration.enterPhone(this.data.phone);\nregistration.selectGender();\ncy.get('input[type=\"checkbox\"]').click({\n  multiple: true\n});\ncy.get(\"#msdd\").click();\ncy.get('a[class=\"ui-corner-all\"]').each(function ($ele, index, $list) {\n  if ($ele.text() == 'English') {\n    cy.wrap($ele).click({\n      force: true\n    });\n  } else {\n    cy.log($ele.text());\n  }\n});\ncy.get('#section > .container > .row').click();\nregistration.selectSkills(this.data.skill);\nregistration.selectCountry(this.data.country);\nregistration.enterfirstPassword(this.data.firstPassword);\nregistration.entersecondPassword(this.data.secondPassword);\nregistration.clickSubmit();\ncy.get('#countries:invalid').invoke('prop', 'validationMessage').should('equal', 'Please select an item in the list.');\n//if it would have passed\n//cy.get('h2').should('have.value','Registartion success')",
              "err": {},
              "uuid": "bf9cc6b3-a637-468f-94d1-dd74a095601a",
              "parentUUID": "7b144955-26a6-483f-89e4-b41c43752cae",
              "isHook": false,
              "skipped": false
            }
          ],
          "suites": [],
          "passes": [
            "bf9cc6b3-a637-468f-94d1-dd74a095601a"
          ],
          "failures": [],
          "pending": [],
          "skipped": [],
          "duration": 10147,
          "root": false,
          "rootEmpty": false,
          "_timeout": 2000
        }
      ],
      "passes": [],
      "failures": [],
      "pending": [],
      "skipped": [],
      "duration": 0,
      "root": true,
      "rootEmpty": true,
      "_timeout": 2000
    },
    {
      "uuid": "a9899ba9-912c-4738-b3e6-c6272aabf23b",
      "title": "",
      "fullFile": "cypress/e2e/WYSIWYG.cy.js",
      "file": "cypress/e2e/WYSIWYG.cy.js",
      "beforeHooks": [],
      "afterHooks": [],
      "tests": [],
      "suites": [
        {
          "uuid": "51403847-dd96-41d9-bee6-99a0e28964f9",
          "title": "Verify the format options, image and table properties in the CKEditor under the WYSIWYG menu",
          "fullFile": "",
          "file": "",
          "beforeHooks": [],
          "afterHooks": [],
          "tests": [
            {
              "title": "Verify the format option in CKEditor",
              "fullTitle": "Verify the format options, image and table properties in the CKEditor under the WYSIWYG menu Verify the format option in CKEditor",
              "timedOut": null,
              "duration": 2777,
              "state": "passed",
              "speed": "fast",
              "pass": true,
              "fail": false,
              "pending": false,
              "context": null,
              "code": "cy.frameLoaded('.cke_wysiwyg_frame').should('be.visible');\ncy.iframe('.cke_wysiwyg_frame').clear().type('Cypress Testing {selectAll}');\ncy.get('#cke_35').click(); //bold\ncy.get('#cke_36').click(); //italic\ncy.get('#cke_13').click(); //copy(not permitted)    \n//assertion\ncy.iframe('.cke_wysiwyg_frame').should('contain.text', 'Cypress Testing').and('contain.html', 'strong');",
              "err": {},
              "uuid": "85325d4b-2067-42fc-a3a1-7aedc6db6a11",
              "parentUUID": "51403847-dd96-41d9-bee6-99a0e28964f9",
              "isHook": false,
              "skipped": false
            },
            {
              "title": "Verify the image option in CKEditor",
              "fullTitle": "Verify the format options, image and table properties in the CKEditor under the WYSIWYG menu Verify the image option in CKEditor",
              "timedOut": null,
              "duration": 1876,
              "state": "passed",
              "speed": "fast",
              "pass": true,
              "fail": false,
              "pending": false,
              "context": null,
              "code": "cy.frameLoaded('.cke_wysiwyg_frame').should('be.visible');\ncy.iframe('.cke_wysiwyg_frame').clear();\ncy.get('#cke_26').click(); //adding image\n//capturing the opened window\ncy.window().then(win => {\n  cy.stub(win, 'open').as('WinOpen');\n});\n//adding the url for the image\ncy.get('#cke_76_textInput').type('https://www.cypress.io/cypress_logo_social.png');\ncy.get('#cke_134_label').click();\n//verifying correct image is loadeed\ncy.get('.cke_wysiwyg_frame').then($editor => {\n  const $editorData = $editor.contents().find('body > p');\n  cy.wrap($editorData).find('img').should('have.attr', 'src').and('include', 'cypress_logo_social');\n});",
              "err": {},
              "uuid": "be587e6f-afca-41ce-88c5-8c62eb01662c",
              "parentUUID": "51403847-dd96-41d9-bee6-99a0e28964f9",
              "isHook": false,
              "skipped": false
            },
            {
              "title": "Verify the table properties in CKEditor",
              "fullTitle": "Verify the format options, image and table properties in the CKEditor under the WYSIWYG menu Verify the table properties in CKEditor",
              "timedOut": null,
              "duration": 1900,
              "state": "passed",
              "speed": "fast",
              "pass": true,
              "fail": false,
              "pending": false,
              "context": null,
              "code": "cy.frameLoaded('.cke_wysiwyg_frame').should('be.visible');\ncy.iframe('.cke_wysiwyg_frame').clear();\ncy.get('#cke_27').click(); //adding table\n//capturing the opened window\ncy.window().then(win => {\n  cy.stub(win, 'open').as('WinOpen');\n});\n//setting properties for the table\ncy.get('#cke_71_textInput').clear().type('3');\ncy.get('#cke_74_textInput').clear().type('2');\ncy.get('#cke_78_select').select('row');\ncy.get('#cke_84_select').select('center');\ncy.get('#cke_118_label').click();\n//verifying table is added\ncy.get('.cke_wysiwyg_frame').then($editor => {\n  const $editorData = $editor.contents().find('body > table');\n  cy.wrap($editorData).should('contain.html', 'thead');\n});",
              "err": {},
              "uuid": "acbf9109-286d-4840-8100-50cee2acf00a",
              "parentUUID": "51403847-dd96-41d9-bee6-99a0e28964f9",
              "isHook": false,
              "skipped": false
            }
          ],
          "suites": [],
          "passes": [
            "85325d4b-2067-42fc-a3a1-7aedc6db6a11",
            "be587e6f-afca-41ce-88c5-8c62eb01662c",
            "acbf9109-286d-4840-8100-50cee2acf00a"
          ],
          "failures": [],
          "pending": [],
          "skipped": [],
          "duration": 6553,
          "root": false,
          "rootEmpty": false,
          "_timeout": 2000
        }
      ],
      "passes": [],
      "failures": [],
      "pending": [],
      "skipped": [],
      "duration": 0,
      "root": true,
      "rootEmpty": true,
      "_timeout": 2000
    },
    {
      "uuid": "799a6d01-ee85-4ef8-be29-d0c861d2c891",
      "title": "",
      "fullFile": "cypress/e2e/alerts.cy.js",
      "file": "cypress/e2e/alerts.cy.js",
      "beforeHooks": [],
      "afterHooks": [],
      "tests": [],
      "suites": [
        {
          "uuid": "739b40c8-2232-4990-90c5-7736d2c71c61",
          "title": "Access the alerts and verify the functionality of the three alert options provided",
          "fullFile": "",
          "file": "",
          "beforeHooks": [],
          "afterHooks": [],
          "tests": [
            {
              "title": "Verify Alert with OK",
              "fullTitle": "Access the alerts and verify the functionality of the three alert options provided Verify Alert with OK",
              "timedOut": null,
              "duration": 4461,
              "state": "passed",
              "speed": "fast",
              "pass": true,
              "fail": false,
              "pending": false,
              "context": null,
              "code": "cy.contains('Alert with OK').click();\ncy.get('#OKTab > .btn').click();\n//validating alert message    \ncy.on('window:alert', alertText => {\n  expect(alertText).to.contains('I am an alert box!');\n});\n//verifying if cursor can click another element on webpage\ncy.get(\"[href='#CancelTab']\").click();",
              "err": {},
              "uuid": "5aaf8f32-722c-48b9-940c-6775ab3a6e1b",
              "parentUUID": "739b40c8-2232-4990-90c5-7736d2c71c61",
              "isHook": false,
              "skipped": false
            },
            {
              "title": "Verify Confirm box",
              "fullTitle": "Access the alerts and verify the functionality of the three alert options provided Verify Confirm box",
              "timedOut": null,
              "duration": 1455,
              "state": "passed",
              "speed": "fast",
              "pass": true,
              "fail": false,
              "pending": false,
              "context": null,
              "code": "cy.get(\"[href='#CancelTab']\").click();\ncy.get('.btn-primary').click();\n//validating confirm text\ncy.on('window:confirm', confirmText => {\n  //assertions\n  expect(confirmText).to.contains('Press a Button !');\n  return true;\n});\ncy.get('#demo').contains('You pressed Ok');\n//verifying if cursor can click another element on webpage\ncy.get(\"[href='#Textbox']\").click();",
              "err": {},
              "uuid": "17717fce-2575-4e90-bf7b-a7643a500bc5",
              "parentUUID": "739b40c8-2232-4990-90c5-7736d2c71c61",
              "isHook": false,
              "skipped": false
            },
            {
              "title": "Verify prompt box",
              "fullTitle": "Access the alerts and verify the functionality of the three alert options provided Verify prompt box",
              "timedOut": null,
              "duration": 8523,
              "state": "failed",
              "speed": null,
              "pass": false,
              "fail": true,
              "pending": false,
              "context": null,
              "code": "cy.get(\"[href='#Textbox']\").click();\ncy.get('.btn-info').click();\n//validating prompt text and entering data\ncy.window().then(function (promptWin) {\n  cy.stub(promptWin, 'prompt').returns('Mr.Bean');\n  cy.contains('Please enter your name').click();\n});\n// cy.window().then(function (win) {\n//     cy.stub(win, 'prompt').returns('Mr.Bean')\n//     cy.get('#demo').then(($demo) => {\n//         const oldAlert = win.alert\n//         win.alert = function (msg) {\n//             $demo.text(msg)\n//             oldAlert.call(win, msg)\n//         }\n//         cy.get('#prompt-demo').click()\n//     })\n// })\ncy.get('#demo1').contains('Hello Mr.Bean How are you today ');",
              "err": {
                "message": "AssertionError: Timed out retrying after 4000ms: Expected to find content: 'Please enter your name' but never did.",
                "estack": "AssertionError: Timed out retrying after 4000ms: Expected to find content: 'Please enter your name' but never did.\n    at Context.eval (webpack:///./cypress/e2e/alerts.cy.js:51:15)",
                "diff": null
              },
              "uuid": "723872ce-d0dc-4654-a3c3-5e398f981189",
              "parentUUID": "739b40c8-2232-4990-90c5-7736d2c71c61",
              "isHook": false,
              "skipped": false
            }
          ],
          "suites": [],
          "passes": [
            "5aaf8f32-722c-48b9-940c-6775ab3a6e1b",
            "17717fce-2575-4e90-bf7b-a7643a500bc5"
          ],
          "failures": [
            "723872ce-d0dc-4654-a3c3-5e398f981189"
          ],
          "pending": [],
          "skipped": [],
          "duration": 14439,
          "root": false,
          "rootEmpty": false,
          "_timeout": 2000
        }
      ],
      "passes": [],
      "failures": [],
      "pending": [],
      "skipped": [],
      "duration": 0,
      "root": true,
      "rootEmpty": true,
      "_timeout": 2000
    },
    {
      "uuid": "aafcced7-e0b1-4d60-b420-a23a27312a64",
      "title": "",
      "fullFile": "cypress/e2e/dragNdrop.cy.js",
      "file": "cypress/e2e/dragNdrop.cy.js",
      "beforeHooks": [],
      "afterHooks": [],
      "tests": [],
      "suites": [
        {
          "uuid": "1dc0d2db-fe13-46f8-bda6-addf5de1c852",
          "title": "Verify the functionality of both static and dynamic drag and drop options",
          "fullFile": "",
          "file": "",
          "beforeHooks": [],
          "afterHooks": [],
          "tests": [
            {
              "title": "Verify static drag & drop",
              "fullTitle": "Verify the functionality of both static and dynamic drag and drop options Verify static drag & drop",
              "timedOut": null,
              "duration": 2309,
              "state": "passed",
              "speed": "fast",
              "pass": true,
              "fail": false,
              "pending": false,
              "context": null,
              "code": "cy.visit('https://demo.automationtesting.in/Static.html');\n//drag the first logo in the field\ncy.get('#angular').trigger('dragstart', {\n  dataTransfer\n});\ncy.get('#droparea').trigger('drop', {\n  dataTransfer\n});\ncy.get('.dragged > #angular').should('have.attr', 'id', 'angular');\n//dragging the second logo\ncy.get('#mongo').trigger('dragstart', {\n  dataTransfer\n});\ncy.get('#droparea').trigger('drop', {\n  dataTransfer\n});\ncy.get('.dragged > #mongo').should('have.attr', 'id', 'mongo');\n//dragging the second logo\ncy.get('#node').trigger('dragstart', {\n  dataTransfer\n});\ncy.get('#droparea').trigger('drop', {\n  dataTransfer\n});\n// cy.get('#node').drag('#droparea')\ncy.get('.dragged > #node').should('have.attr', 'id', 'node');",
              "err": {},
              "uuid": "a8831a1f-1ce4-4b4a-936e-989e0e8a43a4",
              "parentUUID": "1dc0d2db-fe13-46f8-bda6-addf5de1c852",
              "isHook": false,
              "skipped": false
            },
            {
              "title": "Verify dynamic drag & drop",
              "fullTitle": "Verify the functionality of both static and dynamic drag and drop options Verify dynamic drag & drop",
              "timedOut": null,
              "duration": 1089,
              "state": "passed",
              "speed": "fast",
              "pass": true,
              "fail": false,
              "pending": false,
              "context": null,
              "code": "cy.visit('https://demo.automationtesting.in/Dynamic.html');\n//drag the first logo in the field\ncy.get('#angular').drag('#droparea').then(success => {\n  assert.isTrue(success);\n});\ncy.get('.dragged > #angular').should('have.attr', 'id', 'angular');\n//dragging the second logo\ncy.get('#mongo').trigger('dragstart', {\n  dataTransfer\n});\ncy.get('#droparea').trigger('drop', {\n  dataTransfer\n});\ncy.get('.dragged > #mongo').should('have.attr', 'id', 'mongo');\n//dragging the third logo\ncy.get('#node').trigger('dragstart', {\n  dataTransfer\n});\ncy.get('#droparea').trigger('drop', {\n  dataTransfer\n});\n// cy.get('#node').drag('#droparea')\ncy.get('.dragged > #node').should('have.attr', 'id', 'node');",
              "err": {},
              "uuid": "5f94f164-d2f8-4154-b828-1318a2847acf",
              "parentUUID": "1dc0d2db-fe13-46f8-bda6-addf5de1c852",
              "isHook": false,
              "skipped": false
            }
          ],
          "suites": [],
          "passes": [
            "a8831a1f-1ce4-4b4a-936e-989e0e8a43a4",
            "5f94f164-d2f8-4154-b828-1318a2847acf"
          ],
          "failures": [],
          "pending": [],
          "skipped": [],
          "duration": 3398,
          "root": false,
          "rootEmpty": false,
          "_timeout": 2000
        }
      ],
      "passes": [],
      "failures": [],
      "pending": [],
      "skipped": [],
      "duration": 0,
      "root": true,
      "rootEmpty": true,
      "_timeout": 2000
    },
    {
      "uuid": "edb95490-57b3-473a-a984-0f737d56f343",
      "title": "",
      "fullFile": "cypress/e2e/dynamicData.cy.js",
      "file": "cypress/e2e/dynamicData.cy.js",
      "beforeHooks": [],
      "afterHooks": [],
      "tests": [],
      "suites": [
        {
          "uuid": "a6b35a9b-937f-4981-b455-1d363318f85e",
          "title": "verify the dynamic data functionality for at least three instances",
          "fullFile": "",
          "file": "",
          "beforeHooks": [],
          "afterHooks": [],
          "tests": [
            {
              "title": "Verify the dynamic data",
              "fullTitle": "verify the dynamic data functionality for at least three instances Verify the dynamic data",
              "timedOut": null,
              "duration": 7961,
              "state": "passed",
              "speed": "medium",
              "pass": true,
              "fail": false,
              "pending": false,
              "context": null,
              "code": "cy.visit('https://demo.automationtesting.in/DynamicData.html');\n// cy.get('#save').click()\ncy.intercept({\n  method: 'GET',\n  url: ' https://api.randomuser.me/?nat=us'\n}).as('randomData');\n//looping for 3 random user clicks\nfor (let i = 0; i < 3; i++) {\n  cy.get('#save').click();\n  cy.wait('@randomData').its('response.statusCode').should('eq', 200);\n  cy.get('#loading > img').should('have.attr', 'src').and('include', 'https://randomuser.me/api/portraits/');\n}",
              "err": {},
              "uuid": "5c4f512b-7504-47fb-b052-b8bf66d89255",
              "parentUUID": "a6b35a9b-937f-4981-b455-1d363318f85e",
              "isHook": false,
              "skipped": false
            }
          ],
          "suites": [],
          "passes": [
            "5c4f512b-7504-47fb-b052-b8bf66d89255"
          ],
          "failures": [],
          "pending": [],
          "skipped": [],
          "duration": 7961,
          "root": false,
          "rootEmpty": false,
          "_timeout": 2000
        }
      ],
      "passes": [],
      "failures": [],
      "pending": [],
      "skipped": [],
      "duration": 0,
      "root": true,
      "rootEmpty": true,
      "_timeout": 2000
    },
    {
      "uuid": "b2fcde3c-3051-4964-af79-02f6ddafdb1e",
      "title": "",
      "fullFile": "cypress/e2e/iframes.cy.js",
      "file": "cypress/e2e/iframes.cy.js",
      "beforeHooks": [],
      "afterHooks": [],
      "tests": [],
      "suites": [
        {
          "uuid": "b185e45a-a202-463a-80f1-9c9c536ca9c8",
          "title": "Access the frames and verify the functionality of both single and nested iframes",
          "fullFile": "",
          "file": "",
          "beforeHooks": [],
          "afterHooks": [],
          "tests": [
            {
              "title": "Verify Single frame",
              "fullTitle": "Access the frames and verify the functionality of both single and nested iframes Verify Single frame",
              "timedOut": null,
              "duration": 2287,
              "state": "passed",
              "speed": "fast",
              "pass": true,
              "fail": false,
              "pending": false,
              "context": null,
              "code": "cy.get(\"[href='#Single']\").click().should('be.visible');\n//accessing frame & its element\ncy.get('#singleframe').should('be.visible').then($iframe => {\n  const $body = $iframe.contents().find('body');\n  cy.wrap($body).find(`input[type='text']`).should('be.visible').type('Cypress{enter}');\n  cy.wrap($body).click();\n});",
              "err": {},
              "uuid": "c3993afb-f0be-4b14-8398-3b10783ab3e9",
              "parentUUID": "b185e45a-a202-463a-80f1-9c9c536ca9c8",
              "isHook": false,
              "skipped": false
            },
            {
              "title": "Verify Nested frame",
              "fullTitle": "Access the frames and verify the functionality of both single and nested iframes Verify Nested frame",
              "timedOut": null,
              "duration": 1131,
              "state": "passed",
              "speed": "fast",
              "pass": true,
              "fail": false,
              "pending": false,
              "context": null,
              "code": "cy.get(\"[href='#Multiple']\").click().should('be.visible');\n//accessing the first iframe\ncy.get('#Multiple > iframe').then($firstIframe => {\n  const $secondIframeReference = $firstIframe.contents().find('body > section > div > div > iframe');\n  // Saving this as a reference for further use\n  cy.wrap($secondIframeReference).as('secondIframeReference');\n  //accessing the second iframe\n  cy.get('@secondIframeReference').then($secondIframe => {\n    const $elementYouWant = $secondIframe.contents().find('body');\n    cy.wrap($elementYouWant).find(`input[type='text']`).type(\"Cypress2\");\n    cy.wrap($elementYouWant).click();\n  });\n});",
              "err": {},
              "uuid": "81a062b4-292c-4187-a880-fdad17167c19",
              "parentUUID": "b185e45a-a202-463a-80f1-9c9c536ca9c8",
              "isHook": false,
              "skipped": false
            }
          ],
          "suites": [],
          "passes": [
            "c3993afb-f0be-4b14-8398-3b10783ab3e9",
            "81a062b4-292c-4187-a880-fdad17167c19"
          ],
          "failures": [],
          "pending": [],
          "skipped": [],
          "duration": 3418,
          "root": false,
          "rootEmpty": false,
          "_timeout": 2000
        }
      ],
      "passes": [],
      "failures": [],
      "pending": [],
      "skipped": [],
      "duration": 0,
      "root": true,
      "rootEmpty": true,
      "_timeout": 2000
    },
    {
      "uuid": "3708054d-c009-4c74-951d-087d4d245e74",
      "title": "",
      "fullFile": "cypress/e2e/modal.cy.js",
      "file": "cypress/e2e/modal.cy.js",
      "beforeHooks": [],
      "afterHooks": [],
      "tests": [],
      "suites": [
        {
          "uuid": "fb6c840d-081f-4327-b503-4a1ac4b5e042",
          "title": "Verify the functionality of Multiple modals",
          "fullFile": "",
          "file": "",
          "beforeHooks": [],
          "afterHooks": [],
          "tests": [
            {
              "title": "Verify the functionality of Bootstrap modal",
              "fullTitle": "Verify the functionality of Multiple modals Verify the functionality of Bootstrap modal",
              "timedOut": null,
              "duration": 3105,
              "state": "passed",
              "speed": "fast",
              "pass": true,
              "fail": false,
              "pending": false,
              "context": null,
              "code": "cy.get('[href=\"#myModal\"]').click();\ncy.get('#myModal > .modal-dialog').should('be.visible');\ncy.get('#myModal > .modal-dialog > .modal-content > .modal-header > .close').should('be.enabled');\ncy.get('#myModal > .modal-dialog > .modal-content > .modal-header > .modal-title').should('be.visible').and('contain.text', 'title');\ncy.get('#myModal > .modal-dialog > .modal-content > .modal-body').should('not.be.empty');\ncy.get('#myModal > .modal-dialog > .modal-content > .modal-body > .btn').should('be.enabled');\ncy.get('.modal-footer > .btn-default').should('be.enabled');\ncy.get('#myModal > .modal-dialog > .modal-content > .modal-footer > .btn-primary').click();",
              "err": {},
              "uuid": "00178e42-a91f-4415-8fed-92161217df05",
              "parentUUID": "fb6c840d-081f-4327-b503-4a1ac4b5e042",
              "isHook": false,
              "skipped": false
            },
            {
              "title": "Verify the functionality of the multiple modal",
              "fullTitle": "Verify the functionality of Multiple modals Verify the functionality of the multiple modal",
              "timedOut": null,
              "duration": 2929,
              "state": "passed",
              "speed": "fast",
              "pass": true,
              "fail": false,
              "pending": false,
              "context": null,
              "code": "cy.get('[href=\"#myModalMulti\"]').click();\ncy.get('#myModalMulti > .modal-dialog').should('be.visible');\ncy.get('#myModalMulti > .modal-dialog > .modal-content > .modal-header').should('be.visible').and('contain.text', 'First Modal');\ncy.get('#myModalMulti > .modal-dialog > .modal-content > .modal-header > .close').should('be.enabled');\ncy.get('#myModalMulti > .modal-dialog > .modal-content > .modal-body > .btn').should('be.visible');\ncy.get('#myModalMulti > .modal-dialog > .modal-content > .modal-footer > [data-dismiss=\"modal\"]').should('be.visible');\ncy.get('#myModalMulti > .modal-dialog > .modal-content > .modal-footer > .btn-primary').should('be.visible');\n//verifying inside the first modal\ncy.get('#myModalMulti > .modal-dialog > .modal-content > .modal-body > .btn').click().then(() => {\n  cy.get('#myModal2 > .modal-dialog > .modal-content > .modal-header > .modal-title').should('be.visible').and('contain.text', 'Modal 2');\n  cy.get('#myModal2 > .modal-dialog > .modal-content > .modal-header > .close').should('be.visible');\n  cy.get('#myModal2 > .modal-dialog > .modal-content > .modal-body').should('be.visible');\n  //checking the second modal close button functionality\n  cy.get('#myModal2 > .modal-dialog > .modal-content > .modal-footer > [data-dismiss=\"modal\"]').should('be.visible').click();\n  cy.get('#myModalMulti > .modal-dialog > .modal-content > .modal-footer > .btn-primary').should('be.visible');\n  //checking the second modal save functionality\n  cy.get('#myModalMulti > .modal-dialog > .modal-content > .modal-footer > [data-dismiss=\"modal\"]').click();\n  cy.get('[href=\"#myModalMulti\"]').click();\n  cy.get('#myModalMulti > .modal-dialog > .modal-content > .modal-body > .btn').click().then(() => {\n    cy.get('#myModal2 > .modal-dialog > .modal-content > .modal-header > .modal-title').should('be.visible').and('contain.text', 'Modal 2');\n    cy.get('#myModal2 > .modal-dialog > .modal-content > .modal-footer > .btn-primary').click().then(() => {\n      cy.get('#myModalMulti > .modal-dialog > .modal-content > .modal-footer > .btn-primary').should('not.be.visible');\n    });\n  });\n});",
              "err": {},
              "uuid": "8ac685db-b192-4b2a-bb8e-d285530efcb1",
              "parentUUID": "fb6c840d-081f-4327-b503-4a1ac4b5e042",
              "isHook": false,
              "skipped": false
            }
          ],
          "suites": [],
          "passes": [
            "00178e42-a91f-4415-8fed-92161217df05",
            "8ac685db-b192-4b2a-bb8e-d285530efcb1"
          ],
          "failures": [],
          "pending": [],
          "skipped": [],
          "duration": 6034,
          "root": false,
          "rootEmpty": false,
          "_timeout": 2000
        }
      ],
      "passes": [],
      "failures": [],
      "pending": [],
      "skipped": [],
      "duration": 0,
      "root": true,
      "rootEmpty": true,
      "_timeout": 2000
    },
    {
      "uuid": "7dcdbfd4-d353-4baf-b5cb-11b43fd069ca",
      "title": "",
      "fullFile": "cypress/e2e/moreBarFunctionality.cy.js",
      "file": "cypress/e2e/moreBarFunctionality.cy.js",
      "beforeHooks": [],
      "afterHooks": [],
      "tests": [],
      "suites": [
        {
          "uuid": "28c18240-c553-4367-b1bb-eb2d98a69cc5",
          "title": "Verify the functionality of the JqueryProgressBar, Loader, and Progress bar",
          "fullFile": "",
          "file": "",
          "beforeHooks": [],
          "afterHooks": [],
          "tests": [
            {
              "title": "Verify the functionality of the JqueryProgressBar",
              "fullTitle": "Verify the functionality of the JqueryProgressBar, Loader, and Progress bar Verify the functionality of the JqueryProgressBar",
              "timedOut": null,
              "duration": 12086,
              "state": "passed",
              "speed": "slow",
              "pass": true,
              "fail": false,
              "pending": false,
              "context": null,
              "code": "cy.visit('https://demo.automationtesting.in/JqueryProgressBar.html');\ncy.get('#downloadButton').click();\n//canceling\ncy.get('.ui-progressbar-overlay').should('be.visible');\ncy.get('.progress-label').should('contain.text', 'Current Progress');\ncy.get('.ui-dialog-buttonset > button').should('contain.text', 'Cancel').click();\ncy.get('#downloadButton').should('be.enabled');\n//aftercompleting\ncy.get('#downloadButton').click().then(() => {\n  cy.get('#progressbar', {\n    timeout: 10000\n  }).should($progressBar => {\n    expect($progressBar).to.have.attr('aria-valuenow', '100');\n  }).as('progressBarValue');\n});\ncy.get('@progressBarValue').then(() => {\n  cy.get('.progress-label').should('have.text', 'Complete!').then(() => {\n    cy.get('.ui-dialog-buttonset > button').should('have.text', 'Close');\n  });\n  cy.get('.ui-dialog-buttonset > button').click();\n});\n//once dialogue is closed\ncy.get('#downloadButton').should('be.enabled');",
              "err": {},
              "uuid": "ab775acc-ef13-4ca0-9c4c-6c1fe1632122",
              "parentUUID": "28c18240-c553-4367-b1bb-eb2d98a69cc5",
              "isHook": false,
              "skipped": false
            },
            {
              "title": "Verify the functionality of the Loader",
              "fullTitle": "Verify the functionality of the JqueryProgressBar, Loader, and Progress bar Verify the functionality of the Loader",
              "timedOut": null,
              "duration": 23893,
              "state": "passed",
              "speed": "slow",
              "pass": true,
              "fail": false,
              "pending": false,
              "context": null,
              "code": "cy.visit('https://demo.automationtesting.in/Loader.html');\ncy.get('#loader').click().then(() => {\n  cy.get('.blockMsg > h1').should('contain.text', 'Please wait').then(() => {\n    cy.get('.modal-title', {\n      timeout: 25000\n    }).should('be.visible').should('contain.text', 'title');\n    cy.get('.close').should('be.visible');\n    cy.get('p').should('be.visible');\n    cy.get('.btn-default').should('be.visible');\n    cy.get('.modal-footer > .btn-primary').should('be.visible').click();\n    cy.get('.modal-content').should('not.be.visible');\n  });\n});",
              "err": {},
              "uuid": "39826e06-3dfa-4ff1-831f-d2e040e49475",
              "parentUUID": "28c18240-c553-4367-b1bb-eb2d98a69cc5",
              "isHook": false,
              "skipped": false
            },
            {
              "title": "Verify the functionality of the ProgressBar",
              "fullTitle": "Verify the functionality of the JqueryProgressBar, Loader, and Progress bar Verify the functionality of the ProgressBar",
              "timedOut": null,
              "duration": 10825,
              "state": "passed",
              "speed": "slow",
              "pass": true,
              "fail": false,
              "pending": false,
              "context": null,
              "code": "cy.visit('https://demo.automationtesting.in/ProgressBar.html');\ncy.get('#cricle-btn').click().then(() => {\n  cy.get('.progressbar-text', {\n    timeout: 10000\n  }).should('contain.text', '100');\n});",
              "err": {},
              "uuid": "a1da56ef-16b1-426b-856a-6c10f588e1f8",
              "parentUUID": "28c18240-c553-4367-b1bb-eb2d98a69cc5",
              "isHook": false,
              "skipped": false
            }
          ],
          "suites": [],
          "passes": [
            "ab775acc-ef13-4ca0-9c4c-6c1fe1632122",
            "39826e06-3dfa-4ff1-831f-d2e040e49475",
            "a1da56ef-16b1-426b-856a-6c10f588e1f8"
          ],
          "failures": [],
          "pending": [],
          "skipped": [],
          "duration": 46804,
          "root": false,
          "rootEmpty": false,
          "_timeout": 2000
        }
      ],
      "passes": [],
      "failures": [],
      "pending": [],
      "skipped": [],
      "duration": 0,
      "root": true,
      "rootEmpty": true,
      "_timeout": 2000
    },
    {
      "uuid": "20531e95-50f7-48cf-a912-8e55c7df7f63",
      "title": "",
      "fullFile": "cypress/e2e/selectableNresizable.cy.js",
      "file": "cypress/e2e/selectableNresizable.cy.js",
      "beforeHooks": [],
      "afterHooks": [],
      "tests": [],
      "suites": [
        {
          "uuid": "3f0fab37-0b9a-43b8-9a9a-15afaacf5617",
          "title": "Verify the selectable and resizable features",
          "fullFile": "",
          "file": "",
          "beforeHooks": [],
          "afterHooks": [],
          "tests": [
            {
              "title": "Verify selectable feature",
              "fullTitle": "Verify the selectable and resizable features Verify selectable feature",
              "timedOut": null,
              "duration": 6857,
              "state": "passed",
              "speed": "medium",
              "pass": true,
              "fail": false,
              "pending": false,
              "context": null,
              "code": "cy.visit('https://demo.automationtesting.in/Selectable.html');\n//Verify default behaviour of selectable feature\ncy.get('[href=\"#Default\"]').click();\ncy.get('ul.deaultFunc li.ui-widget-content').each($ele => {\n  cy.wrap($ele).click();\n  cy.get('ul.deaultFunc li.selected').should('have.attr', 'class').and('include', 'selected');\n});\n//Verify serialize behaviour of selectable feature\ncy.get('[href=\"#Serialize\"]').click();\ncy.get('ul.SerializeFunc li.ui-widget-content').each($ele => {\n  cy.wrap($ele).click();\n  const text = cy.get('ul.SerializeFunc li.selected b').then($data => {\n    // store the button's text\n    const dataText = $data.text();\n    cy.log(dataText);\n    cy.get('#feedback #result').then($result => {\n      const resultData = $data.text();\n      cy.log(resultData);\n      assert.equal(dataText, resultData);\n    });\n  });\n});",
              "err": {},
              "uuid": "cfa78a4d-16ff-4db3-b7fa-38fb679a8700",
              "parentUUID": "3f0fab37-0b9a-43b8-9a9a-15afaacf5617",
              "isHook": false,
              "skipped": false
            },
            {
              "title": "Verify resizable element",
              "fullTitle": "Verify the selectable and resizable features Verify resizable element",
              "timedOut": null,
              "duration": 2197,
              "state": "passed",
              "speed": "fast",
              "pass": true,
              "fail": false,
              "pending": false,
              "context": null,
              "code": "cy.visit('https://demo.automationtesting.in/Resizable.html');\ncy.get('#resizable').invoke('attr', 'style', 'width: 732px; height: 221px;').should('have.attr', 'style', 'width: 732px; height: 221px;');",
              "err": {},
              "uuid": "100280d3-00ff-46ef-8007-7c8b02dcc9a9",
              "parentUUID": "3f0fab37-0b9a-43b8-9a9a-15afaacf5617",
              "isHook": false,
              "skipped": false
            }
          ],
          "suites": [],
          "passes": [
            "cfa78a4d-16ff-4db3-b7fa-38fb679a8700",
            "100280d3-00ff-46ef-8007-7c8b02dcc9a9"
          ],
          "failures": [],
          "pending": [],
          "skipped": [],
          "duration": 9054,
          "root": false,
          "rootEmpty": false,
          "_timeout": 2000
        }
      ],
      "passes": [],
      "failures": [],
      "pending": [],
      "skipped": [],
      "duration": 0,
      "root": true,
      "rootEmpty": true,
      "_timeout": 2000
    },
    {
      "uuid": "f4ff3be3-b270-4115-92b0-54e1a4c0b143",
      "title": "",
      "fullFile": "cypress/e2e/spec.cy.js",
      "file": "cypress/e2e/spec.cy.js",
      "beforeHooks": [],
      "afterHooks": [],
      "tests": [],
      "suites": [
        {
          "uuid": "72c5f534-e6fa-4c59-9f21-a6afa9388308",
          "title": "template spec",
          "fullFile": "",
          "file": "",
          "beforeHooks": [],
          "afterHooks": [],
          "tests": [
            {
              "title": "passes",
              "fullTitle": "template spec passes",
              "timedOut": null,
              "duration": 2563,
              "state": "passed",
              "speed": "fast",
              "pass": true,
              "fail": false,
              "pending": false,
              "context": null,
              "code": "cy.visit('https://example.cypress.io');",
              "err": {},
              "uuid": "8159da19-7714-4ec1-917c-da1576551693",
              "parentUUID": "72c5f534-e6fa-4c59-9f21-a6afa9388308",
              "isHook": false,
              "skipped": false
            }
          ],
          "suites": [],
          "passes": [
            "8159da19-7714-4ec1-917c-da1576551693"
          ],
          "failures": [],
          "pending": [],
          "skipped": [],
          "duration": 2563,
          "root": false,
          "rootEmpty": false,
          "_timeout": 2000
        }
      ],
      "passes": [],
      "failures": [],
      "pending": [],
      "skipped": [],
      "duration": 0,
      "root": true,
      "rootEmpty": true,
      "_timeout": 2000
    },
    {
      "uuid": "286283c3-de6d-4444-b527-a88596715c60",
      "title": "",
      "fullFile": "cypress/e2e/summerNote.cy.js",
      "file": "cypress/e2e/summerNote.cy.js",
      "beforeHooks": [],
      "afterHooks": [],
      "tests": [],
      "suites": [
        {
          "uuid": "a0c26596-d4eb-4c3e-95c8-6dee08e2e6d2",
          "title": "Verify the text alignment options, background and foreground color of text in the SummerNote",
          "fullFile": "",
          "file": "",
          "beforeHooks": [],
          "afterHooks": [],
          "tests": [
            {
              "title": "Verify the alignment option in CKEditor",
              "fullTitle": "Verify the text alignment options, background and foreground color of text in the SummerNote Verify the alignment option in CKEditor",
              "timedOut": null,
              "duration": 3320,
              "state": "passed",
              "speed": "fast",
              "pass": true,
              "fail": false,
              "pending": false,
              "context": null,
              "code": "cy.get('.note-editable > p').should('contain.text', 'Hello Summernote');\ncy.get('div.note-btn-group.btn-group.note-para > div > button').as('AlignOption').click();\ncy.get('[data-original-title=\"Align right (⌘+⇧+R)\"] > .note-icon-align-right').invoke('show').click(); //right align\ncy.get('@AlignOption').click();\ncy.get('[data-original-title=\"Align left (⌘+⇧+L)\"] > .note-icon-align-left').invoke('show').click({\n  force: true\n}); //left align\ncy.get('@AlignOption').click();\ncy.get('[data-original-title=\"Align center (⌘+⇧+E)\"]').invoke('show').click({\n  force: true\n}); //center align  \ncy.get('@AlignOption').click();\ncy.get('[data-original-title=\"Justify full (⌘+⇧+J)\"] > .note-icon-align-justify').invoke('show').click({\n  force: true\n}); //justify align",
              "err": {},
              "uuid": "cb4d36f4-43f3-4400-828e-164e85413180",
              "parentUUID": "a0c26596-d4eb-4c3e-95c8-6dee08e2e6d2",
              "isHook": false,
              "skipped": false
            },
            {
              "title": "Verify the background & foreground colour in CKEditor",
              "fullTitle": "Verify the text alignment options, background and foreground color of text in the SummerNote Verify the background & foreground colour in CKEditor",
              "timedOut": null,
              "duration": 1263,
              "state": "passed",
              "speed": "fast",
              "pass": true,
              "fail": false,
              "pending": false,
              "context": null,
              "code": "cy.get('.note-editable > p').as('textData').should('contain.text', 'Hello Summernote');\ncy.get('@textData').type('{selectAll}');\n//updating the background colour\ncy.get(':nth-child(4) > .note-btn-group > .dropdown-toggle').click();\ncy.get(':nth-child(1) > .note-holder > .note-color-palette > :nth-child(6) > [style=\"background-color:#CE0000\"]').click();\n//updating the foreground colour\ncy.get(':nth-child(4) > .note-btn-group > .dropdown-toggle').click();\ncy.get(':nth-child(2) > .note-holder > .note-color-palette > :nth-child(1) > [style=\"background-color:#EFEFEF\"]').click();\n//assertions\ncy.get('@textData').should('contain.text', 'Hello Summernote').find('font').should('have.attr', 'color', '#efefef');",
              "err": {},
              "uuid": "ceef7ff4-07b5-47d5-a0f3-37d31fa4ee2f",
              "parentUUID": "a0c26596-d4eb-4c3e-95c8-6dee08e2e6d2",
              "isHook": false,
              "skipped": false
            }
          ],
          "suites": [],
          "passes": [
            "cb4d36f4-43f3-4400-828e-164e85413180",
            "ceef7ff4-07b5-47d5-a0f3-37d31fa4ee2f"
          ],
          "failures": [],
          "pending": [],
          "skipped": [],
          "duration": 4583,
          "root": false,
          "rootEmpty": false,
          "_timeout": 2000
        }
      ],
      "passes": [],
      "failures": [],
      "pending": [],
      "skipped": [],
      "duration": 0,
      "root": true,
      "rootEmpty": true,
      "_timeout": 2000
    },
    {
      "uuid": "b4a3ff8f-5593-4992-af78-40c40f449b59",
      "title": "",
      "fullFile": "cypress/e2e/uploadNdownload.cy.js",
      "file": "cypress/e2e/uploadNdownload.cy.js",
      "beforeHooks": [],
      "afterHooks": [],
      "tests": [],
      "suites": [
        {
          "uuid": "a1d53481-113a-480b-9565-9fb0d92eec20",
          "title": "verify file upload and download functionality by generating a .txt file",
          "fullFile": "",
          "file": "",
          "beforeHooks": [],
          "afterHooks": [],
          "tests": [
            {
              "title": "Verify the file upload functionality",
              "fullTitle": "verify file upload and download functionality by generating a .txt file Verify the file upload functionality",
              "timedOut": null,
              "duration": 5307,
              "state": "passed",
              "speed": "medium",
              "pass": true,
              "fail": false,
              "pending": false,
              "context": null,
              "code": "cy.visit('https://demo.automationtesting.in/FileUpload.html');\ncy.get('#input-4').attachFile('Data.txt');\ncy.get('.fileinput-upload').should('be.visible').and('be.enabled').click();\n//unable to assert since clicking on upload is not returning anything",
              "err": {},
              "uuid": "734acc78-9230-46c2-872a-edd0a3e4f63d",
              "parentUUID": "a1d53481-113a-480b-9565-9fb0d92eec20",
              "isHook": false,
              "skipped": false
            },
            {
              "title": "Verify the file download functionality",
              "fullTitle": "verify file upload and download functionality by generating a .txt file Verify the file download functionality",
              "timedOut": null,
              "duration": 9224,
              "state": "passed",
              "speed": "medium",
              "pass": true,
              "fail": false,
              "pending": false,
              "context": null,
              "code": "cy.visit('https://demo.automationtesting.in/FileDownload.html');\n//Direct download\ncy.window().document().then(function (doc) {\n  doc.addEventListener('click', () => {\n    // this adds a listener that reloads your page \n    // after 5 seconds from clicking the download button\n    setTimeout(function () {\n      doc.location.reload();\n    }, 5000);\n  });\n});\ncy.get('.btn-primary').click();\n// cy.readFile('./cypress/downloads/samplefile.pdf').should('exist')  //causing lot of memory to read so will just check if file is generated\ncy.verifyDownload('samplefile.pdf');\n//Txt file download\ncy.get('#textbox').type('Cypress testing is the latest trend TEXT!');\ncy.get('#createTxt').should('be.enabled').click();\ncy.get('#link-to-download').should('be.visible').click();\ncy.readFile('./cypress/downloads/info.txt').should('contain', 'Cypress testing is the latest trend TEXT!');\n//pdf File download\ncy.get('#pdfbox').type('Cypress testing is the latest trend PDF!');\ncy.get('#createPdf').should('be.enabled').click();\ncy.get('#pdf-link-to-download').should('be.visible').click();\ncy.readFile('./cypress/downloads/info.pdf').should('contain', 'Cypress testing is the latest trend PDF!');",
              "err": {},
              "uuid": "a37e4ea9-e489-4e46-adc8-e4b35daa2464",
              "parentUUID": "a1d53481-113a-480b-9565-9fb0d92eec20",
              "isHook": false,
              "skipped": false
            }
          ],
          "suites": [],
          "passes": [
            "734acc78-9230-46c2-872a-edd0a3e4f63d",
            "a37e4ea9-e489-4e46-adc8-e4b35daa2464"
          ],
          "failures": [],
          "pending": [],
          "skipped": [],
          "duration": 14531,
          "root": false,
          "rootEmpty": false,
          "_timeout": 2000
        }
      ],
      "passes": [],
      "failures": [],
      "pending": [],
      "skipped": [],
      "duration": 0,
      "root": true,
      "rootEmpty": true,
      "_timeout": 2000
    },
    {
      "uuid": "8fd8a79d-c3f9-4da7-9670-19f742709b19",
      "title": "",
      "fullFile": "cypress/e2e/videoSupport.cy.js",
      "file": "cypress/e2e/videoSupport.cy.js",
      "beforeHooks": [],
      "afterHooks": [],
      "tests": [],
      "suites": [
        {
          "uuid": "27066282-3641-4bc9-b8f1-75ac6b50a374",
          "title": "Verify both video options - Youtube and Vimeo",
          "fullFile": "",
          "file": "",
          "beforeHooks": [],
          "afterHooks": [],
          "tests": [
            {
              "title": "Verify Youtube video feature",
              "fullTitle": "Verify both video options - Youtube and Vimeo Verify Youtube video feature",
              "timedOut": null,
              "duration": 13981,
              "state": "passed",
              "speed": "slow",
              "pass": true,
              "fail": false,
              "pending": false,
              "context": null,
              "code": "cy.visit('https://demo.automationtesting.in/Youtube.html');\n//playing the video\ncy.iframe('[src=\"https://www.youtube.com/embed/wPECeNP1BoY\"]').find('.ytp-play-button').as('btn').should('have.attr', 'title').and('include', 'Play');\ncy.get('@btn').click({\n  force: true\n}).should('have.attr', 'data-title-no-tooltip').and('include', 'Pause');\ncy.wait(10000);\n//pausing the video\ncy.get('@btn').click({\n  force: true\n});",
              "err": {},
              "uuid": "840ddb2b-93d3-4489-9390-88efb86a811f",
              "parentUUID": "27066282-3641-4bc9-b8f1-75ac6b50a374",
              "isHook": false,
              "skipped": false
            },
            {
              "title": "Verify Vimeo video option",
              "fullTitle": "Verify both video options - Youtube and Vimeo Verify Vimeo video option",
              "timedOut": null,
              "duration": 8138,
              "state": "failed",
              "speed": null,
              "pass": false,
              "fail": true,
              "pending": false,
              "context": null,
              "code": "cy.visit('https://demo.automationtesting.in/Vimeo.html');\n//playing the video\ncy.iframe('#foo').find('.PlayButton_module_playIcon__af9e9913').as('PlayBtn').should('have.attr', 'data-play-icon', 'true');\ncy.get('@PlayBtn').click();\ncy.wait(10000);\n//Pausing the video\ncy.iframe('#foo').find('.PlayButton_module_pauseIcon__af9e9913').as('PauseBtn').should('have.attr', 'data-pause-icon', 'true');\ncy.get('@PauseBtn').click();",
              "err": {
                "message": "AssertionError: Timed out retrying after 4000ms: Expected to find element: `.PlayButton_module_playIcon__af9e9913`, but never found it. Queried from:\n\n              > <body>",
                "estack": "AssertionError: Timed out retrying after 4000ms: Expected to find element: `.PlayButton_module_playIcon__af9e9913`, but never found it. Queried from:\n\n              > <body>\n    at Context.eval (webpack:///./cypress/e2e/videoSupport.cy.js:32:26)",
                "diff": null
              },
              "uuid": "3ccae7ac-1458-43d8-8db9-cd54c3c4c9c4",
              "parentUUID": "27066282-3641-4bc9-b8f1-75ac6b50a374",
              "isHook": false,
              "skipped": false
            }
          ],
          "suites": [],
          "passes": [
            "840ddb2b-93d3-4489-9390-88efb86a811f"
          ],
          "failures": [
            "3ccae7ac-1458-43d8-8db9-cd54c3c4c9c4"
          ],
          "pending": [],
          "skipped": [],
          "duration": 22119,
          "root": false,
          "rootEmpty": false,
          "_timeout": 2000
        }
      ],
      "passes": [],
      "failures": [],
      "pending": [],
      "skipped": [],
      "duration": 0,
      "root": true,
      "rootEmpty": true,
      "_timeout": 2000
    },
    {
      "uuid": "8ac301e1-5cb0-49dc-ab5f-3917f0f473cf",
      "title": "",
      "fullFile": "cypress/e2e/widgets.cy.js",
      "file": "cypress/e2e/widgets.cy.js",
      "beforeHooks": [],
      "afterHooks": [],
      "tests": [],
      "suites": [
        {
          "uuid": "f4ad1ad7-bb6d-4605-991a-42c5437c8c4a",
          "title": "Access the widgets and verify thier functionalities",
          "fullFile": "",
          "file": "",
          "beforeHooks": [],
          "afterHooks": [],
          "tests": [
            {
              "title": "Verify Accordion widget",
              "fullTitle": "Access the widgets and verify thier functionalities Verify Accordion widget",
              "timedOut": null,
              "duration": 2365,
              "state": "passed",
              "speed": "fast",
              "pass": true,
              "fail": false,
              "pending": false,
              "context": null,
              "code": "cy.visit('https://demo.automationtesting.in/Accordion.html');\ncy.get('.panel-default').then($headers => {\n  // Loop over each header and click it to expand the corresponding content\n  for (let i = 0; i < $headers.length; i++) {\n    if (i == 0) {\n      cy.wrap($headers[i]).click().should('be.visible').and('contain.text', 'Automation Testing API');\n    } else if (i == 1) {\n      cy.wrap($headers[i]).click().should('be.visible').and('contain.text', 'Single line code');\n    } else if (i == 2) {\n      cy.wrap($headers[i]).click().should('be.visible').and('contain.text', 'chain the methods');\n    } else if (i == 3) {\n      cy.wrap($headers[i]).click().should('be.visible').and('contain.text', 'NTest your web application');\n    }\n  }\n});",
              "err": {},
              "uuid": "7fe75a60-45e0-4354-a3d6-8f08b8924f6c",
              "parentUUID": "f4ad1ad7-bb6d-4605-991a-42c5437c8c4a",
              "isHook": false,
              "skipped": false
            },
            {
              "title": "Verify autocomplete widget",
              "fullTitle": "Access the widgets and verify thier functionalities Verify autocomplete widget",
              "timedOut": null,
              "duration": 2832,
              "state": "passed",
              "speed": "fast",
              "pass": true,
              "fail": false,
              "pending": false,
              "context": null,
              "code": "cy.visit('https://demo.automationtesting.in/AutoComplete.html');\ncy.get('#searchbox').should('be.enabled').type('Ind');\n// //trying to include all the result in an array & then iterate through each element\ncy.get(\"ul> li[role='presentation']\").each(function ($ele, index, $list) {\n  if ($ele.text() == \"India\") {\n    cy.wrap($ele).click({\n      force: true\n    });\n  } else {\n    cy.log($ele.text());\n  }\n});\ncy.get('.ui-autocomplete-multiselect').should('contain.text', 'India');",
              "err": {},
              "uuid": "359816ee-d485-46fb-81dd-227ac8dd4d13",
              "parentUUID": "f4ad1ad7-bb6d-4605-991a-42c5437c8c4a",
              "isHook": false,
              "skipped": false
            },
            {
              "title": "Verify Datepicker widget One",
              "fullTitle": "Access the widgets and verify thier functionalities Verify Datepicker widget One",
              "timedOut": null,
              "duration": 5771,
              "state": "passed",
              "speed": "medium",
              "pass": true,
              "fail": false,
              "pending": false,
              "context": null,
              "code": "cy.visit('https://demo.automationtesting.in/Datepicker.html');\n//get date picker element\ncy.get('#datepicker1').click();\n//get calendar :#ui-datepicker-div\ncy.get('#ui-datepicker-div').should('be.visible');\n//calling methods to select date, we will declare them in command.js\ncy.selectYear(2022);\ncy.selectMonth('January');\ncy.selectOneDay(7);\ncy.get('#datepicker1').should('be.visible');",
              "err": {},
              "uuid": "afaf1719-7627-4f17-aaf0-962530a2ca7b",
              "parentUUID": "f4ad1ad7-bb6d-4605-991a-42c5437c8c4a",
              "isHook": false,
              "skipped": false
            },
            {
              "title": "Verify Datepicker widget Two",
              "fullTitle": "Access the widgets and verify thier functionalities Verify Datepicker widget Two",
              "timedOut": null,
              "duration": 3946,
              "state": "passed",
              "speed": "fast",
              "pass": true,
              "fail": false,
              "pending": false,
              "context": null,
              "code": "cy.visit('https://demo.automationtesting.in/Datepicker.html');\n//get date picker element\ncy.get('#datepicker2').click().type('10/10/2020{enter}').should('be.visible');",
              "err": {},
              "uuid": "4477d0b4-0349-48e0-b1b9-ee4c8a52771a",
              "parentUUID": "f4ad1ad7-bb6d-4605-991a-42c5437c8c4a",
              "isHook": false,
              "skipped": false
            },
            {
              "title": "Verify Slider widget",
              "fullTitle": "Access the widgets and verify thier functionalities Verify Slider widget",
              "timedOut": null,
              "duration": 1357,
              "state": "passed",
              "speed": "fast",
              "pass": true,
              "fail": false,
              "pending": false,
              "context": null,
              "code": "cy.visit('https://demo.automationtesting.in/Slider.html');\ncy.get('#slider').invoke('attr', 'style', 'left: 84%;').should('have.attr', 'style', 'left: 84%;');",
              "err": {},
              "uuid": "8e0030aa-c88f-4dec-abc3-07a83b1302c9",
              "parentUUID": "f4ad1ad7-bb6d-4605-991a-42c5437c8c4a",
              "isHook": false,
              "skipped": false
            }
          ],
          "suites": [],
          "passes": [
            "7fe75a60-45e0-4354-a3d6-8f08b8924f6c",
            "359816ee-d485-46fb-81dd-227ac8dd4d13",
            "afaf1719-7627-4f17-aaf0-962530a2ca7b",
            "4477d0b4-0349-48e0-b1b9-ee4c8a52771a",
            "8e0030aa-c88f-4dec-abc3-07a83b1302c9"
          ],
          "failures": [],
          "pending": [],
          "skipped": [],
          "duration": 16271,
          "root": false,
          "rootEmpty": false,
          "_timeout": 2000
        }
      ],
      "passes": [],
      "failures": [],
      "pending": [],
      "skipped": [],
      "duration": 0,
      "root": true,
      "rootEmpty": true,
      "_timeout": 2000
    },
    {
      "uuid": "14a5f7ff-69e2-447f-90a2-c8fcbafdddc2",
      "title": "",
      "fullFile": "cypress/e2e/windows.cy.js",
      "file": "cypress/e2e/windows.cy.js",
      "beforeHooks": [],
      "afterHooks": [],
      "tests": [],
      "suites": [
        {
          "uuid": "e30712c5-ab98-4b69-9c10-c46bef1308d9",
          "title": "Access the windows and verify the functionality of the three window options provided",
          "fullFile": "",
          "file": "",
          "beforeHooks": [],
          "afterHooks": [],
          "tests": [
            {
              "title": "Verify new tab window",
              "fullTitle": "Access the windows and verify the functionality of the three window options provided Verify new tab window",
              "timedOut": null,
              "duration": 14645,
              "state": "failed",
              "speed": null,
              "pass": false,
              "fail": true,
              "pending": false,
              "context": null,
              "code": "Cypress.config('pageLoadTimeout', 10000);\ncy.get(\"[href='#Tabbed']\").click();\n// // remove the target via dev tools, the link properly opens in the same browser tab. \n// // But this doesn't happen when I use invoke('removeAttr', 'target')\ncy.get(\"[href='http://www.selenium.dev']\").invoke(\"removeAttr\", \"target\").click();\n//validating the new page\ncy.get('h1').should('contains.text', 'Selenium automates browsers');",
              "err": {
                "message": "CypressError: Timed out after waiting `10000ms` for your remote page to load.\n\nYour page did not fire its `load` event within `10000ms`.\n\nYou can try increasing the `pageLoadTimeout` value in `cypress.config.js` to wait longer.\n\nBrowsers will not fire the `load` event until all stylesheets and scripts are done downloading.\n\nWhen this `load` event occurs, Cypress will continue running commands.",
                "estack": "CypressError: Timed out after waiting `10000ms` for your remote page to load.\n\nYour page did not fire its `load` event within `10000ms`.\n\nYou can try increasing the `pageLoadTimeout` value in `cypress.config.js` to wait longer.\n\nBrowsers will not fire the `load` event until all stylesheets and scripts are done downloading.\n\nWhen this `load` event occurs, Cypress will continue running commands.\n    at timedOutWaitingForPageLoad (https://demo.automationtesting.in/__cypress/runner/cypress_runner.js:137295:72)\n    at <unknown> (https://demo.automationtesting.in/__cypress/runner/cypress_runner.js:137593:16)\n    at tryCatcher (https://demo.automationtesting.in/__cypress/runner/cypress_runner.js:8914:23)\n    at <unknown> (https://demo.automationtesting.in/__cypress/runner/cypress_runner.js:4036:41)\n    at tryCatcher (https://demo.automationtesting.in/__cypress/runner/cypress_runner.js:8914:23)\n    at Promise._settlePromiseFromHandler (https://demo.automationtesting.in/__cypress/runner/cypress_runner.js:6849:31)\n    at Promise._settlePromise (https://demo.automationtesting.in/__cypress/runner/cypress_runner.js:6906:18)\n    at Promise._settlePromise0 (https://demo.automationtesting.in/__cypress/runner/cypress_runner.js:6951:10)\n    at Promise._settlePromises (https://demo.automationtesting.in/__cypress/runner/cypress_runner.js:7027:18)\n    at _drainQueueStep (https://demo.automationtesting.in/__cypress/runner/cypress_runner.js:3621:12)\n    at _drainQueue (https://demo.automationtesting.in/__cypress/runner/cypress_runner.js:3614:9)\n    at ../../node_modules/bluebird/js/release/async.js.Async._drainQueues (https://demo.automationtesting.in/__cypress/runner/cypress_runner.js:3630:5)\n    at Async.drainQueues (https://demo.automationtesting.in/__cypress/runner/cypress_runner.js:3500:14)\nFrom Your Spec Code:\n    at Context.eval (webpack:///./cypress/e2e/windows.cy.js:26:11)",
                "diff": null
              },
              "uuid": "8c2c9b7a-5519-47a3-ba36-5310012919ec",
              "parentUUID": "e30712c5-ab98-4b69-9c10-c46bef1308d9",
              "isHook": false,
              "skipped": false
            },
            {
              "title": "Verify new seperate window",
              "fullTitle": "Access the windows and verify the functionality of the three window options provided Verify new seperate window",
              "timedOut": null,
              "duration": 8159,
              "state": "failed",
              "speed": null,
              "pass": false,
              "fail": true,
              "pending": false,
              "context": null,
              "code": "cy.get('#Seperate > .btn').click();\ncy.window().then(function (win) {\n  cy.stub(win, 'open').returns(url => {\n    win.location.href = 'https://www.selenium.dev/';\n  }).as(\"popup\");\n});\ncy.get('.btn-primary').click();\ncy.get('@popup').should(\"be.called\");\n//validating the new page\ncy.get('h1').should('contain.text', 'Selenium');",
              "err": {
                "message": "CypressError: Timed out retrying after 4050ms: `cy.click()` failed because this element is not visible:\n\n`<button class=\"btn btn-primary\" onclick=\"newwindow()\">click</button>`\n\nThis element `<button.btn.btn-primary>` is not visible because its parent `<div#Seperate.tab-pane.col-md-6.col-md-offset-1.col-xs-4.col-xs-offset-1>` has CSS property: `display: none`\n\nFix this problem, or use `{force: true}` to disable error checking.\n\nhttps://on.cypress.io/element-cannot-be-interacted-with",
                "estack": "CypressError: Timed out retrying after 4050ms: `cy.click()` failed because this element is not visible:\n\n`<button class=\"btn btn-primary\" onclick=\"newwindow()\">click</button>`\n\nThis element `<button.btn.btn-primary>` is not visible because its parent `<div#Seperate.tab-pane.col-md-6.col-md-offset-1.col-xs-4.col-xs-offset-1>` has CSS property: `display: none`\n\nFix this problem, or use `{force: true}` to disable error checking.\n\nhttps://on.cypress.io/element-cannot-be-interacted-with\n    at runVisibilityCheck (https://demo.automationtesting.in/__cypress/runner/cypress_runner.js:151959:66)\n    at Object.isStrictlyVisible (https://demo.automationtesting.in/__cypress/runner/cypress_runner.js:151973:10)\n    at runAllChecks (https://demo.automationtesting.in/__cypress/runner/cypress_runner.js:130563:26)\n    at retryActionability (https://demo.automationtesting.in/__cypress/runner/cypress_runner.js:130631:16)\n    at tryCatcher (https://demo.automationtesting.in/__cypress/runner/cypress_runner.js:8914:23)\n    at Promise.attempt.Promise.try (https://demo.automationtesting.in/__cypress/runner/cypress_runner.js:6188:29)\n    at whenStable (https://demo.automationtesting.in/__cypress/runner/cypress_runner.js:146742:65)\n    at <unknown> (https://demo.automationtesting.in/__cypress/runner/cypress_runner.js:146183:14)\n    at tryCatcher (https://demo.automationtesting.in/__cypress/runner/cypress_runner.js:8914:23)\n    at Promise._settlePromiseFromHandler (https://demo.automationtesting.in/__cypress/runner/cypress_runner.js:6849:31)\n    at Promise._settlePromise (https://demo.automationtesting.in/__cypress/runner/cypress_runner.js:6906:18)\n    at Promise._settlePromise0 (https://demo.automationtesting.in/__cypress/runner/cypress_runner.js:6951:10)\n    at Promise._settlePromises (https://demo.automationtesting.in/__cypress/runner/cypress_runner.js:7031:18)\n    at Promise._fulfill (https://demo.automationtesting.in/__cypress/runner/cypress_runner.js:6975:18)\n    at <unknown> (https://demo.automationtesting.in/__cypress/runner/cypress_runner.js:8589:46)\nFrom Your Spec Code:\n    at Context.eval (webpack:///./cypress/e2e/windows.cy.js:32:35)",
                "diff": null
              },
              "uuid": "31bf0b93-f9d2-487d-a6ba-8101c9109725",
              "parentUUID": "e30712c5-ab98-4b69-9c10-c46bef1308d9",
              "isHook": false,
              "skipped": false
            },
            {
              "title": "Verify multiple window box",
              "fullTitle": "Access the windows and verify the functionality of the three window options provided Verify multiple window box",
              "timedOut": null,
              "duration": 3992,
              "state": "passed",
              "speed": "fast",
              "pass": true,
              "fail": false,
              "pending": false,
              "context": null,
              "code": "cy.get(\"[href='#Multiple']\").click();\ncy.get('#Multiple > .btn').invoke(\"removeAttr\", \"onclick\").click();",
              "err": {},
              "uuid": "c9646dfb-3a88-4486-9b78-aea7b9e0fae0",
              "parentUUID": "e30712c5-ab98-4b69-9c10-c46bef1308d9",
              "isHook": false,
              "skipped": false
            }
          ],
          "suites": [],
          "passes": [
            "c9646dfb-3a88-4486-9b78-aea7b9e0fae0"
          ],
          "failures": [
            "8c2c9b7a-5519-47a3-ba36-5310012919ec",
            "31bf0b93-f9d2-487d-a6ba-8101c9109725"
          ],
          "pending": [],
          "skipped": [],
          "duration": 26796,
          "root": false,
          "rootEmpty": false,
          "_timeout": 2000
        }
      ],
      "passes": [],
      "failures": [],
      "pending": [],
      "skipped": [],
      "duration": 0,
      "root": true,
      "rootEmpty": true,
      "_timeout": 2000
    }
  ],
  "meta": {
    "mocha": {
      "version": "7.0.1"
    },
    "mochawesome": {
      "options": {
        "quiet": false,
        "reportFilename": "mochawesome",
        "saveHtml": false,
        "saveJson": true,
        "consoleReporter": "spec",
        "useInlineDiffs": false,
        "code": true
      },
      "version": "7.1.3"
    },
    "marge": {
      "options": {
        "charts": true,
        "overwrite": false,
        "html": false,
        "json": true,
        "reportDir": "cypress/report/mochawesome-report"
      },
      "version": "6.2.0"
    }
  }
}