{
  "stats": {
    "suites": 1,
    "tests": 5,
    "passes": 4,
    "pending": 0,
    "failures": 1,
    "start": "2023-04-07T12:53:48.540Z",
    "end": "2023-04-07T12:54:12.982Z",
    "duration": 24442,
    "testsRegistered": 5,
    "passPercent": 80,
    "pendingPercent": 0,
    "other": 0,
    "hasOther": false,
    "skipped": 0,
    "hasSkipped": false
  },
  "results": [
    {
      "uuid": "87bd644c-f2a8-4385-a6c7-62053948300f",
      "title": "",
      "fullFile": "cypress/e2e/widgets.cy.js",
      "file": "cypress/e2e/widgets.cy.js",
      "beforeHooks": [],
      "afterHooks": [],
      "tests": [],
      "suites": [
        {
          "uuid": "75fc9811-a3c9-442b-9ab1-6f5494e26a42",
          "title": "Access the widgets and verify thier functionalities",
          "fullFile": "",
          "file": "",
          "beforeHooks": [],
          "afterHooks": [],
          "tests": [
            {
              "title": "Verify Accordion widget",
              "fullTitle": "Access the widgets and verify thier functionalities Verify Accordion widget",
              "timedOut": null,
              "duration": 3794,
              "state": "passed",
              "speed": "fast",
              "pass": true,
              "fail": false,
              "pending": false,
              "context": null,
              "code": "cy.visit('https://demo.automationtesting.in/Accordion.html');\ncy.get('.panel-default').then($headers => {\n  // Loop over each header and click it to expand the corresponding content\n  for (let i = 0; i < $headers.length; i++) {\n    if (i == 0) {\n      cy.wrap($headers[i]).click().should('be.visible').and('contain.text', 'Automation Testing API');\n    } else if (i == 1) {\n      cy.wrap($headers[i]).click().should('be.visible').and('contain.text', 'Single line code');\n    } else if (i == 2) {\n      cy.wrap($headers[i]).click().should('be.visible').and('contain.text', 'chain the methods');\n    } else if (i == 3) {\n      cy.wrap($headers[i]).click().should('be.visible').and('contain.text', 'NTest your web application');\n    }\n  }\n});",
              "err": {},
              "uuid": "9fc92f83-0beb-4a5d-97cf-3dd5b707a1b6",
              "parentUUID": "75fc9811-a3c9-442b-9ab1-6f5494e26a42",
              "isHook": false,
              "skipped": false
            },
            {
              "title": "Verify autocomplete widget",
              "fullTitle": "Access the widgets and verify thier functionalities Verify autocomplete widget",
              "timedOut": null,
              "duration": 7144,
              "state": "failed",
              "speed": null,
              "pass": false,
              "fail": true,
              "pending": false,
              "context": "{\n  \"title\": \"cypress-mochawesome-reporter-screenshots\",\n  \"value\": [\n    [\n      {\n        \"title\": \"Failed screenshot\",\n        \"value\": \"/widgets.cy.js/Access the widgets and verify thier functionalities -- Verify autocomplete widget (failed).png\"\n      }\n    ]\n  ]\n}",
              "code": "cy.visit('https://demo.automationtesting.in/AutoComplete.html');\ncy.get('#searchbox').should('be.enabled').type('af').contains('Afghanistan').click();\n// //trying to include all the result in an array & then iterate through each element\n// cy.get(\"ul> li[role='presentation']\").each(function ($ele, index, $list) {\n//     cy.log($ele.text())\n// })",
              "err": {
                "message": "AssertionError: Timed out retrying after 4000ms: Expected to find content: 'Afghanistan' within the element: <input#searchbox.ui-autocomplete-input> but never did.",
                "estack": "AssertionError: Timed out retrying after 4000ms: Expected to find content: 'Afghanistan' within the element: <input#searchbox.ui-autocomplete-input> but never did.\n    at Context.eval (webpack:///./cypress/e2e/widgets.cy.js:32:61)",
                "diff": null
              },
              "uuid": "520e924a-9034-4944-a784-a9966825e591",
              "parentUUID": "75fc9811-a3c9-442b-9ab1-6f5494e26a42",
              "isHook": false,
              "skipped": false
            },
            {
              "title": "Verify Datepicker widget One",
              "fullTitle": "Access the widgets and verify thier functionalities Verify Datepicker widget One",
              "timedOut": null,
              "duration": 6997,
              "state": "passed",
              "speed": "medium",
              "pass": true,
              "fail": false,
              "pending": false,
              "context": null,
              "code": "cy.visit('https://demo.automationtesting.in/Datepicker.html');\n//get date picker element\ncy.get('#datepicker1').click();\n//get calendar :#ui-datepicker-div\ncy.get('#ui-datepicker-div').should('be.visible');\n//calling methods to select date, we will declare them in command.js\ncy.selectYear(2022);\ncy.selectMonth('January');\ncy.selectOneDay(7);\ncy.get('#datepicker1').should('be.visible');",
              "err": {},
              "uuid": "5477fc45-cc9a-4058-a906-b10bb6c3b1ce",
              "parentUUID": "75fc9811-a3c9-442b-9ab1-6f5494e26a42",
              "isHook": false,
              "skipped": false
            },
            {
              "title": "Verify Datepicker widget Two",
              "fullTitle": "Access the widgets and verify thier functionalities Verify Datepicker widget Two",
              "timedOut": null,
              "duration": 3486,
              "state": "passed",
              "speed": "fast",
              "pass": true,
              "fail": false,
              "pending": false,
              "context": null,
              "code": "cy.visit('https://demo.automationtesting.in/Datepicker.html');\n//get date picker element\ncy.get('#datepicker2').click().type('10/10/2020{enter}').should('be.visible');",
              "err": {},
              "uuid": "f9425d61-2d3a-460a-85f1-6e3ca9c8ea65",
              "parentUUID": "75fc9811-a3c9-442b-9ab1-6f5494e26a42",
              "isHook": false,
              "skipped": false
            },
            {
              "title": "Verify Slider widget",
              "fullTitle": "Access the widgets and verify thier functionalities Verify Slider widget",
              "timedOut": null,
              "duration": 1846,
              "state": "passed",
              "speed": "fast",
              "pass": true,
              "fail": false,
              "pending": false,
              "context": null,
              "code": "cy.visit('https://demo.automationtesting.in/Slider.html');\ncy.get('#slider').invoke('attr', 'style', 'left: 84%;').should('have.attr', 'style', 'left: 84%;');",
              "err": {},
              "uuid": "6cc2aca2-2b60-4a35-9093-a6dbb8958674",
              "parentUUID": "75fc9811-a3c9-442b-9ab1-6f5494e26a42",
              "isHook": false,
              "skipped": false
            }
          ],
          "suites": [],
          "passes": [
            "9fc92f83-0beb-4a5d-97cf-3dd5b707a1b6",
            "5477fc45-cc9a-4058-a906-b10bb6c3b1ce",
            "f9425d61-2d3a-460a-85f1-6e3ca9c8ea65",
            "6cc2aca2-2b60-4a35-9093-a6dbb8958674"
          ],
          "failures": [
            "520e924a-9034-4944-a784-a9966825e591"
          ],
          "pending": [],
          "skipped": [],
          "duration": 23267,
          "root": false,
          "rootEmpty": false,
          "_timeout": 2000
        }
      ],
      "passes": [],
      "failures": [],
      "pending": [],
      "skipped": [],
      "duration": 0,
      "root": true,
      "rootEmpty": true,
      "_timeout": 2000
    }
  ],
  "meta": {
    "mocha": {
      "version": "7.0.1"
    },
    "mochawesome": {
      "options": {
        "quiet": false,
        "reportFilename": "mochawesome",
        "saveHtml": false,
        "saveJson": true,
        "consoleReporter": "spec",
        "useInlineDiffs": false,
        "code": true
      },
      "version": "7.1.3"
    },
    "marge": {
      "options": {
        "overwrite": false,
        "html": false,
        "json": true,
        "reportDir": "cypress/reports/html/.jsons"
      },
      "version": "6.2.0"
    }
  }
}