{
  "stats": {
    "suites": 1,
    "tests": 2,
    "passes": 2,
    "pending": 0,
    "failures": 0,
    "start": "2023-04-07T12:50:33.305Z",
    "end": "2023-04-07T12:50:37.432Z",
    "duration": 4127,
    "testsRegistered": 2,
    "passPercent": 100,
    "pendingPercent": 0,
    "other": 0,
    "hasOther": false,
    "skipped": 0,
    "hasSkipped": false
  },
  "results": [
    {
      "uuid": "0355a870-2f34-4821-8d8f-db07a5a52a66",
      "title": "",
      "fullFile": "cypress/e2e/dragNdrop.cy.js",
      "file": "cypress/e2e/dragNdrop.cy.js",
      "beforeHooks": [],
      "afterHooks": [],
      "tests": [],
      "suites": [
        {
          "uuid": "cd37ef44-4209-4b5f-af4a-ffb4b55711a0",
          "title": "Verify the functionality of both static and dynamic drag and drop options",
          "fullFile": "",
          "file": "",
          "beforeHooks": [],
          "afterHooks": [],
          "tests": [
            {
              "title": "Verify static drag & drop",
              "fullTitle": "Verify the functionality of both static and dynamic drag and drop options Verify static drag & drop",
              "timedOut": null,
              "duration": 1917,
              "state": "passed",
              "speed": "fast",
              "pass": true,
              "fail": false,
              "pending": false,
              "context": null,
              "code": "cy.visit('https://demo.automationtesting.in/Static.html');\n//drag the first logo in the field\ncy.get('#angular').trigger('dragstart', {\n  dataTransfer\n});\ncy.get('#droparea').trigger('drop', {\n  dataTransfer\n});\ncy.get('.dragged > #angular').should('have.attr', 'id', 'angular');\n//dragging the second logo\ncy.get('#mongo').trigger('dragstart', {\n  dataTransfer\n});\ncy.get('#droparea').trigger('drop', {\n  dataTransfer\n});\ncy.get('.dragged > #mongo').should('have.attr', 'id', 'mongo');\n//dragging the second logo\ncy.get('#node').trigger('dragstart', {\n  dataTransfer\n});\ncy.get('#droparea').trigger('drop', {\n  dataTransfer\n});\n// cy.get('#node').drag('#droparea')\ncy.get('.dragged > #node').should('have.attr', 'id', 'node');",
              "err": {},
              "uuid": "495bce75-aa29-4145-b3f6-e02cf09a41da",
              "parentUUID": "cd37ef44-4209-4b5f-af4a-ffb4b55711a0",
              "isHook": false,
              "skipped": false
            },
            {
              "title": "Verify dynamic drag & drop",
              "fullTitle": "Verify the functionality of both static and dynamic drag and drop options Verify dynamic drag & drop",
              "timedOut": null,
              "duration": 1032,
              "state": "passed",
              "speed": "fast",
              "pass": true,
              "fail": false,
              "pending": false,
              "context": null,
              "code": "cy.visit('https://demo.automationtesting.in/Dynamic.html');\n//drag the first logo in the field\ncy.get('#angular').drag('#droparea').then(success => {\n  assert.isTrue(success);\n});\ncy.get('.dragged > #angular').should('have.attr', 'id', 'angular');\n//dragging the second logo\ncy.get('#mongo').trigger('dragstart', {\n  dataTransfer\n});\ncy.get('#droparea').trigger('drop', {\n  dataTransfer\n});\ncy.get('.dragged > #mongo').should('have.attr', 'id', 'mongo');\n//dragging the third logo\ncy.get('#node').trigger('dragstart', {\n  dataTransfer\n});\ncy.get('#droparea').trigger('drop', {\n  dataTransfer\n});\n// cy.get('#node').drag('#droparea')\ncy.get('.dragged > #node').should('have.attr', 'id', 'node');",
              "err": {},
              "uuid": "2e6b405a-052b-4b45-8611-86cb4d72a0e6",
              "parentUUID": "cd37ef44-4209-4b5f-af4a-ffb4b55711a0",
              "isHook": false,
              "skipped": false
            }
          ],
          "suites": [],
          "passes": [
            "495bce75-aa29-4145-b3f6-e02cf09a41da",
            "2e6b405a-052b-4b45-8611-86cb4d72a0e6"
          ],
          "failures": [],
          "pending": [],
          "skipped": [],
          "duration": 2949,
          "root": false,
          "rootEmpty": false,
          "_timeout": 2000
        }
      ],
      "passes": [],
      "failures": [],
      "pending": [],
      "skipped": [],
      "duration": 0,
      "root": true,
      "rootEmpty": true,
      "_timeout": 2000
    }
  ],
  "meta": {
    "mocha": {
      "version": "7.0.1"
    },
    "mochawesome": {
      "options": {
        "quiet": false,
        "reportFilename": "mochawesome",
        "saveHtml": false,
        "saveJson": true,
        "consoleReporter": "spec",
        "useInlineDiffs": false,
        "code": true
      },
      "version": "7.1.3"
    },
    "marge": {
      "options": {
        "overwrite": false,
        "html": false,
        "json": true,
        "reportDir": "cypress/reports/html/.jsons"
      },
      "version": "6.2.0"
    }
  }
}