{
  "stats": {
    "suites": 1,
    "tests": 2,
    "passes": 2,
    "pending": 0,
    "failures": 0,
    "start": "2023-04-07T12:53:12.726Z",
    "end": "2023-04-07T12:53:42.115Z",
    "duration": 29389,
    "testsRegistered": 2,
    "passPercent": 100,
    "pendingPercent": 0,
    "other": 0,
    "hasOther": false,
    "skipped": 0,
    "hasSkipped": false
  },
  "results": [
    {
      "uuid": "15134ddf-69d5-4326-bdd6-873dc534dfa5",
      "title": "",
      "fullFile": "cypress/e2e/videoSupport.cy.js",
      "file": "cypress/e2e/videoSupport.cy.js",
      "beforeHooks": [],
      "afterHooks": [],
      "tests": [],
      "suites": [
        {
          "uuid": "9a23065d-ba93-413a-a5b6-843bf2714af9",
          "title": "Verify both video options - Youtube and Vimeo",
          "fullFile": "",
          "file": "",
          "beforeHooks": [],
          "afterHooks": [],
          "tests": [
            {
              "title": "Verify Youtube video feature",
              "fullTitle": "Verify both video options - Youtube and Vimeo Verify Youtube video feature",
              "timedOut": null,
              "duration": 13904,
              "state": "passed",
              "speed": "slow",
              "pass": true,
              "fail": false,
              "pending": false,
              "context": null,
              "code": "cy.visit('https://demo.automationtesting.in/Youtube.html');\n//playing the video\ncy.iframe('[src=\"https://www.youtube.com/embed/wPECeNP1BoY\"]').find('.ytp-play-button').as('btn').should('have.attr', 'title').and('include', 'Play');\ncy.get('@btn').click({\n  force: true\n}).should('have.attr', 'data-title-no-tooltip').and('include', 'Pause');\ncy.wait(10000);\n//pausing the video\ncy.get('@btn').click({\n  force: true\n});",
              "err": {},
              "uuid": "3f432a7e-cee1-4a6a-a647-bc267588c1ff",
              "parentUUID": "9a23065d-ba93-413a-a5b6-843bf2714af9",
              "isHook": false,
              "skipped": false
            },
            {
              "title": "Verify Vimeo video option",
              "fullTitle": "Verify both video options - Youtube and Vimeo Verify Vimeo video option",
              "timedOut": null,
              "duration": 14386,
              "state": "passed",
              "speed": "slow",
              "pass": true,
              "fail": false,
              "pending": false,
              "context": null,
              "code": "cy.visit('https://demo.automationtesting.in/Vimeo.html');\n//playing the video\ncy.iframe('#foo').find('.PlayButton_module_playIcon__af9e9913').as('PlayBtn').should('have.attr', 'data-play-icon', 'true');\ncy.get('@PlayBtn').click();\ncy.wait(10000);\n//Pausing the video\ncy.iframe('#foo').find('.PlayButton_module_pauseIcon__af9e9913').as('PauseBtn').should('have.attr', 'data-pause-icon', 'true');\ncy.get('@PauseBtn').click();",
              "err": {},
              "uuid": "282b3194-fa1c-4ead-8147-140d497552d3",
              "parentUUID": "9a23065d-ba93-413a-a5b6-843bf2714af9",
              "isHook": false,
              "skipped": false
            }
          ],
          "suites": [],
          "passes": [
            "3f432a7e-cee1-4a6a-a647-bc267588c1ff",
            "282b3194-fa1c-4ead-8147-140d497552d3"
          ],
          "failures": [],
          "pending": [],
          "skipped": [],
          "duration": 28290,
          "root": false,
          "rootEmpty": false,
          "_timeout": 2000
        }
      ],
      "passes": [],
      "failures": [],
      "pending": [],
      "skipped": [],
      "duration": 0,
      "root": true,
      "rootEmpty": true,
      "_timeout": 2000
    }
  ],
  "meta": {
    "mocha": {
      "version": "7.0.1"
    },
    "mochawesome": {
      "options": {
        "quiet": false,
        "reportFilename": "mochawesome",
        "saveHtml": false,
        "saveJson": true,
        "consoleReporter": "spec",
        "useInlineDiffs": false,
        "code": true
      },
      "version": "7.1.3"
    },
    "marge": {
      "options": {
        "overwrite": false,
        "html": false,
        "json": true,
        "reportDir": "cypress/reports/html/.jsons"
      },
      "version": "6.2.0"
    }
  }
}