{
  "stats": {
    "suites": 1,
    "tests": 2,
    "passes": 2,
    "pending": 0,
    "failures": 0,
    "start": "2023-04-07T12:52:55.280Z",
    "end": "2023-04-07T12:53:08.512Z",
    "duration": 13232,
    "testsRegistered": 2,
    "passPercent": 100,
    "pendingPercent": 0,
    "other": 0,
    "hasOther": false,
    "skipped": 0,
    "hasSkipped": false
  },
  "results": [
    {
      "uuid": "d3f5d80d-81c7-42dd-b63a-1411c3e95403",
      "title": "",
      "fullFile": "cypress/e2e/uploadNdownload.cy.js",
      "file": "cypress/e2e/uploadNdownload.cy.js",
      "beforeHooks": [],
      "afterHooks": [],
      "tests": [],
      "suites": [
        {
          "uuid": "f620b139-1fcc-459f-813f-57cadc4e6a8a",
          "title": "verify file upload and download functionality by generating a .txt file",
          "fullFile": "",
          "file": "",
          "beforeHooks": [],
          "afterHooks": [],
          "tests": [
            {
              "title": "Verify the file upload functionality",
              "fullTitle": "verify file upload and download functionality by generating a .txt file Verify the file upload functionality",
              "timedOut": null,
              "duration": 4060,
              "state": "passed",
              "speed": "fast",
              "pass": true,
              "fail": false,
              "pending": false,
              "context": null,
              "code": "cy.visit('https://demo.automationtesting.in/FileUpload.html');\ncy.get('#input-4').attachFile('Data.txt');\ncy.get('.fileinput-upload').should('be.visible').and('be.enabled').click();\n//unable to assert since clicking on upload is not returning anything",
              "err": {},
              "uuid": "ef387ace-8df0-475f-9316-9a9376158e8d",
              "parentUUID": "f620b139-1fcc-459f-813f-57cadc4e6a8a",
              "isHook": false,
              "skipped": false
            },
            {
              "title": "Verify the file download functionality",
              "fullTitle": "verify file upload and download functionality by generating a .txt file Verify the file download functionality",
              "timedOut": null,
              "duration": 8103,
              "state": "passed",
              "speed": "medium",
              "pass": true,
              "fail": false,
              "pending": false,
              "context": null,
              "code": "cy.visit('https://demo.automationtesting.in/FileDownload.html');\n//Direct download\ncy.window().document().then(function (doc) {\n  doc.addEventListener('click', () => {\n    // this adds a listener that reloads your page \n    // after 5 seconds from clicking the download button\n    setTimeout(function () {\n      doc.location.reload();\n    }, 5000);\n  });\n});\ncy.get('.btn-primary').click();\n// cy.readFile('./cypress/downloads/samplefile.pdf').should('exist')  //causing lot of memory to read so will just check if file is generated\ncy.verifyDownload('samplefile.pdf');\n//Txt file download\ncy.get('#textbox').type('Cypress testing is the latest trend TEXT!');\ncy.get('#createTxt').should('be.enabled').click();\ncy.get('#link-to-download').should('be.visible').click();\ncy.readFile('./cypress/downloads/info.txt').should('contain', 'Cypress testing is the latest trend TEXT!');\n//pdf File download\ncy.get('#pdfbox').type('Cypress testing is the latest trend PDF!');\ncy.get('#createPdf').should('be.enabled').click();\ncy.get('#pdf-link-to-download').should('be.visible').click();\ncy.readFile('./cypress/downloads/info.pdf').should('contain', 'Cypress testing is the latest trend PDF!');",
              "err": {},
              "uuid": "d2cb1974-f4ed-4567-be06-ee16257e143f",
              "parentUUID": "f620b139-1fcc-459f-813f-57cadc4e6a8a",
              "isHook": false,
              "skipped": false
            }
          ],
          "suites": [],
          "passes": [
            "ef387ace-8df0-475f-9316-9a9376158e8d",
            "d2cb1974-f4ed-4567-be06-ee16257e143f"
          ],
          "failures": [],
          "pending": [],
          "skipped": [],
          "duration": 12163,
          "root": false,
          "rootEmpty": false,
          "_timeout": 2000
        }
      ],
      "passes": [],
      "failures": [],
      "pending": [],
      "skipped": [],
      "duration": 0,
      "root": true,
      "rootEmpty": true,
      "_timeout": 2000
    }
  ],
  "meta": {
    "mocha": {
      "version": "7.0.1"
    },
    "mochawesome": {
      "options": {
        "quiet": false,
        "reportFilename": "mochawesome",
        "saveHtml": false,
        "saveJson": true,
        "consoleReporter": "spec",
        "useInlineDiffs": false,
        "code": true
      },
      "version": "7.1.3"
    },
    "marge": {
      "options": {
        "overwrite": false,
        "html": false,
        "json": true,
        "reportDir": "cypress/reports/html/.jsons"
      },
      "version": "6.2.0"
    }
  }
}