{
  "stats": {
    "suites": 1,
    "tests": 3,
    "passes": 2,
    "pending": 0,
    "failures": 1,
    "start": "2023-04-07T12:50:15.791Z",
    "end": "2023-04-07T12:50:29.021Z",
    "duration": 13230,
    "testsRegistered": 3,
    "passPercent": 66.66666666666666,
    "pendingPercent": 0,
    "other": 0,
    "hasOther": false,
    "skipped": 0,
    "hasSkipped": false
  },
  "results": [
    {
      "uuid": "d44bddac-8e66-4528-9adc-f29c622e3b7a",
      "title": "",
      "fullFile": "cypress/e2e/alerts.cy.js",
      "file": "cypress/e2e/alerts.cy.js",
      "beforeHooks": [],
      "afterHooks": [],
      "tests": [],
      "suites": [
        {
          "uuid": "7638da82-c4ef-4688-b524-a6b8c8aaa4a2",
          "title": "Access the alerts and verify the functionality of the three alert options provided",
          "fullFile": "",
          "file": "",
          "beforeHooks": [],
          "afterHooks": [],
          "tests": [
            {
              "title": "Verify Alert with OK",
              "fullTitle": "Access the alerts and verify the functionality of the three alert options provided Verify Alert with OK",
              "timedOut": null,
              "duration": 4655,
              "state": "passed",
              "speed": "fast",
              "pass": true,
              "fail": false,
              "pending": false,
              "context": null,
              "code": "cy.contains('Alert with OK').click();\ncy.get('#OKTab > .btn').click();\n//validating alert message    \ncy.on('window:alert', alertText => {\n  expect(alertText).to.contains('I am an alert box!');\n});\n//verifying if cursor can click another element on webpage\ncy.get(\"[href='#CancelTab']\").click();",
              "err": {},
              "uuid": "a5108b75-83b1-4bef-b6fe-92f4712e2b1c",
              "parentUUID": "7638da82-c4ef-4688-b524-a6b8c8aaa4a2",
              "isHook": false,
              "skipped": false
            },
            {
              "title": "Verify Confirm box",
              "fullTitle": "Access the alerts and verify the functionality of the three alert options provided Verify Confirm box",
              "timedOut": null,
              "duration": 1549,
              "state": "passed",
              "speed": "fast",
              "pass": true,
              "fail": false,
              "pending": false,
              "context": null,
              "code": "cy.get(\"[href='#CancelTab']\").click();\ncy.get('.btn-primary').click();\n//validating confirm text\ncy.on('window:confirm', confirmText => {\n  //assertions\n  expect(confirmText).to.contains('Press a Button !');\n  return true;\n});\ncy.get('#demo').contains('You pressed Ok');\n//verifying if cursor can click another element on webpage\ncy.get(\"[href='#Textbox']\").click();",
              "err": {},
              "uuid": "1626ff95-4729-4a6d-8020-106fdb59db88",
              "parentUUID": "7638da82-c4ef-4688-b524-a6b8c8aaa4a2",
              "isHook": false,
              "skipped": false
            },
            {
              "title": "Verify prompt box",
              "fullTitle": "Access the alerts and verify the functionality of the three alert options provided Verify prompt box",
              "timedOut": null,
              "duration": 5918,
              "state": "failed",
              "speed": null,
              "pass": false,
              "fail": true,
              "pending": false,
              "context": "{\n  \"title\": \"cypress-mochawesome-reporter-screenshots\",\n  \"value\": [\n    [\n      {\n        \"title\": \"Failed screenshot\",\n        \"value\": \"/alerts.cy.js/Access the alerts and verify the functionality of the three alert options provided -- Verify prompt box (failed).png\"\n      }\n    ]\n  ]\n}",
              "code": "cy.get(\"[href='#Textbox']\").click();\ncy.get('.btn-info').click();\n//validating prompt text and entering data\ncy.window().then(function (promptWin) {\n  cy.stub(promptWin, 'prompt').returns('Mr.Bean');\n  cy.contains('Please enter your name').click();\n});\n// cy.window().then(function (win) {\n//     cy.stub(win, 'prompt').returns('Mr.Bean')\n//     cy.get('#demo').then(($demo) => {\n//         const oldAlert = win.alert\n//         win.alert = function (msg) {\n//             $demo.text(msg)\n//             oldAlert.call(win, msg)\n//         }\n//         cy.get('#prompt-demo').click()\n//     })\n// })\ncy.get('#demo1').contains('Hello Mr.Bean How are you today ');",
              "err": {
                "message": "AssertionError: Timed out retrying after 4000ms: Expected to find content: 'Please enter your name' but never did.",
                "estack": "AssertionError: Timed out retrying after 4000ms: Expected to find content: 'Please enter your name' but never did.\n    at Context.eval (webpack:///./cypress/e2e/alerts.cy.js:51:15)",
                "diff": null
              },
              "uuid": "e83068bd-8d30-4619-ae28-71fac6c78cb9",
              "parentUUID": "7638da82-c4ef-4688-b524-a6b8c8aaa4a2",
              "isHook": false,
              "skipped": false
            }
          ],
          "suites": [],
          "passes": [
            "a5108b75-83b1-4bef-b6fe-92f4712e2b1c",
            "1626ff95-4729-4a6d-8020-106fdb59db88"
          ],
          "failures": [
            "e83068bd-8d30-4619-ae28-71fac6c78cb9"
          ],
          "pending": [],
          "skipped": [],
          "duration": 12122,
          "root": false,
          "rootEmpty": false,
          "_timeout": 2000
        }
      ],
      "passes": [],
      "failures": [],
      "pending": [],
      "skipped": [],
      "duration": 0,
      "root": true,
      "rootEmpty": true,
      "_timeout": 2000
    }
  ],
  "meta": {
    "mocha": {
      "version": "7.0.1"
    },
    "mochawesome": {
      "options": {
        "quiet": false,
        "reportFilename": "mochawesome",
        "saveHtml": false,
        "saveJson": true,
        "consoleReporter": "spec",
        "useInlineDiffs": false,
        "code": true
      },
      "version": "7.1.3"
    },
    "marge": {
      "options": {
        "overwrite": false,
        "html": false,
        "json": true,
        "reportDir": "cypress/reports/html/.jsons"
      },
      "version": "6.2.0"
    }
  }
}