{
  "stats": {
    "suites": 1,
    "tests": 3,
    "passes": 3,
    "pending": 0,
    "failures": 0,
    "start": "2023-04-07T12:50:02.121Z",
    "end": "2023-04-07T12:50:11.882Z",
    "duration": 9761,
    "testsRegistered": 3,
    "passPercent": 100,
    "pendingPercent": 0,
    "other": 0,
    "hasOther": false,
    "skipped": 0,
    "hasSkipped": false
  },
  "results": [
    {
      "uuid": "822c76a0-434d-465b-93c8-42b445cb2fb0",
      "title": "",
      "fullFile": "cypress/e2e/WYSIWYG.cy.js",
      "file": "cypress/e2e/WYSIWYG.cy.js",
      "beforeHooks": [],
      "afterHooks": [],
      "tests": [],
      "suites": [
        {
          "uuid": "aa0a2537-1661-429e-ba7d-27e9cf992fcc",
          "title": "Verify the format options, image and table properties in the CKEditor under the WYSIWYG menu",
          "fullFile": "",
          "file": "",
          "beforeHooks": [],
          "afterHooks": [],
          "tests": [
            {
              "title": "Verify the format option in CKEditor",
              "fullTitle": "Verify the format options, image and table properties in the CKEditor under the WYSIWYG menu Verify the format option in CKEditor",
              "timedOut": null,
              "duration": 2653,
              "state": "passed",
              "speed": "fast",
              "pass": true,
              "fail": false,
              "pending": false,
              "context": null,
              "code": "cy.frameLoaded('.cke_wysiwyg_frame').should('be.visible');\ncy.iframe('.cke_wysiwyg_frame').clear().type('Cypress Testing {selectAll}');\ncy.get('#cke_35').click(); //bold\ncy.get('#cke_36').click(); //italic\ncy.get('#cke_13').click(); //copy(not permitted)    \n//assertion\ncy.iframe('.cke_wysiwyg_frame').should('contain.text', 'Cypress Testing').and('contain.html', 'strong');",
              "err": {},
              "uuid": "797f7507-46f4-41fe-8ef7-1985e64d1d5c",
              "parentUUID": "aa0a2537-1661-429e-ba7d-27e9cf992fcc",
              "isHook": false,
              "skipped": false
            },
            {
              "title": "Verify the image option in CKEditor",
              "fullTitle": "Verify the format options, image and table properties in the CKEditor under the WYSIWYG menu Verify the image option in CKEditor",
              "timedOut": null,
              "duration": 1799,
              "state": "passed",
              "speed": "fast",
              "pass": true,
              "fail": false,
              "pending": false,
              "context": null,
              "code": "cy.frameLoaded('.cke_wysiwyg_frame').should('be.visible');\ncy.iframe('.cke_wysiwyg_frame').clear();\ncy.get('#cke_26').click(); //adding image\n//capturing the opened window\ncy.window().then(win => {\n  cy.stub(win, 'open').as('WinOpen');\n});\n//adding the url for the image\ncy.get('#cke_76_textInput').type('https://www.cypress.io/cypress_logo_social.png');\ncy.get('#cke_134_label').click();\n//verifying correct image is loadeed\ncy.get('.cke_wysiwyg_frame').then($editor => {\n  const $editorData = $editor.contents().find('body > p');\n  cy.wrap($editorData).find('img').should('have.attr', 'src').and('include', 'cypress_logo_social');\n});",
              "err": {},
              "uuid": "5e606381-58de-4dd0-ac28-0a91fc3c0d5e",
              "parentUUID": "aa0a2537-1661-429e-ba7d-27e9cf992fcc",
              "isHook": false,
              "skipped": false
            },
            {
              "title": "Verify the table properties in CKEditor",
              "fullTitle": "Verify the format options, image and table properties in the CKEditor under the WYSIWYG menu Verify the table properties in CKEditor",
              "timedOut": null,
              "duration": 4229,
              "state": "passed",
              "speed": "fast",
              "pass": true,
              "fail": false,
              "pending": false,
              "context": null,
              "code": "cy.frameLoaded('.cke_wysiwyg_frame').should('be.visible');\ncy.iframe('.cke_wysiwyg_frame').clear();\ncy.get('#cke_27').click(); //adding table\n//capturing the opened window\ncy.window().then(win => {\n  cy.stub(win, 'open').as('WinOpen');\n});\n//setting properties for the table\ncy.get('#cke_71_textInput').clear().type('3');\ncy.get('#cke_74_textInput').clear().type('2');\ncy.get('#cke_78_select').select('row');\ncy.get('#cke_84_select').select('center');\ncy.get('#cke_118_label').click();\n//verifying table is added\ncy.get('.cke_wysiwyg_frame').then($editor => {\n  const $editorData = $editor.contents().find('body > table');\n  cy.wrap($editorData).should('contain.html', 'thead');\n});",
              "err": {},
              "uuid": "80337f08-fa28-43f5-aff3-e4da95ca6478",
              "parentUUID": "aa0a2537-1661-429e-ba7d-27e9cf992fcc",
              "isHook": false,
              "skipped": false
            }
          ],
          "suites": [],
          "passes": [
            "797f7507-46f4-41fe-8ef7-1985e64d1d5c",
            "5e606381-58de-4dd0-ac28-0a91fc3c0d5e",
            "80337f08-fa28-43f5-aff3-e4da95ca6478"
          ],
          "failures": [],
          "pending": [],
          "skipped": [],
          "duration": 8681,
          "root": false,
          "rootEmpty": false,
          "_timeout": 2000
        }
      ],
      "passes": [],
      "failures": [],
      "pending": [],
      "skipped": [],
      "duration": 0,
      "root": true,
      "rootEmpty": true,
      "_timeout": 2000
    }
  ],
  "meta": {
    "mocha": {
      "version": "7.0.1"
    },
    "mochawesome": {
      "options": {
        "quiet": false,
        "reportFilename": "mochawesome",
        "saveHtml": false,
        "saveJson": true,
        "consoleReporter": "spec",
        "useInlineDiffs": false,
        "code": true
      },
      "version": "7.1.3"
    },
    "marge": {
      "options": {
        "overwrite": false,
        "html": false,
        "json": true,
        "reportDir": "cypress/reports/html/.jsons"
      },
      "version": "6.2.0"
    }
  }
}