{
  "stats": {
    "suites": 1,
    "tests": 1,
    "passes": 0,
    "pending": 0,
    "failures": 1,
    "start": "2023-04-07T12:54:18.840Z",
    "end": "2023-04-07T12:54:28.088Z",
    "duration": 9248,
    "testsRegistered": 3,
    "passPercent": 0,
    "pendingPercent": 0,
    "other": 0,
    "hasOther": false,
    "skipped": 2,
    "hasSkipped": true
  },
  "results": [
    {
      "uuid": "d4a19968-9133-4faa-920a-4befe3e6646c",
      "title": "",
      "fullFile": "cypress/e2e/windows.cy.js",
      "file": "cypress/e2e/windows.cy.js",
      "beforeHooks": [],
      "afterHooks": [],
      "tests": [],
      "suites": [
        {
          "uuid": "da7fcb75-f487-471b-87cf-154231875e69",
          "title": "Access the windows and verify the functionality of the three window options provided",
          "fullFile": "",
          "file": "",
          "beforeHooks": [],
          "afterHooks": [],
          "tests": [
            {
              "title": "Verify new tab window",
              "fullTitle": "Access the windows and verify the functionality of the three window options provided Verify new tab window",
              "timedOut": null,
              "duration": 8167,
              "state": "failed",
              "speed": null,
              "pass": false,
              "fail": true,
              "pending": false,
              "context": "{\n  \"title\": \"cypress-mochawesome-reporter-screenshots\",\n  \"value\": [\n    [\n      {\n        \"title\": \"Failed screenshot\",\n        \"value\": \"/windows.cy.js/Access the windows and verify the functionality of the three window options provided -- Verify new tab window -- before each hook (failed).png\"\n      }\n    ]\n  ]\n}",
              "code": "Cypress.config('pageLoadTimeout', 10000);\ncy.get(\"[href='#Tabbed']\").click();\n// // remove the target via dev tools, the link properly opens in the same browser tab. \n// // But this doesn't happen when I use invoke('removeAttr', 'target')\n// cy.get(\"[href='http://www.selenium.dev']\")\n//     .invoke(\"removeAttr\", \"target\")\n//     .click()\n// cy.get(\"[href='http://www.selenium.dev']\").then(link => {\n//     cy.request(link.prop('href')).its('status').should('eq', 200)\n// })\ncy.get(\"[href='http://www.selenium.dev']\").invoke(\"removeAttr\", \"target\");\ncy.get(\"[href='http://www.selenium.dev']\").click();\ncy.location().then(yieldedObject => cy.log(yieldedObject.href));\n//validating the new page\ncy.get('h1').should('have.text', 'Selenium automates browsers');",
              "err": {
                "message": "CypressError: Timed out retrying after 4050ms: `cy.click()` failed because this element is not visible:\n\n`<a href=\"Windows.html\" style=\"color: white\">Windows</a>`\n\nThis element `<a>` is not visible because its parent `<ul.dropdown-menu>` has CSS property: `display: none`\n\nFix this problem, or use `{force: true}` to disable error checking.\n\nhttps://on.cypress.io/element-cannot-be-interacted-with\n\nBecause this error occurred during a `before each` hook we are skipping the remaining tests in the current suite: `Access the windows and veri...`",
                "estack": "CypressError: Timed out retrying after 4050ms: `cy.click()` failed because this element is not visible:\n\n`<a href=\"Windows.html\" style=\"color: white\">Windows</a>`\n\nThis element `<a>` is not visible because its parent `<ul.dropdown-menu>` has CSS property: `display: none`\n\nFix this problem, or use `{force: true}` to disable error checking.\n\nhttps://on.cypress.io/element-cannot-be-interacted-with\n\nBecause this error occurred during a `before each` hook we are skipping the remaining tests in the current suite: `Access the windows and veri...`\n    at runVisibilityCheck (https://demo.automationtesting.in/__cypress/runner/cypress_runner.js:151959:66)\n    at Object.isStrictlyVisible (https://demo.automationtesting.in/__cypress/runner/cypress_runner.js:151973:10)\n    at runAllChecks (https://demo.automationtesting.in/__cypress/runner/cypress_runner.js:130563:26)\n    at retryActionability (https://demo.automationtesting.in/__cypress/runner/cypress_runner.js:130631:16)\n    at tryCatcher (https://demo.automationtesting.in/__cypress/runner/cypress_runner.js:8914:23)\n    at Promise.attempt.Promise.try (https://demo.automationtesting.in/__cypress/runner/cypress_runner.js:6188:29)\n    at whenStable (https://demo.automationtesting.in/__cypress/runner/cypress_runner.js:146742:65)\n    at <unknown> (https://demo.automationtesting.in/__cypress/runner/cypress_runner.js:146183:14)\n    at tryCatcher (https://demo.automationtesting.in/__cypress/runner/cypress_runner.js:8914:23)\n    at Promise._settlePromiseFromHandler (https://demo.automationtesting.in/__cypress/runner/cypress_runner.js:6849:31)\n    at Promise._settlePromise (https://demo.automationtesting.in/__cypress/runner/cypress_runner.js:6906:18)\n    at Promise._settlePromise0 (https://demo.automationtesting.in/__cypress/runner/cypress_runner.js:6951:10)\n    at Promise._settlePromises (https://demo.automationtesting.in/__cypress/runner/cypress_runner.js:7031:18)\n    at Promise._fulfill (https://demo.automationtesting.in/__cypress/runner/cypress_runner.js:6975:18)\n    at <unknown> (https://demo.automationtesting.in/__cypress/runner/cypress_runner.js:8589:46)\nFrom Your Spec Code:\n    at Context.eval (webpack:///./cypress/e2e/windows.cy.js:11:40)",
                "diff": null
              },
              "uuid": "f7124861-3e10-43a6-b2fb-8cf7954bfb8f",
              "parentUUID": "da7fcb75-f487-471b-87cf-154231875e69",
              "isHook": false,
              "skipped": false
            },
            {
              "title": "Verify new seperate window",
              "fullTitle": "Access the windows and verify the functionality of the three window options provided Verify new seperate window",
              "timedOut": null,
              "duration": 0,
              "state": "skipped",
              "speed": null,
              "pass": false,
              "fail": false,
              "pending": false,
              "context": null,
              "code": "cy.get(\"[href='#Seperate']\").click();\ncy.window().then(function (win) {\n  cy.stub(win, 'open').returns(url => {\n    win.location.href = 'https://www.selenium.dev/';\n  }).as(\"popup\");\n});\ncy.get('.btn-primary').click();\ncy.get('@popup').should(\"be.called\");\n//validating the new page\ncy.get('h1').should('have.text', 'Selenium');",
              "err": {},
              "uuid": "eeb9d79c-a6f8-451b-a41d-212b9fb61be6",
              "parentUUID": "da7fcb75-f487-471b-87cf-154231875e69",
              "isHook": false,
              "skipped": true
            },
            {
              "title": "Verify multiple window box",
              "fullTitle": "Access the windows and verify the functionality of the three window options provided Verify multiple window box",
              "timedOut": null,
              "duration": 0,
              "state": "skipped",
              "speed": null,
              "pass": false,
              "fail": false,
              "pending": false,
              "context": null,
              "code": "cy.get(\"[href='#Multiple']\").click();\ncy.get('#Multiple > .btn').invoke(\"removeAttr\", \"onclick\").click();",
              "err": {},
              "uuid": "1188c75d-ed14-4563-95ef-3a71aaef09c1",
              "parentUUID": "da7fcb75-f487-471b-87cf-154231875e69",
              "isHook": false,
              "skipped": true
            }
          ],
          "suites": [],
          "passes": [],
          "failures": [
            "f7124861-3e10-43a6-b2fb-8cf7954bfb8f"
          ],
          "pending": [],
          "skipped": [
            "eeb9d79c-a6f8-451b-a41d-212b9fb61be6",
            "1188c75d-ed14-4563-95ef-3a71aaef09c1"
          ],
          "duration": 8167,
          "root": false,
          "rootEmpty": false,
          "_timeout": 2000
        }
      ],
      "passes": [],
      "failures": [],
      "pending": [],
      "skipped": [],
      "duration": 0,
      "root": true,
      "rootEmpty": true,
      "_timeout": 2000
    }
  ],
  "meta": {
    "mocha": {
      "version": "7.0.1"
    },
    "mochawesome": {
      "options": {
        "quiet": false,
        "reportFilename": "mochawesome",
        "saveHtml": false,
        "saveJson": true,
        "consoleReporter": "spec",
        "useInlineDiffs": false,
        "code": true
      },
      "version": "7.1.3"
    },
    "marge": {
      "options": {
        "overwrite": false,
        "html": false,
        "json": true,
        "reportDir": "cypress/reports/html/.jsons"
      },
      "version": "6.2.0"
    }
  }
}