{
  "stats": {
    "suites": 1,
    "tests": 2,
    "passes": 2,
    "pending": 0,
    "failures": 0,
    "start": "2023-04-07T12:50:52.128Z",
    "end": "2023-04-07T12:50:56.750Z",
    "duration": 4622,
    "testsRegistered": 2,
    "passPercent": 100,
    "pendingPercent": 0,
    "other": 0,
    "hasOther": false,
    "skipped": 0,
    "hasSkipped": false
  },
  "results": [
    {
      "uuid": "70508a34-91ce-4837-8d74-76d61fcabc1b",
      "title": "",
      "fullFile": "cypress/e2e/iframes.cy.js",
      "file": "cypress/e2e/iframes.cy.js",
      "beforeHooks": [],
      "afterHooks": [],
      "tests": [],
      "suites": [
        {
          "uuid": "6e3bd1ce-17e6-498a-b53b-ab41585f1d8f",
          "title": "Access the frames and verify the functionality of both single and nested iframes",
          "fullFile": "",
          "file": "",
          "beforeHooks": [],
          "afterHooks": [],
          "tests": [
            {
              "title": "Verify Single frame",
              "fullTitle": "Access the frames and verify the functionality of both single and nested iframes Verify Single frame",
              "timedOut": null,
              "duration": 2420,
              "state": "passed",
              "speed": "fast",
              "pass": true,
              "fail": false,
              "pending": false,
              "context": null,
              "code": "cy.get(\"[href='#Single']\").click().should('be.visible');\n//accessing frame & its element\ncy.get('#singleframe').should('be.visible').then($iframe => {\n  const $body = $iframe.contents().find('body');\n  cy.wrap($body).find(`input[type='text']`).should('be.visible').type('Cypress{enter}');\n  cy.wrap($body).click();\n});",
              "err": {},
              "uuid": "f0ece168-a5c2-4d84-9746-fb8c83353cd0",
              "parentUUID": "6e3bd1ce-17e6-498a-b53b-ab41585f1d8f",
              "isHook": false,
              "skipped": false
            },
            {
              "title": "Verify Nested frame",
              "fullTitle": "Access the frames and verify the functionality of both single and nested iframes Verify Nested frame",
              "timedOut": null,
              "duration": 1100,
              "state": "passed",
              "speed": "fast",
              "pass": true,
              "fail": false,
              "pending": false,
              "context": null,
              "code": "cy.get(\"[href='#Multiple']\").click().should('be.visible');\n//accessing the first iframe\ncy.get('#Multiple > iframe').then($firstIframe => {\n  const $secondIframeReference = $firstIframe.contents().find('body > section > div > div > iframe');\n  // Saving this as a reference for further use\n  cy.wrap($secondIframeReference).as('secondIframeReference');\n  //accessing the second iframe\n  cy.get('@secondIframeReference').then($secondIframe => {\n    const $elementYouWant = $secondIframe.contents().find('body');\n    cy.wrap($elementYouWant).find(`input[type='text']`).type(\"Cypress2\");\n    cy.wrap($elementYouWant).click();\n  });\n});",
              "err": {},
              "uuid": "95a7733b-10e3-48bc-bf0a-40c09fdc49bb",
              "parentUUID": "6e3bd1ce-17e6-498a-b53b-ab41585f1d8f",
              "isHook": false,
              "skipped": false
            }
          ],
          "suites": [],
          "passes": [
            "f0ece168-a5c2-4d84-9746-fb8c83353cd0",
            "95a7733b-10e3-48bc-bf0a-40c09fdc49bb"
          ],
          "failures": [],
          "pending": [],
          "skipped": [],
          "duration": 3520,
          "root": false,
          "rootEmpty": false,
          "_timeout": 2000
        }
      ],
      "passes": [],
      "failures": [],
      "pending": [],
      "skipped": [],
      "duration": 0,
      "root": true,
      "rootEmpty": true,
      "_timeout": 2000
    }
  ],
  "meta": {
    "mocha": {
      "version": "7.0.1"
    },
    "mochawesome": {
      "options": {
        "quiet": false,
        "reportFilename": "mochawesome",
        "saveHtml": false,
        "saveJson": true,
        "consoleReporter": "spec",
        "useInlineDiffs": false,
        "code": true
      },
      "version": "7.1.3"
    },
    "marge": {
      "options": {
        "overwrite": false,
        "html": false,
        "json": true,
        "reportDir": "cypress/reports/html/.jsons"
      },
      "version": "6.2.0"
    }
  }
}