{
  "stats": {
    "suites": 1,
    "tests": 5,
    "passes": 5,
    "pending": 0,
    "failures": 0,
    "start": "2023-04-10T09:04:03.335Z",
    "end": "2023-04-10T09:04:20.059Z",
    "duration": 16724,
    "testsRegistered": 5,
    "passPercent": 100,
    "pendingPercent": 0,
    "other": 0,
    "hasOther": false,
    "skipped": 0,
    "hasSkipped": false
  },
  "results": [
    {
      "uuid": "f67bf957-7b9f-4a15-a5c9-e2d3511be117",
      "title": "",
      "fullFile": "cypress/e2e/widgets.cy.js",
      "file": "cypress/e2e/widgets.cy.js",
      "beforeHooks": [],
      "afterHooks": [],
      "tests": [],
      "suites": [
        {
          "uuid": "3fe7739d-c698-455a-8620-1e49f831312d",
          "title": "Access the widgets and verify thier functionalities",
          "fullFile": "",
          "file": "",
          "beforeHooks": [],
          "afterHooks": [],
          "tests": [
            {
              "title": "Verify Accordion widget",
              "fullTitle": "Access the widgets and verify thier functionalities Verify Accordion widget",
              "timedOut": null,
              "duration": 2353,
              "state": "passed",
              "speed": "fast",
              "pass": true,
              "fail": false,
              "pending": false,
              "context": null,
              "code": "cy.visit('https://demo.automationtesting.in/Accordion.html');\ncy.get('.panel-default').then($headers => {\n  // Loop over each header and click it to expand the corresponding content\n  for (let i = 0; i < $headers.length; i++) {\n    if (i == 0) {\n      cy.wrap($headers[i]).click().should('be.visible').and('contain.text', 'Automation Testing API');\n    } else if (i == 1) {\n      cy.wrap($headers[i]).click().should('be.visible').and('contain.text', 'Single line code');\n    } else if (i == 2) {\n      cy.wrap($headers[i]).click().should('be.visible').and('contain.text', 'chain the methods');\n    } else if (i == 3) {\n      cy.wrap($headers[i]).click().should('be.visible').and('contain.text', 'NTest your web application');\n    }\n  }\n});",
              "err": {},
              "uuid": "59cce891-bbb8-4aa9-a918-cc89c6328fdf",
              "parentUUID": "3fe7739d-c698-455a-8620-1e49f831312d",
              "isHook": false,
              "skipped": false
            },
            {
              "title": "Verify autocomplete widget",
              "fullTitle": "Access the widgets and verify thier functionalities Verify autocomplete widget",
              "timedOut": null,
              "duration": 2236,
              "state": "passed",
              "speed": "fast",
              "pass": true,
              "fail": false,
              "pending": false,
              "context": null,
              "code": "cy.visit('https://demo.automationtesting.in/AutoComplete.html');\ncy.get('#searchbox').should('be.enabled').type('Ind');\n// //trying to include all the result in an array & then iterate through each element\ncy.get(\"ul> li[role='presentation']\").each(function ($ele, index, $list) {\n  if ($ele.text() == \"India\") {\n    cy.wrap($ele).click({\n      force: true\n    });\n  } else {\n    cy.log($ele.text());\n  }\n});\ncy.get('.ui-autocomplete-multiselect').should('contain.text', 'India');",
              "err": {},
              "uuid": "62a3c2e7-00f2-47a9-8620-82c799fe4cea",
              "parentUUID": "3fe7739d-c698-455a-8620-1e49f831312d",
              "isHook": false,
              "skipped": false
            },
            {
              "title": "Verify Datepicker widget One",
              "fullTitle": "Access the widgets and verify thier functionalities Verify Datepicker widget One",
              "timedOut": null,
              "duration": 6749,
              "state": "passed",
              "speed": "medium",
              "pass": true,
              "fail": false,
              "pending": false,
              "context": null,
              "code": "cy.visit('https://demo.automationtesting.in/Datepicker.html');\n//get date picker element\ncy.get('#datepicker1').click();\n//get calendar :#ui-datepicker-div\ncy.get('#ui-datepicker-div').should('be.visible');\n//calling methods to select date, we will declare them in command.js\ncy.selectYear(2022);\ncy.selectMonth('January');\ncy.selectOneDay(7);\ncy.get('#datepicker1').should('be.visible');",
              "err": {},
              "uuid": "bde7a3fc-f447-47ec-8c53-1820d2b1956e",
              "parentUUID": "3fe7739d-c698-455a-8620-1e49f831312d",
              "isHook": false,
              "skipped": false
            },
            {
              "title": "Verify Datepicker widget Two",
              "fullTitle": "Access the widgets and verify thier functionalities Verify Datepicker widget Two",
              "timedOut": null,
              "duration": 2884,
              "state": "passed",
              "speed": "fast",
              "pass": true,
              "fail": false,
              "pending": false,
              "context": null,
              "code": "cy.visit('https://demo.automationtesting.in/Datepicker.html');\n//get date picker element\ncy.get('#datepicker2').click().type('10/10/2020{enter}').should('be.visible');",
              "err": {},
              "uuid": "da00b0fb-aecc-4c4a-a931-42cca44a5753",
              "parentUUID": "3fe7739d-c698-455a-8620-1e49f831312d",
              "isHook": false,
              "skipped": false
            },
            {
              "title": "Verify Slider widget",
              "fullTitle": "Access the widgets and verify thier functionalities Verify Slider widget",
              "timedOut": null,
              "duration": 1352,
              "state": "passed",
              "speed": "fast",
              "pass": true,
              "fail": false,
              "pending": false,
              "context": null,
              "code": "cy.visit('https://demo.automationtesting.in/Slider.html');\ncy.get('#slider').invoke('attr', 'style', 'left: 84%;').should('have.attr', 'style', 'left: 84%;');",
              "err": {},
              "uuid": "8d959045-7520-48c5-9a88-236242c7c0e6",
              "parentUUID": "3fe7739d-c698-455a-8620-1e49f831312d",
              "isHook": false,
              "skipped": false
            }
          ],
          "suites": [],
          "passes": [
            "59cce891-bbb8-4aa9-a918-cc89c6328fdf",
            "62a3c2e7-00f2-47a9-8620-82c799fe4cea",
            "bde7a3fc-f447-47ec-8c53-1820d2b1956e",
            "da00b0fb-aecc-4c4a-a931-42cca44a5753",
            "8d959045-7520-48c5-9a88-236242c7c0e6"
          ],
          "failures": [],
          "pending": [],
          "skipped": [],
          "duration": 15574,
          "root": false,
          "rootEmpty": false,
          "_timeout": 2000
        }
      ],
      "passes": [],
      "failures": [],
      "pending": [],
      "skipped": [],
      "duration": 0,
      "root": true,
      "rootEmpty": true,
      "_timeout": 2000
    }
  ],
  "meta": {
    "mocha": {
      "version": "7.0.1"
    },
    "mochawesome": {
      "options": {
        "quiet": false,
        "reportFilename": "mochawesome",
        "saveHtml": false,
        "saveJson": true,
        "consoleReporter": "spec",
        "useInlineDiffs": false,
        "code": true
      },
      "version": "7.1.3"
    },
    "marge": {
      "options": {
        "charts": true,
        "overwrite": false,
        "html": false,
        "json": true,
        "reportDir": "cypress/report/mochawesome-report"
      },
      "version": "6.2.0"
    }
  }
}