{
  "stats": {
    "suites": 1,
    "tests": 3,
    "passes": 2,
    "pending": 0,
    "failures": 1,
    "start": "2023-04-10T06:50:07.438Z",
    "end": "2023-04-10T06:50:22.891Z",
    "duration": 15453,
    "testsRegistered": 3,
    "passPercent": 66.66666666666666,
    "pendingPercent": 0,
    "other": 0,
    "hasOther": false,
    "skipped": 0,
    "hasSkipped": false
  },
  "results": [
    {
      "uuid": "799a6d01-ee85-4ef8-be29-d0c861d2c891",
      "title": "",
      "fullFile": "cypress/e2e/alerts.cy.js",
      "file": "cypress/e2e/alerts.cy.js",
      "beforeHooks": [],
      "afterHooks": [],
      "tests": [],
      "suites": [
        {
          "uuid": "739b40c8-2232-4990-90c5-7736d2c71c61",
          "title": "Access the alerts and verify the functionality of the three alert options provided",
          "fullFile": "",
          "file": "",
          "beforeHooks": [],
          "afterHooks": [],
          "tests": [
            {
              "title": "Verify Alert with OK",
              "fullTitle": "Access the alerts and verify the functionality of the three alert options provided Verify Alert with OK",
              "timedOut": null,
              "duration": 4461,
              "state": "passed",
              "speed": "fast",
              "pass": true,
              "fail": false,
              "pending": false,
              "context": null,
              "code": "cy.contains('Alert with OK').click();\ncy.get('#OKTab > .btn').click();\n//validating alert message    \ncy.on('window:alert', alertText => {\n  expect(alertText).to.contains('I am an alert box!');\n});\n//verifying if cursor can click another element on webpage\ncy.get(\"[href='#CancelTab']\").click();",
              "err": {},
              "uuid": "5aaf8f32-722c-48b9-940c-6775ab3a6e1b",
              "parentUUID": "739b40c8-2232-4990-90c5-7736d2c71c61",
              "isHook": false,
              "skipped": false
            },
            {
              "title": "Verify Confirm box",
              "fullTitle": "Access the alerts and verify the functionality of the three alert options provided Verify Confirm box",
              "timedOut": null,
              "duration": 1455,
              "state": "passed",
              "speed": "fast",
              "pass": true,
              "fail": false,
              "pending": false,
              "context": null,
              "code": "cy.get(\"[href='#CancelTab']\").click();\ncy.get('.btn-primary').click();\n//validating confirm text\ncy.on('window:confirm', confirmText => {\n  //assertions\n  expect(confirmText).to.contains('Press a Button !');\n  return true;\n});\ncy.get('#demo').contains('You pressed Ok');\n//verifying if cursor can click another element on webpage\ncy.get(\"[href='#Textbox']\").click();",
              "err": {},
              "uuid": "17717fce-2575-4e90-bf7b-a7643a500bc5",
              "parentUUID": "739b40c8-2232-4990-90c5-7736d2c71c61",
              "isHook": false,
              "skipped": false
            },
            {
              "title": "Verify prompt box",
              "fullTitle": "Access the alerts and verify the functionality of the three alert options provided Verify prompt box",
              "timedOut": null,
              "duration": 8523,
              "state": "failed",
              "speed": null,
              "pass": false,
              "fail": true,
              "pending": false,
              "context": null,
              "code": "cy.get(\"[href='#Textbox']\").click();\ncy.get('.btn-info').click();\n//validating prompt text and entering data\ncy.window().then(function (promptWin) {\n  cy.stub(promptWin, 'prompt').returns('Mr.Bean');\n  cy.contains('Please enter your name').click();\n});\n// cy.window().then(function (win) {\n//     cy.stub(win, 'prompt').returns('Mr.Bean')\n//     cy.get('#demo').then(($demo) => {\n//         const oldAlert = win.alert\n//         win.alert = function (msg) {\n//             $demo.text(msg)\n//             oldAlert.call(win, msg)\n//         }\n//         cy.get('#prompt-demo').click()\n//     })\n// })\ncy.get('#demo1').contains('Hello Mr.Bean How are you today ');",
              "err": {
                "message": "AssertionError: Timed out retrying after 4000ms: Expected to find content: 'Please enter your name' but never did.",
                "estack": "AssertionError: Timed out retrying after 4000ms: Expected to find content: 'Please enter your name' but never did.\n    at Context.eval (webpack:///./cypress/e2e/alerts.cy.js:51:15)",
                "diff": null
              },
              "uuid": "723872ce-d0dc-4654-a3c3-5e398f981189",
              "parentUUID": "739b40c8-2232-4990-90c5-7736d2c71c61",
              "isHook": false,
              "skipped": false
            }
          ],
          "suites": [],
          "passes": [
            "5aaf8f32-722c-48b9-940c-6775ab3a6e1b",
            "17717fce-2575-4e90-bf7b-a7643a500bc5"
          ],
          "failures": [
            "723872ce-d0dc-4654-a3c3-5e398f981189"
          ],
          "pending": [],
          "skipped": [],
          "duration": 14439,
          "root": false,
          "rootEmpty": false,
          "_timeout": 2000
        }
      ],
      "passes": [],
      "failures": [],
      "pending": [],
      "skipped": [],
      "duration": 0,
      "root": true,
      "rootEmpty": true,
      "_timeout": 2000
    }
  ],
  "meta": {
    "mocha": {
      "version": "7.0.1"
    },
    "mochawesome": {
      "options": {
        "quiet": false,
        "reportFilename": "mochawesome",
        "saveHtml": false,
        "saveJson": true,
        "consoleReporter": "spec",
        "useInlineDiffs": false,
        "code": true
      },
      "version": "7.1.3"
    },
    "marge": {
      "options": {
        "charts": true,
        "overwrite": false,
        "html": false,
        "json": true,
        "reportDir": "cypress/report/mochawesome-report"
      },
      "version": "6.2.0"
    }
  }
}