{
  "stats": {
    "suites": 1,
    "tests": 3,
    "passes": 3,
    "pending": 0,
    "failures": 0,
    "start": "2023-04-10T06:49:56.350Z",
    "end": "2023-04-10T06:50:03.973Z",
    "duration": 7623,
    "testsRegistered": 3,
    "passPercent": 100,
    "pendingPercent": 0,
    "other": 0,
    "hasOther": false,
    "skipped": 0,
    "hasSkipped": false
  },
  "results": [
    {
      "uuid": "a9899ba9-912c-4738-b3e6-c6272aabf23b",
      "title": "",
      "fullFile": "cypress/e2e/WYSIWYG.cy.js",
      "file": "cypress/e2e/WYSIWYG.cy.js",
      "beforeHooks": [],
      "afterHooks": [],
      "tests": [],
      "suites": [
        {
          "uuid": "51403847-dd96-41d9-bee6-99a0e28964f9",
          "title": "Verify the format options, image and table properties in the CKEditor under the WYSIWYG menu",
          "fullFile": "",
          "file": "",
          "beforeHooks": [],
          "afterHooks": [],
          "tests": [
            {
              "title": "Verify the format option in CKEditor",
              "fullTitle": "Verify the format options, image and table properties in the CKEditor under the WYSIWYG menu Verify the format option in CKEditor",
              "timedOut": null,
              "duration": 2777,
              "state": "passed",
              "speed": "fast",
              "pass": true,
              "fail": false,
              "pending": false,
              "context": null,
              "code": "cy.frameLoaded('.cke_wysiwyg_frame').should('be.visible');\ncy.iframe('.cke_wysiwyg_frame').clear().type('Cypress Testing {selectAll}');\ncy.get('#cke_35').click(); //bold\ncy.get('#cke_36').click(); //italic\ncy.get('#cke_13').click(); //copy(not permitted)    \n//assertion\ncy.iframe('.cke_wysiwyg_frame').should('contain.text', 'Cypress Testing').and('contain.html', 'strong');",
              "err": {},
              "uuid": "85325d4b-2067-42fc-a3a1-7aedc6db6a11",
              "parentUUID": "51403847-dd96-41d9-bee6-99a0e28964f9",
              "isHook": false,
              "skipped": false
            },
            {
              "title": "Verify the image option in CKEditor",
              "fullTitle": "Verify the format options, image and table properties in the CKEditor under the WYSIWYG menu Verify the image option in CKEditor",
              "timedOut": null,
              "duration": 1876,
              "state": "passed",
              "speed": "fast",
              "pass": true,
              "fail": false,
              "pending": false,
              "context": null,
              "code": "cy.frameLoaded('.cke_wysiwyg_frame').should('be.visible');\ncy.iframe('.cke_wysiwyg_frame').clear();\ncy.get('#cke_26').click(); //adding image\n//capturing the opened window\ncy.window().then(win => {\n  cy.stub(win, 'open').as('WinOpen');\n});\n//adding the url for the image\ncy.get('#cke_76_textInput').type('https://www.cypress.io/cypress_logo_social.png');\ncy.get('#cke_134_label').click();\n//verifying correct image is loadeed\ncy.get('.cke_wysiwyg_frame').then($editor => {\n  const $editorData = $editor.contents().find('body > p');\n  cy.wrap($editorData).find('img').should('have.attr', 'src').and('include', 'cypress_logo_social');\n});",
              "err": {},
              "uuid": "be587e6f-afca-41ce-88c5-8c62eb01662c",
              "parentUUID": "51403847-dd96-41d9-bee6-99a0e28964f9",
              "isHook": false,
              "skipped": false
            },
            {
              "title": "Verify the table properties in CKEditor",
              "fullTitle": "Verify the format options, image and table properties in the CKEditor under the WYSIWYG menu Verify the table properties in CKEditor",
              "timedOut": null,
              "duration": 1900,
              "state": "passed",
              "speed": "fast",
              "pass": true,
              "fail": false,
              "pending": false,
              "context": null,
              "code": "cy.frameLoaded('.cke_wysiwyg_frame').should('be.visible');\ncy.iframe('.cke_wysiwyg_frame').clear();\ncy.get('#cke_27').click(); //adding table\n//capturing the opened window\ncy.window().then(win => {\n  cy.stub(win, 'open').as('WinOpen');\n});\n//setting properties for the table\ncy.get('#cke_71_textInput').clear().type('3');\ncy.get('#cke_74_textInput').clear().type('2');\ncy.get('#cke_78_select').select('row');\ncy.get('#cke_84_select').select('center');\ncy.get('#cke_118_label').click();\n//verifying table is added\ncy.get('.cke_wysiwyg_frame').then($editor => {\n  const $editorData = $editor.contents().find('body > table');\n  cy.wrap($editorData).should('contain.html', 'thead');\n});",
              "err": {},
              "uuid": "acbf9109-286d-4840-8100-50cee2acf00a",
              "parentUUID": "51403847-dd96-41d9-bee6-99a0e28964f9",
              "isHook": false,
              "skipped": false
            }
          ],
          "suites": [],
          "passes": [
            "85325d4b-2067-42fc-a3a1-7aedc6db6a11",
            "be587e6f-afca-41ce-88c5-8c62eb01662c",
            "acbf9109-286d-4840-8100-50cee2acf00a"
          ],
          "failures": [],
          "pending": [],
          "skipped": [],
          "duration": 6553,
          "root": false,
          "rootEmpty": false,
          "_timeout": 2000
        }
      ],
      "passes": [],
      "failures": [],
      "pending": [],
      "skipped": [],
      "duration": 0,
      "root": true,
      "rootEmpty": true,
      "_timeout": 2000
    }
  ],
  "meta": {
    "mocha": {
      "version": "7.0.1"
    },
    "mochawesome": {
      "options": {
        "quiet": false,
        "reportFilename": "mochawesome",
        "saveHtml": false,
        "saveJson": true,
        "consoleReporter": "spec",
        "useInlineDiffs": false,
        "code": true
      },
      "version": "7.1.3"
    },
    "marge": {
      "options": {
        "charts": true,
        "overwrite": false,
        "html": false,
        "json": true,
        "reportDir": "cypress/report/mochawesome-report"
      },
      "version": "6.2.0"
    }
  }
}