{
  "stats": {
    "suites": 1,
    "tests": 2,
    "passes": 2,
    "pending": 0,
    "failures": 0,
    "start": "2023-04-10T06:52:03.672Z",
    "end": "2023-04-10T06:52:13.825Z",
    "duration": 10153,
    "testsRegistered": 2,
    "passPercent": 100,
    "pendingPercent": 0,
    "other": 0,
    "hasOther": false,
    "skipped": 0,
    "hasSkipped": false
  },
  "results": [
    {
      "uuid": "20531e95-50f7-48cf-a912-8e55c7df7f63",
      "title": "",
      "fullFile": "cypress/e2e/selectableNresizable.cy.js",
      "file": "cypress/e2e/selectableNresizable.cy.js",
      "beforeHooks": [],
      "afterHooks": [],
      "tests": [],
      "suites": [
        {
          "uuid": "3f0fab37-0b9a-43b8-9a9a-15afaacf5617",
          "title": "Verify the selectable and resizable features",
          "fullFile": "",
          "file": "",
          "beforeHooks": [],
          "afterHooks": [],
          "tests": [
            {
              "title": "Verify selectable feature",
              "fullTitle": "Verify the selectable and resizable features Verify selectable feature",
              "timedOut": null,
              "duration": 6857,
              "state": "passed",
              "speed": "medium",
              "pass": true,
              "fail": false,
              "pending": false,
              "context": null,
              "code": "cy.visit('https://demo.automationtesting.in/Selectable.html');\n//Verify default behaviour of selectable feature\ncy.get('[href=\"#Default\"]').click();\ncy.get('ul.deaultFunc li.ui-widget-content').each($ele => {\n  cy.wrap($ele).click();\n  cy.get('ul.deaultFunc li.selected').should('have.attr', 'class').and('include', 'selected');\n});\n//Verify serialize behaviour of selectable feature\ncy.get('[href=\"#Serialize\"]').click();\ncy.get('ul.SerializeFunc li.ui-widget-content').each($ele => {\n  cy.wrap($ele).click();\n  const text = cy.get('ul.SerializeFunc li.selected b').then($data => {\n    // store the button's text\n    const dataText = $data.text();\n    cy.log(dataText);\n    cy.get('#feedback #result').then($result => {\n      const resultData = $data.text();\n      cy.log(resultData);\n      assert.equal(dataText, resultData);\n    });\n  });\n});",
              "err": {},
              "uuid": "cfa78a4d-16ff-4db3-b7fa-38fb679a8700",
              "parentUUID": "3f0fab37-0b9a-43b8-9a9a-15afaacf5617",
              "isHook": false,
              "skipped": false
            },
            {
              "title": "Verify resizable element",
              "fullTitle": "Verify the selectable and resizable features Verify resizable element",
              "timedOut": null,
              "duration": 2197,
              "state": "passed",
              "speed": "fast",
              "pass": true,
              "fail": false,
              "pending": false,
              "context": null,
              "code": "cy.visit('https://demo.automationtesting.in/Resizable.html');\ncy.get('#resizable').invoke('attr', 'style', 'width: 732px; height: 221px;').should('have.attr', 'style', 'width: 732px; height: 221px;');",
              "err": {},
              "uuid": "100280d3-00ff-46ef-8007-7c8b02dcc9a9",
              "parentUUID": "3f0fab37-0b9a-43b8-9a9a-15afaacf5617",
              "isHook": false,
              "skipped": false
            }
          ],
          "suites": [],
          "passes": [
            "cfa78a4d-16ff-4db3-b7fa-38fb679a8700",
            "100280d3-00ff-46ef-8007-7c8b02dcc9a9"
          ],
          "failures": [],
          "pending": [],
          "skipped": [],
          "duration": 9054,
          "root": false,
          "rootEmpty": false,
          "_timeout": 2000
        }
      ],
      "passes": [],
      "failures": [],
      "pending": [],
      "skipped": [],
      "duration": 0,
      "root": true,
      "rootEmpty": true,
      "_timeout": 2000
    }
  ],
  "meta": {
    "mocha": {
      "version": "7.0.1"
    },
    "mochawesome": {
      "options": {
        "quiet": false,
        "reportFilename": "mochawesome",
        "saveHtml": false,
        "saveJson": true,
        "consoleReporter": "spec",
        "useInlineDiffs": false,
        "code": true
      },
      "version": "7.1.3"
    },
    "marge": {
      "options": {
        "charts": true,
        "overwrite": false,
        "html": false,
        "json": true,
        "reportDir": "cypress/report/mochawesome-report"
      },
      "version": "6.2.0"
    }
  }
}