{
  "stats": {
    "suites": 1,
    "tests": 2,
    "passes": 2,
    "pending": 0,
    "failures": 0,
    "start": "2023-04-10T06:50:48.039Z",
    "end": "2023-04-10T06:50:52.555Z",
    "duration": 4516,
    "testsRegistered": 2,
    "passPercent": 100,
    "pendingPercent": 0,
    "other": 0,
    "hasOther": false,
    "skipped": 0,
    "hasSkipped": false
  },
  "results": [
    {
      "uuid": "b2fcde3c-3051-4964-af79-02f6ddafdb1e",
      "title": "",
      "fullFile": "cypress/e2e/iframes.cy.js",
      "file": "cypress/e2e/iframes.cy.js",
      "beforeHooks": [],
      "afterHooks": [],
      "tests": [],
      "suites": [
        {
          "uuid": "b185e45a-a202-463a-80f1-9c9c536ca9c8",
          "title": "Access the frames and verify the functionality of both single and nested iframes",
          "fullFile": "",
          "file": "",
          "beforeHooks": [],
          "afterHooks": [],
          "tests": [
            {
              "title": "Verify Single frame",
              "fullTitle": "Access the frames and verify the functionality of both single and nested iframes Verify Single frame",
              "timedOut": null,
              "duration": 2287,
              "state": "passed",
              "speed": "fast",
              "pass": true,
              "fail": false,
              "pending": false,
              "context": null,
              "code": "cy.get(\"[href='#Single']\").click().should('be.visible');\n//accessing frame & its element\ncy.get('#singleframe').should('be.visible').then($iframe => {\n  const $body = $iframe.contents().find('body');\n  cy.wrap($body).find(`input[type='text']`).should('be.visible').type('Cypress{enter}');\n  cy.wrap($body).click();\n});",
              "err": {},
              "uuid": "c3993afb-f0be-4b14-8398-3b10783ab3e9",
              "parentUUID": "b185e45a-a202-463a-80f1-9c9c536ca9c8",
              "isHook": false,
              "skipped": false
            },
            {
              "title": "Verify Nested frame",
              "fullTitle": "Access the frames and verify the functionality of both single and nested iframes Verify Nested frame",
              "timedOut": null,
              "duration": 1131,
              "state": "passed",
              "speed": "fast",
              "pass": true,
              "fail": false,
              "pending": false,
              "context": null,
              "code": "cy.get(\"[href='#Multiple']\").click().should('be.visible');\n//accessing the first iframe\ncy.get('#Multiple > iframe').then($firstIframe => {\n  const $secondIframeReference = $firstIframe.contents().find('body > section > div > div > iframe');\n  // Saving this as a reference for further use\n  cy.wrap($secondIframeReference).as('secondIframeReference');\n  //accessing the second iframe\n  cy.get('@secondIframeReference').then($secondIframe => {\n    const $elementYouWant = $secondIframe.contents().find('body');\n    cy.wrap($elementYouWant).find(`input[type='text']`).type(\"Cypress2\");\n    cy.wrap($elementYouWant).click();\n  });\n});",
              "err": {},
              "uuid": "81a062b4-292c-4187-a880-fdad17167c19",
              "parentUUID": "b185e45a-a202-463a-80f1-9c9c536ca9c8",
              "isHook": false,
              "skipped": false
            }
          ],
          "suites": [],
          "passes": [
            "c3993afb-f0be-4b14-8398-3b10783ab3e9",
            "81a062b4-292c-4187-a880-fdad17167c19"
          ],
          "failures": [],
          "pending": [],
          "skipped": [],
          "duration": 3418,
          "root": false,
          "rootEmpty": false,
          "_timeout": 2000
        }
      ],
      "passes": [],
      "failures": [],
      "pending": [],
      "skipped": [],
      "duration": 0,
      "root": true,
      "rootEmpty": true,
      "_timeout": 2000
    }
  ],
  "meta": {
    "mocha": {
      "version": "7.0.1"
    },
    "mochawesome": {
      "options": {
        "quiet": false,
        "reportFilename": "mochawesome",
        "saveHtml": false,
        "saveJson": true,
        "consoleReporter": "spec",
        "useInlineDiffs": false,
        "code": true
      },
      "version": "7.1.3"
    },
    "marge": {
      "options": {
        "charts": true,
        "overwrite": false,
        "html": false,
        "json": true,
        "reportDir": "cypress/report/mochawesome-report"
      },
      "version": "6.2.0"
    }
  }
}