{
  "stats": {
    "suites": 1,
    "tests": 3,
    "passes": 2,
    "pending": 0,
    "failures": 1,
    "start": "2023-04-19T07:46:57.928Z",
    "end": "2023-04-19T07:47:50.272Z",
    "duration": 52344,
    "testsRegistered": 3,
    "passPercent": 66.66666666666666,
    "pendingPercent": 0,
    "other": 0,
    "hasOther": false,
    "skipped": 0,
    "hasSkipped": false
  },
  "results": [
    {
      "uuid": "2c207b6a-297c-4ae7-bf23-69ad5759412f",
      "title": "",
      "fullFile": "cypress/e2e/moreBarFunctionality.cy.js",
      "file": "cypress/e2e/moreBarFunctionality.cy.js",
      "beforeHooks": [],
      "afterHooks": [],
      "tests": [],
      "suites": [
        {
          "uuid": "1d7151c3-482b-416b-9796-d9c2953ef46c",
          "title": "Verify the functionality of the JqueryProgressBar, Loader, and Progress bar",
          "fullFile": "",
          "file": "",
          "beforeHooks": [],
          "afterHooks": [],
          "tests": [
            {
              "title": "Verify the functionality of the JqueryProgressBar",
              "fullTitle": "Verify the functionality of the JqueryProgressBar, Loader, and Progress bar Verify the functionality of the JqueryProgressBar",
              "timedOut": null,
              "duration": 11542,
              "state": "passed",
              "speed": "slow",
              "pass": true,
              "fail": false,
              "pending": false,
              "context": null,
              "code": "cy.visit('https://demo.automationtesting.in/JqueryProgressBar.html');\ncy.get('#downloadButton').click();\n//canceling\ncy.get('.ui-progressbar-overlay').should('be.visible');\ncy.get('.progress-label').should('contain.text', 'Current Progress');\ncy.get('.ui-dialog-buttonset > button').should('contain.text', 'Cancel').click();\ncy.get('#downloadButton').should('be.enabled');\n//aftercompleting\ncy.get('#downloadButton').click().then(() => {\n  cy.get('#progressbar', {\n    timeout: 10000\n  }).should($progressBar => {\n    expect($progressBar).to.have.attr('aria-valuenow', '100');\n  }).as('progressBarValue');\n});\ncy.get('@progressBarValue').then(() => {\n  cy.get('.progress-label').should('have.text', 'Complete!').then(() => {\n    cy.get('.ui-dialog-buttonset > button').should('have.text', 'Close');\n  });\n  cy.get('.ui-dialog-buttonset > button').click();\n});\n//once dialogue is closed\ncy.get('#downloadButton').should('be.enabled');",
              "err": {},
              "uuid": "05fb3574-c3c3-4fe4-a86a-ba90bca070b6",
              "parentUUID": "1d7151c3-482b-416b-9796-d9c2953ef46c",
              "isHook": false,
              "skipped": false
            },
            {
              "title": "Verify the functionality of the Loader",
              "fullTitle": "Verify the functionality of the JqueryProgressBar, Loader, and Progress bar Verify the functionality of the Loader",
              "timedOut": null,
              "duration": 28069,
              "state": "failed",
              "speed": null,
              "pass": false,
              "fail": true,
              "pending": false,
              "context": null,
              "code": "cy.visit('https://demo.automationtesting.in/Loader.html');\ncy.get('#loader').click().then(() => {\n  cy.get('.blockMsg > h1').should('contain.text', 'Please wait').then(() => {\n    cy.get('.modal-title', {\n      timeout: 25000\n    }).should('be.visible').should('contain.text', 'title');\n    cy.get('.close').should('be.visible');\n    cy.get('p').should('be.visible');\n    cy.get('.btn-default').should('be.visible');\n    cy.get('.modal-footer > .btn-primary').should('be.visible').click();\n    cy.get('.modal-content').should('not.be.visible');\n  });\n});",
              "err": {
                "message": "AssertionError: Timed out retrying after 25000ms: expected '<h4.modal-title>' to be 'visible'\n\nThis element `<h4.modal-title>` is not visible because its parent `<div#myModal.modal.fade>` has CSS property: `display: none`",
                "estack": "AssertionError: Timed out retrying after 25000ms: expected '<h4.modal-title>' to be 'visible'\n\nThis element `<h4.modal-title>` is not visible because its parent `<div#myModal.modal.fade>` has CSS property: `display: none`\n    at Context.eval (webpack:///./cypress/e2e/moreBarFunctionality.cy.js:41:59)",
                "diff": null
              },
              "uuid": "3af07f8c-77b8-4649-bec8-9cb6eff7b01e",
              "parentUUID": "1d7151c3-482b-416b-9796-d9c2953ef46c",
              "isHook": false,
              "skipped": false
            },
            {
              "title": "Verify the functionality of the ProgressBar",
              "fullTitle": "Verify the functionality of the JqueryProgressBar, Loader, and Progress bar Verify the functionality of the ProgressBar",
              "timedOut": null,
              "duration": 11631,
              "state": "passed",
              "speed": "slow",
              "pass": true,
              "fail": false,
              "pending": false,
              "context": null,
              "code": "cy.visit('https://demo.automationtesting.in/ProgressBar.html');\ncy.get('#cricle-btn').click().then(() => {\n  cy.get('.progressbar-text', {\n    timeout: 10000\n  }).should('contain.text', '100');\n});",
              "err": {},
              "uuid": "2b5079a9-0470-4727-acbb-19b6a682ba83",
              "parentUUID": "1d7151c3-482b-416b-9796-d9c2953ef46c",
              "isHook": false,
              "skipped": false
            }
          ],
          "suites": [],
          "passes": [
            "05fb3574-c3c3-4fe4-a86a-ba90bca070b6",
            "2b5079a9-0470-4727-acbb-19b6a682ba83"
          ],
          "failures": [
            "3af07f8c-77b8-4649-bec8-9cb6eff7b01e"
          ],
          "pending": [],
          "skipped": [],
          "duration": 51242,
          "root": false,
          "rootEmpty": false,
          "_timeout": 2000
        }
      ],
      "passes": [],
      "failures": [],
      "pending": [],
      "skipped": [],
      "duration": 0,
      "root": true,
      "rootEmpty": true,
      "_timeout": 2000
    }
  ],
  "meta": {
    "mocha": {
      "version": "7.0.1"
    },
    "mochawesome": {
      "options": {
        "quiet": false,
        "reportFilename": "mochawesome",
        "saveHtml": false,
        "saveJson": true,
        "consoleReporter": "spec",
        "useInlineDiffs": false,
        "code": true
      },
      "version": "7.1.3"
    },
    "marge": {
      "options": {
        "charts": true,
        "overwrite": false,
        "html": false,
        "json": true,
        "reportDir": "cypress/report/mochawesome-report"
      },
      "version": "6.2.0"
    }
  }
}