{
  "stats": {
    "suites": 1,
    "tests": 2,
    "passes": 2,
    "pending": 0,
    "failures": 0,
    "start": "2023-04-10T09:03:20.317Z",
    "end": "2023-04-10T09:03:31.451Z",
    "duration": 11134,
    "testsRegistered": 2,
    "passPercent": 100,
    "pendingPercent": 0,
    "other": 0,
    "hasOther": false,
    "skipped": 0,
    "hasSkipped": false
  },
  "results": [
    {
      "uuid": "d6c650bd-d7a4-449d-bb57-60e6dcdf3d5c",
      "title": "",
      "fullFile": "cypress/e2e/uploadNdownload.cy.js",
      "file": "cypress/e2e/uploadNdownload.cy.js",
      "beforeHooks": [],
      "afterHooks": [],
      "tests": [],
      "suites": [
        {
          "uuid": "67bf9ce3-c3b3-4382-9b48-4e242e5522a3",
          "title": "verify file upload and download functionality by generating a .txt file",
          "fullFile": "",
          "file": "",
          "beforeHooks": [],
          "afterHooks": [],
          "tests": [
            {
              "title": "Verify the file upload functionality",
              "fullTitle": "verify file upload and download functionality by generating a .txt file Verify the file upload functionality",
              "timedOut": null,
              "duration": 2131,
              "state": "passed",
              "speed": "fast",
              "pass": true,
              "fail": false,
              "pending": false,
              "context": null,
              "code": "cy.visit('https://demo.automationtesting.in/FileUpload.html');\ncy.get('#input-4').attachFile('Data.txt');\ncy.get('.fileinput-upload').should('be.visible').and('be.enabled').click();\n//unable to assert since clicking on upload is not returning anything",
              "err": {},
              "uuid": "aa563bcb-cbe5-4d59-9c0c-19bc66f3bbe0",
              "parentUUID": "67bf9ce3-c3b3-4382-9b48-4e242e5522a3",
              "isHook": false,
              "skipped": false
            },
            {
              "title": "Verify the file download functionality",
              "fullTitle": "verify file upload and download functionality by generating a .txt file Verify the file download functionality",
              "timedOut": null,
              "duration": 7993,
              "state": "passed",
              "speed": "medium",
              "pass": true,
              "fail": false,
              "pending": false,
              "context": null,
              "code": "cy.visit('https://demo.automationtesting.in/FileDownload.html');\n//Direct download\n//for page to stop waiting for another pag eto load we use the following\ncy.window().document().then(function (doc) {\n  doc.addEventListener('click', () => {\n    // this adds a listener that reloads your page \n    // after 5 seconds from clicking the download button\n    setTimeout(function () {\n      doc.location.reload();\n    }, 5000);\n  });\n});\ncy.get('.btn-primary').click();\n// cy.readFile('./cypress/downloads/samplefile.pdf').should('exist')  //causing lot of memory to read so will just check if file is generated\ncy.verifyDownload('samplefile.pdf');\n//Txt file download\ncy.get('#textbox').type('Cypress testing is the latest trend TEXT!');\ncy.get('#createTxt').should('be.enabled').click();\ncy.get('#link-to-download').should('be.visible').click();\ncy.readFile('./cypress/downloads/info.txt').should('contain', 'Cypress testing is the latest trend TEXT!');\n//pdf File download\ncy.get('#pdfbox').type('Cypress testing is the latest trend PDF!');\ncy.get('#createPdf').should('be.enabled').click();\ncy.get('#pdf-link-to-download').should('be.visible').click();\ncy.readFile('./cypress/downloads/info.pdf').should('contain', 'Cypress testing is the latest trend PDF!');",
              "err": {},
              "uuid": "7bab2ba4-47c1-4ea6-9ec2-150260b9c3db",
              "parentUUID": "67bf9ce3-c3b3-4382-9b48-4e242e5522a3",
              "isHook": false,
              "skipped": false
            }
          ],
          "suites": [],
          "passes": [
            "aa563bcb-cbe5-4d59-9c0c-19bc66f3bbe0",
            "7bab2ba4-47c1-4ea6-9ec2-150260b9c3db"
          ],
          "failures": [],
          "pending": [],
          "skipped": [],
          "duration": 10124,
          "root": false,
          "rootEmpty": false,
          "_timeout": 2000
        }
      ],
      "passes": [],
      "failures": [],
      "pending": [],
      "skipped": [],
      "duration": 0,
      "root": true,
      "rootEmpty": true,
      "_timeout": 2000
    }
  ],
  "meta": {
    "mocha": {
      "version": "7.0.1"
    },
    "mochawesome": {
      "options": {
        "quiet": false,
        "reportFilename": "mochawesome",
        "saveHtml": false,
        "saveJson": true,
        "consoleReporter": "spec",
        "useInlineDiffs": false,
        "code": true
      },
      "version": "7.1.3"
    },
    "marge": {
      "options": {
        "charts": true,
        "overwrite": false,
        "html": false,
        "json": true,
        "reportDir": "cypress/report/mochawesome-report"
      },
      "version": "6.2.0"
    }
  }
}