{
  "stats": {
    "suites": 1,
    "tests": 3,
    "passes": 2,
    "pending": 0,
    "failures": 1,
    "start": "2023-04-10T09:01:14.451Z",
    "end": "2023-04-10T09:01:27.778Z",
    "duration": 13327,
    "testsRegistered": 3,
    "passPercent": 66.66666666666666,
    "pendingPercent": 0,
    "other": 0,
    "hasOther": false,
    "skipped": 0,
    "hasSkipped": false
  },
  "results": [
    {
      "uuid": "8582b169-930c-41c3-9ebd-0cc22c792337",
      "title": "",
      "fullFile": "cypress/e2e/alerts.cy.js",
      "file": "cypress/e2e/alerts.cy.js",
      "beforeHooks": [],
      "afterHooks": [],
      "tests": [],
      "suites": [
        {
          "uuid": "2396c90d-0eaf-44fb-902a-7ab0e473669a",
          "title": "Access the alerts and verify the functionality of the three alert options provided",
          "fullFile": "",
          "file": "",
          "beforeHooks": [],
          "afterHooks": [],
          "tests": [
            {
              "title": "Verify Alert with OK",
              "fullTitle": "Access the alerts and verify the functionality of the three alert options provided Verify Alert with OK",
              "timedOut": null,
              "duration": 3821,
              "state": "passed",
              "speed": "fast",
              "pass": true,
              "fail": false,
              "pending": false,
              "context": null,
              "code": "cy.contains('Alert with OK').click();\ncy.get('#OKTab > .btn').click();\n//validating alert message    \ncy.on('window:alert', alertText => {\n  expect(alertText).to.contains('I am an alert box!');\n});\n//verifying if cursor can click another element on webpage\ncy.get(\"[href='#CancelTab']\").click();",
              "err": {},
              "uuid": "469cdcb2-f698-4f53-ad37-6feed695d0bf",
              "parentUUID": "2396c90d-0eaf-44fb-902a-7ab0e473669a",
              "isHook": false,
              "skipped": false
            },
            {
              "title": "Verify Confirm box",
              "fullTitle": "Access the alerts and verify the functionality of the three alert options provided Verify Confirm box",
              "timedOut": null,
              "duration": 3243,
              "state": "passed",
              "speed": "fast",
              "pass": true,
              "fail": false,
              "pending": false,
              "context": null,
              "code": "cy.get(\"[href='#CancelTab']\").click();\ncy.get('.btn-primary').click();\n//validating confirm text\ncy.on('window:confirm', confirmText => {\n  //assertions\n  expect(confirmText).to.contains('Press a Button !');\n  return true;\n});\ncy.get('#demo').contains('You pressed Ok');\n//verifying if cursor can click another element on webpage\ncy.get(\"[href='#Textbox']\").click();",
              "err": {},
              "uuid": "5991ca9a-5e2f-419c-951f-13ec2581f300",
              "parentUUID": "2396c90d-0eaf-44fb-902a-7ab0e473669a",
              "isHook": false,
              "skipped": false
            },
            {
              "title": "Verify prompt box",
              "fullTitle": "Access the alerts and verify the functionality of the three alert options provided Verify prompt box",
              "timedOut": null,
              "duration": 5214,
              "state": "failed",
              "speed": null,
              "pass": false,
              "fail": true,
              "pending": false,
              "context": null,
              "code": "cy.get(\"[href='#Textbox']\").click();\ncy.get('.btn-info').click();\n//validating prompt text and entering data\ncy.window().then(function (promptWin) {\n  cy.stub(promptWin, 'prompt').returns('Mr.Bean');\n  cy.contains('Please enter your name').click();\n});\n// cy.window().then(function (win) {\n//     cy.stub(win, 'prompt').returns('Mr.Bean')\n//     cy.get('#demo').then(($demo) => {\n//         const oldAlert = win.alert\n//         win.alert = function (msg) {\n//             $demo.text(msg)\n//             oldAlert.call(win, msg)\n//         }\n//         cy.get('#prompt-demo').click()\n//     })\n// })\ncy.get('#demo1').contains('Hello Mr.Bean How are you today ');",
              "err": {
                "message": "AssertionError: Timed out retrying after 4000ms: Expected to find content: 'Please enter your name' but never did.",
                "estack": "AssertionError: Timed out retrying after 4000ms: Expected to find content: 'Please enter your name' but never did.\n    at Context.eval (webpack:///./cypress/e2e/alerts.cy.js:51:15)",
                "diff": null
              },
              "uuid": "e9dcc725-f742-46cb-b731-b398642e6ad7",
              "parentUUID": "2396c90d-0eaf-44fb-902a-7ab0e473669a",
              "isHook": false,
              "skipped": false
            }
          ],
          "suites": [],
          "passes": [
            "469cdcb2-f698-4f53-ad37-6feed695d0bf",
            "5991ca9a-5e2f-419c-951f-13ec2581f300"
          ],
          "failures": [
            "e9dcc725-f742-46cb-b731-b398642e6ad7"
          ],
          "pending": [],
          "skipped": [],
          "duration": 12278,
          "root": false,
          "rootEmpty": false,
          "_timeout": 2000
        }
      ],
      "passes": [],
      "failures": [],
      "pending": [],
      "skipped": [],
      "duration": 0,
      "root": true,
      "rootEmpty": true,
      "_timeout": 2000
    }
  ],
  "meta": {
    "mocha": {
      "version": "7.0.1"
    },
    "mochawesome": {
      "options": {
        "quiet": false,
        "reportFilename": "mochawesome",
        "saveHtml": false,
        "saveJson": true,
        "consoleReporter": "spec",
        "useInlineDiffs": false,
        "code": true
      },
      "version": "7.1.3"
    },
    "marge": {
      "options": {
        "charts": true,
        "overwrite": false,
        "html": false,
        "json": true,
        "reportDir": "cypress/report/mochawesome-report"
      },
      "version": "6.2.0"
    }
  }
}