{
  "stats": {
    "suites": 1,
    "tests": 3,
    "passes": 1,
    "pending": 0,
    "failures": 2,
    "start": "2023-04-10T06:53:45.709Z",
    "end": "2023-04-10T06:54:13.678Z",
    "duration": 27969,
    "testsRegistered": 3,
    "passPercent": 33.33333333333333,
    "pendingPercent": 0,
    "other": 0,
    "hasOther": false,
    "skipped": 0,
    "hasSkipped": false
  },
  "results": [
    {
      "uuid": "14a5f7ff-69e2-447f-90a2-c8fcbafdddc2",
      "title": "",
      "fullFile": "cypress/e2e/windows.cy.js",
      "file": "cypress/e2e/windows.cy.js",
      "beforeHooks": [],
      "afterHooks": [],
      "tests": [],
      "suites": [
        {
          "uuid": "e30712c5-ab98-4b69-9c10-c46bef1308d9",
          "title": "Access the windows and verify the functionality of the three window options provided",
          "fullFile": "",
          "file": "",
          "beforeHooks": [],
          "afterHooks": [],
          "tests": [
            {
              "title": "Verify new tab window",
              "fullTitle": "Access the windows and verify the functionality of the three window options provided Verify new tab window",
              "timedOut": null,
              "duration": 14645,
              "state": "failed",
              "speed": null,
              "pass": false,
              "fail": true,
              "pending": false,
              "context": null,
              "code": "Cypress.config('pageLoadTimeout', 10000);\ncy.get(\"[href='#Tabbed']\").click();\n// // remove the target via dev tools, the link properly opens in the same browser tab. \n// // But this doesn't happen when I use invoke('removeAttr', 'target')\ncy.get(\"[href='http://www.selenium.dev']\").invoke(\"removeAttr\", \"target\").click();\n//validating the new page\ncy.get('h1').should('contains.text', 'Selenium automates browsers');",
              "err": {
                "message": "CypressError: Timed out after waiting `10000ms` for your remote page to load.\n\nYour page did not fire its `load` event within `10000ms`.\n\nYou can try increasing the `pageLoadTimeout` value in `cypress.config.js` to wait longer.\n\nBrowsers will not fire the `load` event until all stylesheets and scripts are done downloading.\n\nWhen this `load` event occurs, Cypress will continue running commands.",
                "estack": "CypressError: Timed out after waiting `10000ms` for your remote page to load.\n\nYour page did not fire its `load` event within `10000ms`.\n\nYou can try increasing the `pageLoadTimeout` value in `cypress.config.js` to wait longer.\n\nBrowsers will not fire the `load` event until all stylesheets and scripts are done downloading.\n\nWhen this `load` event occurs, Cypress will continue running commands.\n    at timedOutWaitingForPageLoad (https://demo.automationtesting.in/__cypress/runner/cypress_runner.js:137295:72)\n    at <unknown> (https://demo.automationtesting.in/__cypress/runner/cypress_runner.js:137593:16)\n    at tryCatcher (https://demo.automationtesting.in/__cypress/runner/cypress_runner.js:8914:23)\n    at <unknown> (https://demo.automationtesting.in/__cypress/runner/cypress_runner.js:4036:41)\n    at tryCatcher (https://demo.automationtesting.in/__cypress/runner/cypress_runner.js:8914:23)\n    at Promise._settlePromiseFromHandler (https://demo.automationtesting.in/__cypress/runner/cypress_runner.js:6849:31)\n    at Promise._settlePromise (https://demo.automationtesting.in/__cypress/runner/cypress_runner.js:6906:18)\n    at Promise._settlePromise0 (https://demo.automationtesting.in/__cypress/runner/cypress_runner.js:6951:10)\n    at Promise._settlePromises (https://demo.automationtesting.in/__cypress/runner/cypress_runner.js:7027:18)\n    at _drainQueueStep (https://demo.automationtesting.in/__cypress/runner/cypress_runner.js:3621:12)\n    at _drainQueue (https://demo.automationtesting.in/__cypress/runner/cypress_runner.js:3614:9)\n    at ../../node_modules/bluebird/js/release/async.js.Async._drainQueues (https://demo.automationtesting.in/__cypress/runner/cypress_runner.js:3630:5)\n    at Async.drainQueues (https://demo.automationtesting.in/__cypress/runner/cypress_runner.js:3500:14)\nFrom Your Spec Code:\n    at Context.eval (webpack:///./cypress/e2e/windows.cy.js:26:11)",
                "diff": null
              },
              "uuid": "8c2c9b7a-5519-47a3-ba36-5310012919ec",
              "parentUUID": "e30712c5-ab98-4b69-9c10-c46bef1308d9",
              "isHook": false,
              "skipped": false
            },
            {
              "title": "Verify new seperate window",
              "fullTitle": "Access the windows and verify the functionality of the three window options provided Verify new seperate window",
              "timedOut": null,
              "duration": 8159,
              "state": "failed",
              "speed": null,
              "pass": false,
              "fail": true,
              "pending": false,
              "context": null,
              "code": "cy.get('#Seperate > .btn').click();\ncy.window().then(function (win) {\n  cy.stub(win, 'open').returns(url => {\n    win.location.href = 'https://www.selenium.dev/';\n  }).as(\"popup\");\n});\ncy.get('.btn-primary').click();\ncy.get('@popup').should(\"be.called\");\n//validating the new page\ncy.get('h1').should('contain.text', 'Selenium');",
              "err": {
                "message": "CypressError: Timed out retrying after 4050ms: `cy.click()` failed because this element is not visible:\n\n`<button class=\"btn btn-primary\" onclick=\"newwindow()\">click</button>`\n\nThis element `<button.btn.btn-primary>` is not visible because its parent `<div#Seperate.tab-pane.col-md-6.col-md-offset-1.col-xs-4.col-xs-offset-1>` has CSS property: `display: none`\n\nFix this problem, or use `{force: true}` to disable error checking.\n\nhttps://on.cypress.io/element-cannot-be-interacted-with",
                "estack": "CypressError: Timed out retrying after 4050ms: `cy.click()` failed because this element is not visible:\n\n`<button class=\"btn btn-primary\" onclick=\"newwindow()\">click</button>`\n\nThis element `<button.btn.btn-primary>` is not visible because its parent `<div#Seperate.tab-pane.col-md-6.col-md-offset-1.col-xs-4.col-xs-offset-1>` has CSS property: `display: none`\n\nFix this problem, or use `{force: true}` to disable error checking.\n\nhttps://on.cypress.io/element-cannot-be-interacted-with\n    at runVisibilityCheck (https://demo.automationtesting.in/__cypress/runner/cypress_runner.js:151959:66)\n    at Object.isStrictlyVisible (https://demo.automationtesting.in/__cypress/runner/cypress_runner.js:151973:10)\n    at runAllChecks (https://demo.automationtesting.in/__cypress/runner/cypress_runner.js:130563:26)\n    at retryActionability (https://demo.automationtesting.in/__cypress/runner/cypress_runner.js:130631:16)\n    at tryCatcher (https://demo.automationtesting.in/__cypress/runner/cypress_runner.js:8914:23)\n    at Promise.attempt.Promise.try (https://demo.automationtesting.in/__cypress/runner/cypress_runner.js:6188:29)\n    at whenStable (https://demo.automationtesting.in/__cypress/runner/cypress_runner.js:146742:65)\n    at <unknown> (https://demo.automationtesting.in/__cypress/runner/cypress_runner.js:146183:14)\n    at tryCatcher (https://demo.automationtesting.in/__cypress/runner/cypress_runner.js:8914:23)\n    at Promise._settlePromiseFromHandler (https://demo.automationtesting.in/__cypress/runner/cypress_runner.js:6849:31)\n    at Promise._settlePromise (https://demo.automationtesting.in/__cypress/runner/cypress_runner.js:6906:18)\n    at Promise._settlePromise0 (https://demo.automationtesting.in/__cypress/runner/cypress_runner.js:6951:10)\n    at Promise._settlePromises (https://demo.automationtesting.in/__cypress/runner/cypress_runner.js:7031:18)\n    at Promise._fulfill (https://demo.automationtesting.in/__cypress/runner/cypress_runner.js:6975:18)\n    at <unknown> (https://demo.automationtesting.in/__cypress/runner/cypress_runner.js:8589:46)\nFrom Your Spec Code:\n    at Context.eval (webpack:///./cypress/e2e/windows.cy.js:32:35)",
                "diff": null
              },
              "uuid": "31bf0b93-f9d2-487d-a6ba-8101c9109725",
              "parentUUID": "e30712c5-ab98-4b69-9c10-c46bef1308d9",
              "isHook": false,
              "skipped": false
            },
            {
              "title": "Verify multiple window box",
              "fullTitle": "Access the windows and verify the functionality of the three window options provided Verify multiple window box",
              "timedOut": null,
              "duration": 3992,
              "state": "passed",
              "speed": "fast",
              "pass": true,
              "fail": false,
              "pending": false,
              "context": null,
              "code": "cy.get(\"[href='#Multiple']\").click();\ncy.get('#Multiple > .btn').invoke(\"removeAttr\", \"onclick\").click();",
              "err": {},
              "uuid": "c9646dfb-3a88-4486-9b78-aea7b9e0fae0",
              "parentUUID": "e30712c5-ab98-4b69-9c10-c46bef1308d9",
              "isHook": false,
              "skipped": false
            }
          ],
          "suites": [],
          "passes": [
            "c9646dfb-3a88-4486-9b78-aea7b9e0fae0"
          ],
          "failures": [
            "8c2c9b7a-5519-47a3-ba36-5310012919ec",
            "31bf0b93-f9d2-487d-a6ba-8101c9109725"
          ],
          "pending": [],
          "skipped": [],
          "duration": 26796,
          "root": false,
          "rootEmpty": false,
          "_timeout": 2000
        }
      ],
      "passes": [],
      "failures": [],
      "pending": [],
      "skipped": [],
      "duration": 0,
      "root": true,
      "rootEmpty": true,
      "_timeout": 2000
    }
  ],
  "meta": {
    "mocha": {
      "version": "7.0.1"
    },
    "mochawesome": {
      "options": {
        "quiet": false,
        "reportFilename": "mochawesome",
        "saveHtml": false,
        "saveJson": true,
        "consoleReporter": "spec",
        "useInlineDiffs": false,
        "code": true
      },
      "version": "7.1.3"
    },
    "marge": {
      "options": {
        "charts": true,
        "overwrite": false,
        "html": false,
        "json": true,
        "reportDir": "cypress/report/mochawesome-report"
      },
      "version": "6.2.0"
    }
  }
}