{
  "stats": {
    "suites": 1,
    "tests": 1,
    "passes": 1,
    "pending": 0,
    "failures": 0,
    "start": "2023-04-10T06:50:35.468Z",
    "end": "2023-04-10T06:50:44.440Z",
    "duration": 8972,
    "testsRegistered": 1,
    "passPercent": 100,
    "pendingPercent": 0,
    "other": 0,
    "hasOther": false,
    "skipped": 0,
    "hasSkipped": false
  },
  "results": [
    {
      "uuid": "edb95490-57b3-473a-a984-0f737d56f343",
      "title": "",
      "fullFile": "cypress/e2e/dynamicData.cy.js",
      "file": "cypress/e2e/dynamicData.cy.js",
      "beforeHooks": [],
      "afterHooks": [],
      "tests": [],
      "suites": [
        {
          "uuid": "a6b35a9b-937f-4981-b455-1d363318f85e",
          "title": "verify the dynamic data functionality for at least three instances",
          "fullFile": "",
          "file": "",
          "beforeHooks": [],
          "afterHooks": [],
          "tests": [
            {
              "title": "Verify the dynamic data",
              "fullTitle": "verify the dynamic data functionality for at least three instances Verify the dynamic data",
              "timedOut": null,
              "duration": 7961,
              "state": "passed",
              "speed": "medium",
              "pass": true,
              "fail": false,
              "pending": false,
              "context": null,
              "code": "cy.visit('https://demo.automationtesting.in/DynamicData.html');\n// cy.get('#save').click()\ncy.intercept({\n  method: 'GET',\n  url: ' https://api.randomuser.me/?nat=us'\n}).as('randomData');\n//looping for 3 random user clicks\nfor (let i = 0; i < 3; i++) {\n  cy.get('#save').click();\n  cy.wait('@randomData').its('response.statusCode').should('eq', 200);\n  cy.get('#loading > img').should('have.attr', 'src').and('include', 'https://randomuser.me/api/portraits/');\n}",
              "err": {},
              "uuid": "5c4f512b-7504-47fb-b052-b8bf66d89255",
              "parentUUID": "a6b35a9b-937f-4981-b455-1d363318f85e",
              "isHook": false,
              "skipped": false
            }
          ],
          "suites": [],
          "passes": [
            "5c4f512b-7504-47fb-b052-b8bf66d89255"
          ],
          "failures": [],
          "pending": [],
          "skipped": [],
          "duration": 7961,
          "root": false,
          "rootEmpty": false,
          "_timeout": 2000
        }
      ],
      "passes": [],
      "failures": [],
      "pending": [],
      "skipped": [],
      "duration": 0,
      "root": true,
      "rootEmpty": true,
      "_timeout": 2000
    }
  ],
  "meta": {
    "mocha": {
      "version": "7.0.1"
    },
    "mochawesome": {
      "options": {
        "quiet": false,
        "reportFilename": "mochawesome",
        "saveHtml": false,
        "saveJson": true,
        "consoleReporter": "spec",
        "useInlineDiffs": false,
        "code": true
      },
      "version": "7.1.3"
    },
    "marge": {
      "options": {
        "charts": true,
        "overwrite": false,
        "html": false,
        "json": true,
        "reportDir": "cypress/report/mochawesome-report"
      },
      "version": "6.2.0"
    }
  }
}