{
  "stats": {
    "suites": 1,
    "tests": 2,
    "passes": 2,
    "pending": 0,
    "failures": 0,
    "start": "2023-04-10T09:01:32.400Z",
    "end": "2023-04-10T09:01:36.742Z",
    "duration": 4342,
    "testsRegistered": 2,
    "passPercent": 100,
    "pendingPercent": 0,
    "other": 0,
    "hasOther": false,
    "skipped": 0,
    "hasSkipped": false
  },
  "results": [
    {
      "uuid": "90474cf4-03ae-47dc-a882-9d31cf6b8509",
      "title": "",
      "fullFile": "cypress/e2e/dragNdrop.cy.js",
      "file": "cypress/e2e/dragNdrop.cy.js",
      "beforeHooks": [],
      "afterHooks": [],
      "tests": [],
      "suites": [
        {
          "uuid": "f96eced7-99cb-44c9-a9fa-fb53fe9e135a",
          "title": "Verify the functionality of both static and dynamic drag and drop options",
          "fullFile": "",
          "file": "",
          "beforeHooks": [],
          "afterHooks": [],
          "tests": [
            {
              "title": "Verify static drag & drop",
              "fullTitle": "Verify the functionality of both static and dynamic drag and drop options Verify static drag & drop",
              "timedOut": null,
              "duration": 2187,
              "state": "passed",
              "speed": "fast",
              "pass": true,
              "fail": false,
              "pending": false,
              "context": null,
              "code": "cy.visit('https://demo.automationtesting.in/Static.html');\n//drag the first logo in the field\ncy.get('#angular').trigger('dragstart', {\n  dataTransfer\n});\ncy.get('#droparea').trigger('drop', {\n  dataTransfer\n});\ncy.get('.dragged > #angular').should('have.attr', 'id', 'angular');\n//dragging the second logo\ncy.get('#mongo').trigger('dragstart', {\n  dataTransfer\n});\ncy.get('#droparea').trigger('drop', {\n  dataTransfer\n});\ncy.get('.dragged > #mongo').should('have.attr', 'id', 'mongo');\n//dragging the second logo\ncy.get('#node').trigger('dragstart', {\n  dataTransfer\n});\ncy.get('#droparea').trigger('drop', {\n  dataTransfer\n});\n// cy.get('#node').drag('#droparea')\ncy.get('.dragged > #node').should('have.attr', 'id', 'node');",
              "err": {},
              "uuid": "ca5bc255-eeec-411b-be6e-23ddf237a1de",
              "parentUUID": "f96eced7-99cb-44c9-a9fa-fb53fe9e135a",
              "isHook": false,
              "skipped": false
            },
            {
              "title": "Verify dynamic drag & drop",
              "fullTitle": "Verify the functionality of both static and dynamic drag and drop options Verify dynamic drag & drop",
              "timedOut": null,
              "duration": 1032,
              "state": "passed",
              "speed": "fast",
              "pass": true,
              "fail": false,
              "pending": false,
              "context": null,
              "code": "cy.visit('https://demo.automationtesting.in/Dynamic.html');\n//drag the first logo in the field\ncy.get('#angular').drag('#droparea').then(success => {\n  assert.isTrue(success);\n});\ncy.get('.dragged > #angular').should('have.attr', 'id', 'angular');\n//dragging the second logo\ncy.get('#mongo').trigger('dragstart', {\n  dataTransfer\n});\ncy.get('#droparea').trigger('drop', {\n  dataTransfer\n});\ncy.get('.dragged > #mongo').should('have.attr', 'id', 'mongo');\n//dragging the third logo\ncy.get('#node').trigger('dragstart', {\n  dataTransfer\n});\ncy.get('#droparea').trigger('drop', {\n  dataTransfer\n});\n// cy.get('#node').drag('#droparea')\ncy.get('.dragged > #node').should('have.attr', 'id', 'node');",
              "err": {},
              "uuid": "69be61ec-0b67-4e23-9e8f-38cceab068cf",
              "parentUUID": "f96eced7-99cb-44c9-a9fa-fb53fe9e135a",
              "isHook": false,
              "skipped": false
            }
          ],
          "suites": [],
          "passes": [
            "ca5bc255-eeec-411b-be6e-23ddf237a1de",
            "69be61ec-0b67-4e23-9e8f-38cceab068cf"
          ],
          "failures": [],
          "pending": [],
          "skipped": [],
          "duration": 3219,
          "root": false,
          "rootEmpty": false,
          "_timeout": 2000
        }
      ],
      "passes": [],
      "failures": [],
      "pending": [],
      "skipped": [],
      "duration": 0,
      "root": true,
      "rootEmpty": true,
      "_timeout": 2000
    }
  ],
  "meta": {
    "mocha": {
      "version": "7.0.1"
    },
    "mochawesome": {
      "options": {
        "quiet": false,
        "reportFilename": "mochawesome",
        "saveHtml": false,
        "saveJson": true,
        "consoleReporter": "spec",
        "useInlineDiffs": false,
        "code": true
      },
      "version": "7.1.3"
    },
    "marge": {
      "options": {
        "charts": true,
        "overwrite": false,
        "html": false,
        "json": true,
        "reportDir": "cypress/report/mochawesome-report"
      },
      "version": "6.2.0"
    }
  }
}