{
  "stats": {
    "suites": 1,
    "tests": 2,
    "passes": 2,
    "pending": 0,
    "failures": 0,
    "start": "2023-04-19T07:48:40.770Z",
    "end": "2023-04-19T07:49:27.197Z",
    "duration": 46427,
    "testsRegistered": 2,
    "passPercent": 100,
    "pendingPercent": 0,
    "other": 0,
    "hasOther": false,
    "skipped": 0,
    "hasSkipped": false
  },
  "results": [
    {
      "uuid": "d2a9741d-fcbb-4ae0-b2dd-0eeeef4e34bf",
      "title": "",
      "fullFile": "cypress/e2e/videoSupport.cy.js",
      "file": "cypress/e2e/videoSupport.cy.js",
      "beforeHooks": [],
      "afterHooks": [],
      "tests": [],
      "suites": [
        {
          "uuid": "3256d245-a5cd-4e3a-8942-3f584d662b32",
          "title": "Verify both video options - Youtube and Vimeo",
          "fullFile": "",
          "file": "",
          "beforeHooks": [],
          "afterHooks": [],
          "tests": [
            {
              "title": "Verify Youtube video feature",
              "fullTitle": "Verify both video options - Youtube and Vimeo Verify Youtube video feature",
              "timedOut": null,
              "duration": 13455,
              "state": "passed",
              "speed": "slow",
              "pass": true,
              "fail": false,
              "pending": false,
              "context": null,
              "code": "cy.visit('https://demo.automationtesting.in/Youtube.html');\n//playing the video\ncy.iframe('[src=\"https://www.youtube.com/embed/wPECeNP1BoY\"]').find('.ytp-play-button').as('btn').should('have.attr', 'title').and('include', 'Play');\ncy.get('@btn').click({\n  force: true\n}).should('have.attr', 'data-title-no-tooltip').and('include', 'Pause');\ncy.wait(10000);\n//pausing the video\ncy.get('@btn').click({\n  force: true\n});",
              "err": {},
              "uuid": "b8efe30a-b5af-4435-898a-837b89aa5afe",
              "parentUUID": "3256d245-a5cd-4e3a-8942-3f584d662b32",
              "isHook": false,
              "skipped": false
            },
            {
              "title": "Verify Vimeo video option",
              "fullTitle": "Verify both video options - Youtube and Vimeo Verify Vimeo video option",
              "timedOut": null,
              "duration": 31756,
              "state": "passed",
              "speed": "slow",
              "pass": true,
              "fail": false,
              "pending": false,
              "context": null,
              "code": "cy.visit('https://demo.automationtesting.in/Vimeo.html');\n//playing the video\ncy.iframe('#foo').find('.PlayButton_module_playIcon__af9e9913').as('PlayBtn').should('have.attr', 'data-play-icon', 'true');\ncy.get('@PlayBtn').click();\ncy.wait(10000);\n//Pausing the video\ncy.iframe('#foo').find('.PlayButton_module_pauseIcon__af9e9913').as('PauseBtn').should('have.attr', 'data-pause-icon', 'true');\ncy.get('@PauseBtn').click();",
              "err": {},
              "uuid": "bc410e31-b135-4468-ac5d-2fcb82a05976",
              "parentUUID": "3256d245-a5cd-4e3a-8942-3f584d662b32",
              "isHook": false,
              "skipped": false
            }
          ],
          "suites": [],
          "passes": [
            "b8efe30a-b5af-4435-898a-837b89aa5afe",
            "bc410e31-b135-4468-ac5d-2fcb82a05976"
          ],
          "failures": [],
          "pending": [],
          "skipped": [],
          "duration": 45211,
          "root": false,
          "rootEmpty": false,
          "_timeout": 2000
        }
      ],
      "passes": [],
      "failures": [],
      "pending": [],
      "skipped": [],
      "duration": 0,
      "root": true,
      "rootEmpty": true,
      "_timeout": 2000
    }
  ],
  "meta": {
    "mocha": {
      "version": "7.0.1"
    },
    "mochawesome": {
      "options": {
        "quiet": false,
        "reportFilename": "mochawesome",
        "saveHtml": false,
        "saveJson": true,
        "consoleReporter": "spec",
        "useInlineDiffs": false,
        "code": true
      },
      "version": "7.1.3"
    },
    "marge": {
      "options": {
        "charts": true,
        "overwrite": false,
        "html": false,
        "json": true,
        "reportDir": "cypress/report/mochawesome-report"
      },
      "version": "6.2.0"
    }
  }
}