{
  "stats": {
    "suites": 1,
    "tests": 2,
    "passes": 1,
    "pending": 0,
    "failures": 1,
    "start": "2023-04-19T07:49:59.054Z",
    "end": "2023-04-19T07:50:11.362Z",
    "duration": 12308,
    "testsRegistered": 3,
    "passPercent": 33.33333333333333,
    "pendingPercent": 0,
    "other": 0,
    "hasOther": false,
    "skipped": 1,
    "hasSkipped": true
  },
  "results": [
    {
      "uuid": "1a418289-d267-40ee-b276-f8d175c7cc48",
      "title": "",
      "fullFile": "cypress/e2e/windows.cy.js",
      "file": "cypress/e2e/windows.cy.js",
      "beforeHooks": [],
      "afterHooks": [],
      "tests": [],
      "suites": [
        {
          "uuid": "0f42479c-e232-45be-b7c3-7dff5be09bd2",
          "title": "Access the windows and verify the functionality of the three window options provided",
          "fullFile": "",
          "file": "",
          "beforeHooks": [],
          "afterHooks": [],
          "tests": [
            {
              "title": "Verify new tab window",
              "fullTitle": "Access the windows and verify the functionality of the three window options provided Verify new tab window",
              "timedOut": null,
              "duration": 8592,
              "state": "passed",
              "speed": "medium",
              "pass": true,
              "fail": false,
              "pending": false,
              "context": null,
              "code": "// Cypress.config('pageLoadTimeout', 10000);\ncy.window().document().then(function (doc) {\n  doc.addEventListener('click', () => {\n    // this adds a listener that reloads your page \n    // after 5 seconds from clicking the download button\n    setTimeout(function () {\n      doc.location.reload();\n    }, 5000);\n  });\n});\ncy.get(\"[href='#Tabbed']\").click();\n// // remove the target via dev tools, the link properly opens in the same browser tab. \n// // But this doesn't happen when I use invoke('removeAttr', 'target')\ncy.get(\"[href='http://www.selenium.dev']\").invoke(\"removeAttr\", \"target\").click();\n//validating the new page\ncy.get('h1').should('contains.text', 'Selenium automates browsers');",
              "err": {},
              "uuid": "da2a1564-138c-4a40-81cd-966277824a44",
              "parentUUID": "0f42479c-e232-45be-b7c3-7dff5be09bd2",
              "isHook": false,
              "skipped": false
            },
            {
              "title": "Verify new seperate window",
              "fullTitle": "Access the windows and verify the functionality of the three window options provided Verify new seperate window",
              "timedOut": null,
              "duration": 344,
              "state": "failed",
              "speed": null,
              "pass": false,
              "fail": true,
              "pending": false,
              "context": null,
              "code": "cy.get(':nth-child(2) > .analystic').click();\ncy.window().then(function (win) {\n  cy.stub(win, 'open').returns(url => {\n    win.location.href = 'https://www.selenium.dev/';\n  }).as(\"popup\");\n});\ncy.get('a > .btn').click();\ncy.get('@popup').should(\"be.called\");\n//validating the new page\ncy.get('h1').should('contain.text', 'Selenium');",
              "err": {
                "message": "TypeError: The following error originated from your test code, not from Cypress.\n\n  > Cannot read properties of null (reading 'reload')\n\nWhen Cypress detects uncaught errors originating from your test code it will automatically fail the current test.\n\nBecause this error occurred during a `before each` hook we are skipping the remaining tests in the current suite: `Access the windows and veri...`",
                "estack": "TypeError: The following error originated from your test code, not from Cypress.\n\n  > Cannot read properties of null (reading 'reload')\n\nWhen Cypress detects uncaught errors originating from your test code it will automatically fail the current test.\n\nBecause this error occurred during a `before each` hook we are skipping the remaining tests in the current suite: `Access the windows and veri...`\n    at eval (webpack:///./cypress/e2e/windows.cy.js:19:54)",
                "diff": null
              },
              "uuid": "af06b6bc-5c0c-49fa-99ac-701ae4f98ac6",
              "parentUUID": "0f42479c-e232-45be-b7c3-7dff5be09bd2",
              "isHook": false,
              "skipped": false
            },
            {
              "title": "Verify multiple window box",
              "fullTitle": "Access the windows and verify the functionality of the three window options provided Verify multiple window box",
              "timedOut": null,
              "duration": 0,
              "state": "skipped",
              "speed": null,
              "pass": false,
              "fail": false,
              "pending": false,
              "context": null,
              "code": "cy.get(\"[href='#Multiple']\").click();\ncy.get('#Multiple > .btn').invoke(\"removeAttr\", \"onclick\").click();",
              "err": {},
              "uuid": "eec05fd0-7aae-4521-ad1e-2ea414227cbb",
              "parentUUID": "0f42479c-e232-45be-b7c3-7dff5be09bd2",
              "isHook": false,
              "skipped": true
            }
          ],
          "suites": [],
          "passes": [
            "da2a1564-138c-4a40-81cd-966277824a44"
          ],
          "failures": [
            "af06b6bc-5c0c-49fa-99ac-701ae4f98ac6"
          ],
          "pending": [],
          "skipped": [
            "eec05fd0-7aae-4521-ad1e-2ea414227cbb"
          ],
          "duration": 8936,
          "root": false,
          "rootEmpty": false,
          "_timeout": 2000
        }
      ],
      "passes": [],
      "failures": [],
      "pending": [],
      "skipped": [],
      "duration": 0,
      "root": true,
      "rootEmpty": true,
      "_timeout": 2000
    }
  ],
  "meta": {
    "mocha": {
      "version": "7.0.1"
    },
    "mochawesome": {
      "options": {
        "quiet": false,
        "reportFilename": "mochawesome",
        "saveHtml": false,
        "saveJson": true,
        "consoleReporter": "spec",
        "useInlineDiffs": false,
        "code": true
      },
      "version": "7.1.3"
    },
    "marge": {
      "options": {
        "charts": true,
        "overwrite": false,
        "html": false,
        "json": true,
        "reportDir": "cypress/report/mochawesome-report"
      },
      "version": "6.2.0"
    }
  }
}