{
  "stats": {
    "suites": 1,
    "tests": 1,
    "passes": 1,
    "pending": 0,
    "failures": 0,
    "start": "2023-04-19T07:45:44.547Z",
    "end": "2023-04-19T07:45:48.134Z",
    "duration": 3587,
    "testsRegistered": 1,
    "passPercent": 100,
    "pendingPercent": 0,
    "other": 0,
    "hasOther": false,
    "skipped": 0,
    "hasSkipped": false
  },
  "results": [
    {
      "uuid": "020c8615-f4c7-484b-babd-4a412f6c4ec0",
      "title": "",
      "fullFile": "cypress/e2e/VisualTestPractice_Percy.cy.js",
      "file": "cypress/e2e/VisualTestPractice_Percy.cy.js",
      "beforeHooks": [],
      "afterHooks": [],
      "tests": [],
      "suites": [
        {
          "uuid": "e6fa2ef9-7a0b-4430-bec6-87946b363590",
          "title": "Verify the functionality of both static drag and drop options with Visual test",
          "fullFile": "",
          "file": "",
          "beforeHooks": [],
          "afterHooks": [],
          "tests": [
            {
              "title": "Verify static drag & drop",
              "fullTitle": "Verify the functionality of both static drag and drop options with Visual test Verify static drag & drop",
              "timedOut": null,
              "duration": 2386,
              "state": "passed",
              "speed": "fast",
              "pass": true,
              "fail": false,
              "pending": false,
              "context": null,
              "code": "cy.visit('https://demo.automationtesting.in/Static.html');\n//drag the first logo in the field\ncy.get('#angular').trigger('dragstart', {\n  dataTransfer\n});\ncy.get('#droparea').trigger('drop', {\n  dataTransfer\n});\ncy.get('.dragged > #angular').should('have.attr', 'id', 'angular');\n//dragging the second logo\ncy.get('#mongo').trigger('dragstart', {\n  dataTransfer\n});\ncy.get('#droparea').trigger('drop', {\n  dataTransfer\n});\ncy.get('.dragged > #mongo').should('have.attr', 'id', 'mongo');\n//dragging the third logo\ncy.get('#node').trigger('dragstart', {\n  dataTransfer\n});\ncy.get('#droparea').trigger('drop', {\n  dataTransfer\n});\n// cy.get('#node').drag('#droparea')\ncy.get('.dragged > #node').should('have.attr', 'id', 'node');\ncy.percySnapshot();",
              "err": {},
              "uuid": "b1fe2610-d678-4b0f-9c0b-566da86cce62",
              "parentUUID": "e6fa2ef9-7a0b-4430-bec6-87946b363590",
              "isHook": false,
              "skipped": false
            }
          ],
          "suites": [],
          "passes": [
            "b1fe2610-d678-4b0f-9c0b-566da86cce62"
          ],
          "failures": [],
          "pending": [],
          "skipped": [],
          "duration": 2386,
          "root": false,
          "rootEmpty": false,
          "_timeout": 2000
        }
      ],
      "passes": [],
      "failures": [],
      "pending": [],
      "skipped": [],
      "duration": 0,
      "root": true,
      "rootEmpty": true,
      "_timeout": 2000
    }
  ],
  "meta": {
    "mocha": {
      "version": "7.0.1"
    },
    "mochawesome": {
      "options": {
        "quiet": false,
        "reportFilename": "mochawesome",
        "saveHtml": false,
        "saveJson": true,
        "consoleReporter": "spec",
        "useInlineDiffs": false,
        "code": true
      },
      "version": "7.1.3"
    },
    "marge": {
      "options": {
        "charts": true,
        "overwrite": false,
        "html": false,
        "json": true,
        "reportDir": "cypress/report/mochawesome-report"
      },
      "version": "6.2.0"
    }
  }
}