{
  "stats": {
    "suites": 1,
    "tests": 3,
    "passes": 3,
    "pending": 0,
    "failures": 0,
    "start": "2023-04-19T07:45:51.352Z",
    "end": "2023-04-19T07:45:58.892Z",
    "duration": 7540,
    "testsRegistered": 3,
    "passPercent": 100,
    "pendingPercent": 0,
    "other": 0,
    "hasOther": false,
    "skipped": 0,
    "hasSkipped": false
  },
  "results": [
    {
      "uuid": "74a36539-5eda-4434-bb67-15bf7ff598e0",
      "title": "",
      "fullFile": "cypress/e2e/WYSIWYG.cy.js",
      "file": "cypress/e2e/WYSIWYG.cy.js",
      "beforeHooks": [],
      "afterHooks": [],
      "tests": [],
      "suites": [
        {
          "uuid": "1e4efd22-a01e-4fd4-be81-37ad32b384f5",
          "title": "Verify the format options, image and table properties in the CKEditor under the WYSIWYG menu",
          "fullFile": "",
          "file": "",
          "beforeHooks": [],
          "afterHooks": [],
          "tests": [
            {
              "title": "Verify the format option in CKEditor",
              "fullTitle": "Verify the format options, image and table properties in the CKEditor under the WYSIWYG menu Verify the format option in CKEditor",
              "timedOut": null,
              "duration": 2662,
              "state": "passed",
              "speed": "fast",
              "pass": true,
              "fail": false,
              "pending": false,
              "context": null,
              "code": "cy.frameLoaded('.cke_wysiwyg_frame').should('be.visible');\ncy.iframe('.cke_wysiwyg_frame').clear().type('Cypress Testing {selectAll}');\ncy.get('#cke_35').click(); //bold\ncy.get('#cke_36').click(); //italic\ncy.get('#cke_13').click(); //copy(not permitted)    \n//assertion\ncy.iframe('.cke_wysiwyg_frame').should('contain.text', 'Cypress Testing').and('contain.html', 'strong');",
              "err": {},
              "uuid": "14475491-9071-44fc-b25b-2cf07992472d",
              "parentUUID": "1e4efd22-a01e-4fd4-be81-37ad32b384f5",
              "isHook": false,
              "skipped": false
            },
            {
              "title": "Verify the image option in CKEditor",
              "fullTitle": "Verify the format options, image and table properties in the CKEditor under the WYSIWYG menu Verify the image option in CKEditor",
              "timedOut": null,
              "duration": 1864,
              "state": "passed",
              "speed": "fast",
              "pass": true,
              "fail": false,
              "pending": false,
              "context": null,
              "code": "cy.frameLoaded('.cke_wysiwyg_frame').should('be.visible');\ncy.iframe('.cke_wysiwyg_frame').clear();\ncy.get('#cke_26').click(); //adding image\n//capturing the opened window\ncy.window().then(win => {\n  cy.stub(win, 'open').as('WinOpen');\n});\n//adding the url for the image\ncy.get('#cke_76_textInput').type('https://www.cypress.io/cypress_logo_social.png');\ncy.get('#cke_134_label').click();\n//verifying correct image is loadeed\ncy.get('.cke_wysiwyg_frame').then($editor => {\n  const $editorData = $editor.contents().find('body > p');\n  cy.wrap($editorData).find('img').should('have.attr', 'src').and('include', 'cypress_logo_social');\n});",
              "err": {},
              "uuid": "130f01e0-4576-4043-a09f-a8a8a6b81d70",
              "parentUUID": "1e4efd22-a01e-4fd4-be81-37ad32b384f5",
              "isHook": false,
              "skipped": false
            },
            {
              "title": "Verify the table properties in CKEditor",
              "fullTitle": "Verify the format options, image and table properties in the CKEditor under the WYSIWYG menu Verify the table properties in CKEditor",
              "timedOut": null,
              "duration": 1927,
              "state": "passed",
              "speed": "fast",
              "pass": true,
              "fail": false,
              "pending": false,
              "context": null,
              "code": "cy.frameLoaded('.cke_wysiwyg_frame').should('be.visible');\ncy.iframe('.cke_wysiwyg_frame').clear();\ncy.get('#cke_27').click(); //adding table\n//capturing the opened window\ncy.window().then(win => {\n  cy.stub(win, 'open').as('WinOpen');\n});\n//setting properties for the table\ncy.get('#cke_71_textInput').clear().type('3');\ncy.get('#cke_74_textInput').clear().type('2');\ncy.get('#cke_78_select').select('row');\ncy.get('#cke_84_select').select('center');\ncy.get('#cke_118_label').click();\n//verifying table is added\ncy.get('.cke_wysiwyg_frame').then($editor => {\n  const $editorData = $editor.contents().find('body > table');\n  cy.wrap($editorData).should('contain.html', 'thead');\n});",
              "err": {},
              "uuid": "891c5a8c-7669-48e8-badd-7afbc3a07efd",
              "parentUUID": "1e4efd22-a01e-4fd4-be81-37ad32b384f5",
              "isHook": false,
              "skipped": false
            }
          ],
          "suites": [],
          "passes": [
            "14475491-9071-44fc-b25b-2cf07992472d",
            "130f01e0-4576-4043-a09f-a8a8a6b81d70",
            "891c5a8c-7669-48e8-badd-7afbc3a07efd"
          ],
          "failures": [],
          "pending": [],
          "skipped": [],
          "duration": 6453,
          "root": false,
          "rootEmpty": false,
          "_timeout": 2000
        }
      ],
      "passes": [],
      "failures": [],
      "pending": [],
      "skipped": [],
      "duration": 0,
      "root": true,
      "rootEmpty": true,
      "_timeout": 2000
    }
  ],
  "meta": {
    "mocha": {
      "version": "7.0.1"
    },
    "mochawesome": {
      "options": {
        "quiet": false,
        "reportFilename": "mochawesome",
        "saveHtml": false,
        "saveJson": true,
        "consoleReporter": "spec",
        "useInlineDiffs": false,
        "code": true
      },
      "version": "7.1.3"
    },
    "marge": {
      "options": {
        "charts": true,
        "overwrite": false,
        "html": false,
        "json": true,
        "reportDir": "cypress/report/mochawesome-report"
      },
      "version": "6.2.0"
    }
  }
}