{
  "stats": {
    "suites": 1,
    "tests": 3,
    "passes": 1,
    "pending": 0,
    "failures": 2,
    "start": "2023-04-10T09:04:25.136Z",
    "end": "2023-04-10T09:04:46.414Z",
    "duration": 21278,
    "testsRegistered": 3,
    "passPercent": 33.33333333333333,
    "pendingPercent": 0,
    "other": 0,
    "hasOther": false,
    "skipped": 0,
    "hasSkipped": false
  },
  "results": [
    {
      "uuid": "b98412f7-217f-41d5-af36-1f450b249919",
      "title": "",
      "fullFile": "cypress/e2e/windows.cy.js",
      "file": "cypress/e2e/windows.cy.js",
      "beforeHooks": [],
      "afterHooks": [],
      "tests": [],
      "suites": [
        {
          "uuid": "d6d6a2bf-2451-4be3-ac9d-93698a6fdbea",
          "title": "Access the windows and verify the functionality of the three window options provided",
          "fullFile": "",
          "file": "",
          "beforeHooks": [],
          "afterHooks": [],
          "tests": [
            {
              "title": "Verify new tab window",
              "fullTitle": "Access the windows and verify the functionality of the three window options provided Verify new tab window",
              "timedOut": null,
              "duration": 8946,
              "state": "failed",
              "speed": null,
              "pass": false,
              "fail": true,
              "pending": false,
              "context": null,
              "code": "// Cypress.config('pageLoadTimeout', 10000);\ncy.window().document().then(function (doc) {\n  doc.addEventListener('click', () => {\n    // this adds a listener that reloads your page \n    // after 5 seconds from clicking the download button\n    setTimeout(function () {\n      doc.location.reload();\n    }, 5000);\n  });\n});\ncy.get(\"[href='#Tabbed']\").click();\n// // remove the target via dev tools, the link properly opens in the same browser tab. \n// // But this doesn't happen when I use invoke('removeAttr', 'target')\ncy.get(\"[href='http://www.selenium.dev']\").invoke(\"removeAttr\", \"target\").click();\n//validating the new page\ncy.get('h1').should('contains.text', 'Selenium automates browsers');",
              "err": {
                "message": "TypeError: The following error originated from your test code, not from Cypress.\n\n  > Cannot read properties of null (reading 'reload')\n\nWhen Cypress detects uncaught errors originating from your test code it will automatically fail the current test.",
                "estack": "TypeError: The following error originated from your test code, not from Cypress.\n\n  > Cannot read properties of null (reading 'reload')\n\nWhen Cypress detects uncaught errors originating from your test code it will automatically fail the current test.\n    at eval (webpack:///./cypress/e2e/windows.cy.js:19:54)",
                "diff": null
              },
              "uuid": "211ed1d6-d988-4eaf-bc9b-90e0ca2339f7",
              "parentUUID": "d6d6a2bf-2451-4be3-ac9d-93698a6fdbea",
              "isHook": false,
              "skipped": false
            },
            {
              "title": "Verify new seperate window",
              "fullTitle": "Access the windows and verify the functionality of the three window options provided Verify new seperate window",
              "timedOut": null,
              "duration": 7094,
              "state": "failed",
              "speed": null,
              "pass": false,
              "fail": true,
              "pending": false,
              "context": null,
              "code": "cy.get(':nth-child(2) > .analystic').click();\ncy.window().then(function (win) {\n  cy.stub(win, 'open').returns(url => {\n    win.location.href = 'https://www.selenium.dev/';\n  }).as(\"popup\");\n});\ncy.get('a > .btn').click();\ncy.get('@popup').should(\"be.called\");\n//validating the new page\ncy.get('h1').should('contain.text', 'Selenium');",
              "err": {
                "message": "CypressError: Timed out retrying after 4050ms: `cy.click()` failed because this element is not visible:\n\n`<button class=\"btn btn-info\">click</button>`\n\nThis element `<button.btn.btn-info>` is not visible because its parent `<div#Tabbed.tab-pane.col-md-6.col-md-offset-1.col-xs-4.col-xs-offset-1>` has CSS property: `display: none`\n\nFix this problem, or use `{force: true}` to disable error checking.\n\nhttps://on.cypress.io/element-cannot-be-interacted-with",
                "estack": "CypressError: Timed out retrying after 4050ms: `cy.click()` failed because this element is not visible:\n\n`<button class=\"btn btn-info\">click</button>`\n\nThis element `<button.btn.btn-info>` is not visible because its parent `<div#Tabbed.tab-pane.col-md-6.col-md-offset-1.col-xs-4.col-xs-offset-1>` has CSS property: `display: none`\n\nFix this problem, or use `{force: true}` to disable error checking.\n\nhttps://on.cypress.io/element-cannot-be-interacted-with\n    at runVisibilityCheck (https://demo.automationtesting.in/__cypress/runner/cypress_runner.js:151959:66)\n    at Object.isStrictlyVisible (https://demo.automationtesting.in/__cypress/runner/cypress_runner.js:151973:10)\n    at runAllChecks (https://demo.automationtesting.in/__cypress/runner/cypress_runner.js:130563:26)\n    at retryActionability (https://demo.automationtesting.in/__cypress/runner/cypress_runner.js:130631:16)\n    at tryCatcher (https://demo.automationtesting.in/__cypress/runner/cypress_runner.js:8914:23)\n    at Promise.attempt.Promise.try (https://demo.automationtesting.in/__cypress/runner/cypress_runner.js:6188:29)\n    at whenStable (https://demo.automationtesting.in/__cypress/runner/cypress_runner.js:146742:65)\n    at <unknown> (https://demo.automationtesting.in/__cypress/runner/cypress_runner.js:146183:14)\n    at tryCatcher (https://demo.automationtesting.in/__cypress/runner/cypress_runner.js:8914:23)\n    at Promise._settlePromiseFromHandler (https://demo.automationtesting.in/__cypress/runner/cypress_runner.js:6849:31)\n    at Promise._settlePromise (https://demo.automationtesting.in/__cypress/runner/cypress_runner.js:6906:18)\n    at Promise._settlePromise0 (https://demo.automationtesting.in/__cypress/runner/cypress_runner.js:6951:10)\n    at Promise._settlePromises (https://demo.automationtesting.in/__cypress/runner/cypress_runner.js:7031:18)\n    at Promise._fulfill (https://demo.automationtesting.in/__cypress/runner/cypress_runner.js:6975:18)\n    at <unknown> (https://demo.automationtesting.in/__cypress/runner/cypress_runner.js:8589:46)\nFrom Your Spec Code:\n    at Context.eval (webpack:///./cypress/e2e/windows.cy.js:47:27)",
                "diff": null
              },
              "uuid": "7c980044-c5e2-48e9-b646-9fc43d399614",
              "parentUUID": "d6d6a2bf-2451-4be3-ac9d-93698a6fdbea",
              "isHook": false,
              "skipped": false
            },
            {
              "title": "Verify multiple window box",
              "fullTitle": "Access the windows and verify the functionality of the three window options provided Verify multiple window box",
              "timedOut": null,
              "duration": 4141,
              "state": "passed",
              "speed": "fast",
              "pass": true,
              "fail": false,
              "pending": false,
              "context": null,
              "code": "cy.get(\"[href='#Multiple']\").click();\ncy.get('#Multiple > .btn').invoke(\"removeAttr\", \"onclick\").click();",
              "err": {},
              "uuid": "6e96b4c8-89d6-42f6-a648-4ad331b8c19e",
              "parentUUID": "d6d6a2bf-2451-4be3-ac9d-93698a6fdbea",
              "isHook": false,
              "skipped": false
            }
          ],
          "suites": [],
          "passes": [
            "6e96b4c8-89d6-42f6-a648-4ad331b8c19e"
          ],
          "failures": [
            "211ed1d6-d988-4eaf-bc9b-90e0ca2339f7",
            "7c980044-c5e2-48e9-b646-9fc43d399614"
          ],
          "pending": [],
          "skipped": [],
          "duration": 20181,
          "root": false,
          "rootEmpty": false,
          "_timeout": 2000
        }
      ],
      "passes": [],
      "failures": [],
      "pending": [],
      "skipped": [],
      "duration": 0,
      "root": true,
      "rootEmpty": true,
      "_timeout": 2000
    }
  ],
  "meta": {
    "mocha": {
      "version": "7.0.1"
    },
    "mochawesome": {
      "options": {
        "quiet": false,
        "reportFilename": "mochawesome",
        "saveHtml": false,
        "saveJson": true,
        "consoleReporter": "spec",
        "useInlineDiffs": false,
        "code": true
      },
      "version": "7.1.3"
    },
    "marge": {
      "options": {
        "charts": true,
        "overwrite": false,
        "html": false,
        "json": true,
        "reportDir": "cypress/report/mochawesome-report"
      },
      "version": "6.2.0"
    }
  }
}